[INFO] Scanning for projects...
[INFO] 
[INFO] --------------< com.freelancenexus:notification-service >---------------
[INFO] Building Notification Service 1.0.0
[INFO]   from pom.xml
[INFO] --------------------------------[ jar ]---------------------------------
[INFO] 
[INFO] >>> spring-boot:3.2.0:run (default-cli) > test-compile @ notification-service >>>
[INFO] 
[INFO] --- jacoco:0.8.11:prepare-agent (default) @ notification-service ---
[INFO] argLine set to -javaagent:/home/vscode/.m2/repository/org/jacoco/org.jacoco.agent/0.8.11/org.jacoco.agent-0.8.11-runtime.jar=destfile=/workspaces/FREELANCER-PROJECT/notification-service/target/jacoco.exec
[INFO] 
[INFO] --- resources:3.3.1:resources (default-resources) @ notification-service ---
[INFO] Copying 1 resource from src/main/resources to target/classes
[INFO] Copying 1 resource from src/main/resources to target/classes
[INFO] 
[INFO] --- compiler:3.11.0:compile (default-compile) @ notification-service ---
[INFO] Nothing to compile - all classes are up to date
[INFO] 
[INFO] --- resources:3.3.1:testResources (default-testResources) @ notification-service ---
[INFO] skip non existing resourceDirectory /workspaces/FREELANCER-PROJECT/notification-service/src/test/resources
[INFO] 
[INFO] --- compiler:3.11.0:testCompile (default-testCompile) @ notification-service ---
[INFO] Changes detected - recompiling the module! :source
[INFO] Compiling 6 source files with javac [debug release 17] to target/test-classes
[INFO] -------------------------------------------------------------
[ERROR] COMPILATION ERROR : 
[INFO] -------------------------------------------------------------
[ERROR] /workspaces/FREELANCER-PROJECT/notification-service/src/test/java/com/freelancenexus/notification/controller/NotificationControllerTest.java:[54,47] cannot find symbol
  symbol:   variable INFO
  location: class com.freelancenexus.notification.model.NotificationType
[ERROR] /workspaces/FREELANCER-PROJECT/notification-service/src/test/java/com/freelancenexus/notification/controller/NotificationControllerTest.java:[65,47] cannot find symbol
  symbol:   variable ALERT
  location: class com.freelancenexus.notification.model.NotificationType
[INFO] 2 errors 
[INFO] -------------------------------------------------------------
[INFO] ------------------------------------------------------------------------
[INFO] BUILD FAILURE
[INFO] ------------------------------------------------------------------------
[INFO] Total time:  5.094 s
[INFO] Finished at: 2025-11-12T12:57:26Z
[INFO] ------------------------------------------------------------------------
[ERROR] Failed to execute goal org.apache.maven.plugins:maven-compiler-plugin:3.11.0:testCompile (default-testCompile) on project notification-service: Compilation failure: Compilation failure: 
[ERROR] /workspaces/FREELANCER-PROJECT/notification-service/src/test/java/com/freelancenexus/notification/controller/NotificationControllerTest.java:[54,47] cannot find symbol
[ERROR]   symbol:   variable INFO
[ERROR]   location: class com.freelancenexus.notification.model.NotificationType
[ERROR] /workspaces/FREELANCER-PROJECT/notification-service/src/test/java/com/freelancenexus/notification/controller/NotificationControllerTest.java:[65,47] cannot find symbol
[ERROR]   symbol:   variable ALERT
[ERROR]   location: class com.freelancenexus.notification.model.NotificationType
[ERROR] -> [Help 1]
[ERROR] 
[ERROR] To see the full stack trace of the errors, re-run Maven with the -e switch.
[ERROR] Re-run Maven using the -X switch to enable full debug logging.
[ERROR] 
[ERROR] For more information about the errors and possible solutions, please read the following articles:
[ERROR] [Help 1] http://cwiki.apache.org/confluence/display/MAVEN/MojoFailureException
