[INFO] Scanning for projects...
[INFO] 
[INFO] ------------------< com.freelancenexus:user-service >-------------------
[INFO] Building user-service 1.0.0
[INFO]   from pom.xml
[INFO] --------------------------------[ jar ]---------------------------------
[INFO] 
[INFO] >>> spring-boot:3.2.0:run (default-cli) > test-compile @ user-service >>>
Downloading from central: https://repo.maven.apache.org/maven2/org/springframework/boot/spring-boot-starter-data-jpa/3.2.0/spring-boot-starter-data-jpa-3.2.0.pom
Progress (1): 977 BProgress (1): 2.9 kB                    Downloaded from central: https://repo.maven.apache.org/maven2/org/springframework/boot/spring-boot-starter-data-jpa/3.2.0/spring-boot-starter-data-jpa-3.2.0.pom (2.9 kB at 6.4 kB/s)
Downloading from central: https://repo.maven.apache.org/maven2/org/springframework/boot/spring-boot-starter-aop/3.2.0/spring-boot-starter-aop-3.2.0.pom
Progress (1): 965 BProgress (1): 2.5 kB                    Downloaded from central: https://repo.maven.apache.org/maven2/org/springframework/boot/spring-boot-starter-aop/3.2.0/spring-boot-starter-aop-3.2.0.pom (2.5 kB at 88 kB/s)
Downloading from central: https://repo.maven.apache.org/maven2/org/aspectj/aspectjweaver/1.9.20.1/aspectjweaver-1.9.20.1.pom
Progress (1): 992 BProgress (1): 2.1 kB                    Downloaded from central: https://repo.maven.apache.org/maven2/org/aspectj/aspectjweaver/1.9.20.1/aspectjweaver-1.9.20.1.pom (2.1 kB at 59 kB/s)
Downloading from central: https://repo.maven.apache.org/maven2/org/springframework/boot/spring-boot-starter-jdbc/3.2.0/spring-boot-starter-jdbc-3.2.0.pom
Progress (1): 953 BProgress (1): 2.5 kB                    Downloaded from central: https://repo.maven.apache.org/maven2/org/springframework/boot/spring-boot-starter-jdbc/3.2.0/spring-boot-starter-jdbc-3.2.0.pom (2.5 kB at 77 kB/s)
Downloading from central: https://repo.maven.apache.org/maven2/com/zaxxer/HikariCP/5.0.1/HikariCP-5.0.1.pom
Progress (1): 1.2 kBProgress (1): 2.4 kBProgress (1): 6.0 kBProgress (1): 10 kB Progress (1): 12 kBProgress (1): 15 kBProgress (1): 18 kBProgress (1): 21 kBProgress (1): 24 kBProgress (1): 25 kB                   Downloaded from central: https://repo.maven.apache.org/maven2/com/zaxxer/HikariCP/5.0.1/HikariCP-5.0.1.pom (25 kB at 687 kB/s)
Downloading from central: https://repo.maven.apache.org/maven2/org/springframework/spring-jdbc/6.1.1/spring-jdbc-6.1.1.pom
Progress (1): 1.0 kBProgress (1): 2.4 kB                    Downloaded from central: https://repo.maven.apache.org/maven2/org/springframework/spring-jdbc/6.1.1/spring-jdbc-6.1.1.pom (2.4 kB at 66 kB/s)
Downloading from central: https://repo.maven.apache.org/maven2/org/hibernate/orm/hibernate-core/6.3.1.Final/hibernate-core-6.3.1.Final.pom
Progress (1): 1.1 kBProgress (1): 3.4 kBProgress (1): 5.8 kB                    Downloaded from central: https://repo.maven.apache.org/maven2/org/hibernate/orm/hibernate-core/6.3.1.Final/hibernate-core-6.3.1.Final.pom (5.8 kB at 180 kB/s)
Downloading from central: https://repo.maven.apache.org/maven2/jakarta/persistence/jakarta.persistence-api/3.1.0/jakarta.persistence-api-3.1.0.pom
Progress (1): 861 BProgress (1): 3.0 kBProgress (1): 4.6 kBProgress (1): 8.9 kBProgress (1): 12 kB Progress (1): 15 kBProgress (1): 16 kB                   Downloaded from central: https://repo.maven.apache.org/maven2/jakarta/persistence/jakarta.persistence-api/3.1.0/jakarta.persistence-api-3.1.0.pom (16 kB at 485 kB/s)
Downloading from central: https://repo.maven.apache.org/maven2/jakarta/transaction/jakarta.transaction-api/2.0.1/jakarta.transaction-api-2.0.1.pom
Progress (1): 836 BProgress (1): 2.6 kBProgress (1): 4.0 kBProgress (1): 6.8 kBProgress (1): 10 kB Progress (1): 12 kBProgress (1): 14 kB                   Downloaded from central: https://repo.maven.apache.org/maven2/jakarta/transaction/jakarta.transaction-api/2.0.1/jakarta.transaction-api-2.0.1.pom (14 kB at 505 kB/s)
Downloading from central: https://repo.maven.apache.org/maven2/org/hibernate/common/hibernate-commons-annotations/6.0.6.Final/hibernate-commons-annotations-6.0.6.Final.pom
Progress (1): 966 BProgress (1): 2.1 kB                    Downloaded from central: https://repo.maven.apache.org/maven2/org/hibernate/common/hibernate-commons-annotations/6.0.6.Final/hibernate-commons-annotations-6.0.6.Final.pom (2.1 kB at 65 kB/s)
Downloading from central: https://repo.maven.apache.org/maven2/io/smallrye/jandex/3.1.2/jandex-3.1.2.pom
Progress (1): 1.8 kBProgress (1): 3.7 kBProgress (1): 6.6 kBProgress (1): 7.0 kB                    Downloaded from central: https://repo.maven.apache.org/maven2/io/smallrye/jandex/3.1.2/jandex-3.1.2.pom (7.0 kB at 85 kB/s)
Downloading from central: https://repo.maven.apache.org/maven2/io/smallrye/jandex-parent/3.1.2/jandex-parent-3.1.2.pom
Progress (1): 1.3 kBProgress (1): 3.3 kBProgress (1): 7.2 kB                    Downloaded from central: https://repo.maven.apache.org/maven2/io/smallrye/jandex-parent/3.1.2/jandex-parent-3.1.2.pom (7.2 kB at 238 kB/s)
Downloading from central: https://repo.maven.apache.org/maven2/io/smallrye/smallrye-build-parent/39/smallrye-build-parent-39.pom
Progress (1): 1.1 kBProgress (1): 3.1 kBProgress (1): 4.7 kBProgress (1): 8.7 kBProgress (1): 11 kB Progress (1): 15 kBProgress (1): 18 kBProgress (1): 28 kB                   Downloaded from central: https://repo.maven.apache.org/maven2/io/smallrye/smallrye-build-parent/39/smallrye-build-parent-39.pom (28 kB at 976 kB/s)
Downloading from central: https://repo.maven.apache.org/maven2/org/antlr/antlr4-runtime/4.10.1/antlr4-runtime-4.10.1.pom
Progress (1): 884 BProgress (1): 3.1 kBProgress (1): 3.5 kB                    Downloaded from central: https://repo.maven.apache.org/maven2/org/antlr/antlr4-runtime/4.10.1/antlr4-runtime-4.10.1.pom (3.5 kB at 85 kB/s)
Downloading from central: https://repo.maven.apache.org/maven2/org/antlr/antlr4-master/4.10.1/antlr4-master-4.10.1.pom
Progress (1): 955 BProgress (1): 2.8 kBProgress (1): 4.4 kB                    Downloaded from central: https://repo.maven.apache.org/maven2/org/antlr/antlr4-master/4.10.1/antlr4-master-4.10.1.pom (4.4 kB at 137 kB/s)
Downloading from central: https://repo.maven.apache.org/maven2/org/springframework/data/spring-data-jpa/3.2.0/spring-data-jpa-3.2.0.pom
Progress (1): 1.4 kBProgress (1): 5.2 kBProgress (1): 8.4 kBProgress (1): 11 kB                    Downloaded from central: https://repo.maven.apache.org/maven2/org/springframework/data/spring-data-jpa/3.2.0/spring-data-jpa-3.2.0.pom (11 kB at 417 kB/s)
Downloading from central: https://repo.maven.apache.org/maven2/org/springframework/data/spring-data-jpa-parent/3.2.0/spring-data-jpa-parent-3.2.0.pom
Progress (1): 1.2 kBProgress (1): 2.7 kBProgress (1): 5.8 kBProgress (1): 6.9 kB                    Downloaded from central: https://repo.maven.apache.org/maven2/org/springframework/data/spring-data-jpa-parent/3.2.0/spring-data-jpa-parent-3.2.0.pom (6.9 kB at 167 kB/s)
Downloading from central: https://repo.maven.apache.org/maven2/org/testcontainers/testcontainers-bom/1.19.2/testcontainers-bom-1.19.2.pom
Progress (1): 1.2 kBProgress (1): 9.0 kB                    Downloaded from central: https://repo.maven.apache.org/maven2/org/testcontainers/testcontainers-bom/1.19.2/testcontainers-bom-1.19.2.pom (9.0 kB at 300 kB/s)
Downloading from central: https://repo.maven.apache.org/maven2/org/springframework/spring-orm/6.1.1/spring-orm-6.1.1.pom
Progress (1): 1.0 kBProgress (1): 2.6 kB                    Downloaded from central: https://repo.maven.apache.org/maven2/org/springframework/spring-orm/6.1.1/spring-orm-6.1.1.pom (2.6 kB at 90 kB/s)
Downloading from central: https://repo.maven.apache.org/maven2/org/springframework/spring-aspects/6.1.1/spring-aspects-6.1.1.pom
Progress (1): 1.1 kBProgress (1): 2.0 kB                    Downloaded from central: https://repo.maven.apache.org/maven2/org/springframework/spring-aspects/6.1.1/spring-aspects-6.1.1.pom (2.0 kB at 68 kB/s)
Downloading from central: https://repo.maven.apache.org/maven2/com/h2database/h2/2.2.224/h2-2.2.224.pom
Progress (1): 1.1 kB                    Downloaded from central: https://repo.maven.apache.org/maven2/com/h2database/h2/2.2.224/h2-2.2.224.pom (1.1 kB at 20 kB/s)
Downloading from central: https://repo.maven.apache.org/maven2/org/springframework/boot/spring-boot-starter-oauth2-resource-server/3.2.0/spring-boot-starter-oauth2-resource-server-3.2.0.pom
Progress (1): 966 BProgress (1): 3.0 kB                    Downloaded from central: https://repo.maven.apache.org/maven2/org/springframework/boot/spring-boot-starter-oauth2-resource-server/3.2.0/spring-boot-starter-oauth2-resource-server-3.2.0.pom (3.0 kB at 60 kB/s)
Downloading from central: https://repo.maven.apache.org/maven2/org/springframework/security/spring-security-oauth2-resource-server/6.2.0/spring-security-oauth2-resource-server-6.2.0.pom
Progress (1): 990 BProgress (1): 2.7 kB                    Downloaded from central: https://repo.maven.apache.org/maven2/org/springframework/security/spring-security-oauth2-resource-server/6.2.0/spring-security-oauth2-resource-server-6.2.0.pom (2.7 kB at 80 kB/s)
Downloading from central: https://repo.maven.apache.org/maven2/org/springframework/security/spring-security-oauth2-core/6.2.0/spring-security-oauth2-core-6.2.0.pom
Progress (1): 1.0 kBProgress (1): 2.5 kB                    Downloaded from central: https://repo.maven.apache.org/maven2/org/springframework/security/spring-security-oauth2-core/6.2.0/spring-security-oauth2-core-6.2.0.pom (2.5 kB at 71 kB/s)
Downloading from central: https://repo.maven.apache.org/maven2/org/springframework/security/spring-security-oauth2-jose/6.2.0/spring-security-oauth2-jose-6.2.0.pom
Progress (1): 1.0 kBProgress (1): 2.7 kB                    Downloaded from central: https://repo.maven.apache.org/maven2/org/springframework/security/spring-security-oauth2-jose/6.2.0/spring-security-oauth2-jose-6.2.0.pom (2.7 kB at 90 kB/s)
Downloading from central: https://repo.maven.apache.org/maven2/com/nimbusds/nimbus-jose-jwt/9.24.4/nimbus-jose-jwt-9.24.4.pom
Progress (1): 930 BProgress (1): 3.3 kBProgress (1): 6.3 kBProgress (1): 9.7 kBProgress (1): 12 kB                    Downloaded from central: https://repo.maven.apache.org/maven2/com/nimbusds/nimbus-jose-jwt/9.24.4/nimbus-jose-jwt-9.24.4.pom (12 kB at 419 kB/s)
Downloading from central: https://repo.maven.apache.org/maven2/com/github/stephenc/jcip/jcip-annotations/1.0-1/jcip-annotations-1.0-1.pom
Progress (1): 795 BProgress (1): 2.5 kBProgress (1): 5.4 kB                    Downloaded from central: https://repo.maven.apache.org/maven2/com/github/stephenc/jcip/jcip-annotations/1.0-1/jcip-annotations-1.0-1.pom (5.4 kB at 181 kB/s)
Downloading from central: https://repo.maven.apache.org/maven2/io/jsonwebtoken/jjwt-api/0.11.5/jjwt-api-0.11.5.pom
Progress (1): 855 BProgress (1): 1.8 kB                    Downloaded from central: https://repo.maven.apache.org/maven2/io/jsonwebtoken/jjwt-api/0.11.5/jjwt-api-0.11.5.pom (1.8 kB at 47 kB/s)
Downloading from central: https://repo.maven.apache.org/maven2/io/jsonwebtoken/jjwt-root/0.11.5/jjwt-root-0.11.5.pom
Progress (1): 734 BProgress (1): 2.5 kBProgress (1): 4.9 kBProgress (1): 7.8 kBProgress (1): 12 kB Progress (1): 16 kBProgress (1): 18 kBProgress (1): 23 kBProgress (1): 24 kBProgress (1): 28 kBProgress (1): 29 kB                   Downloaded from central: https://repo.maven.apache.org/maven2/io/jsonwebtoken/jjwt-root/0.11.5/jjwt-root-0.11.5.pom (29 kB at 644 kB/s)
Downloading from central: https://repo.maven.apache.org/maven2/io/jsonwebtoken/jjwt-impl/0.11.5/jjwt-impl-0.11.5.pom
Progress (1): 842 BProgress (1): 2.3 kB                    Downloaded from central: https://repo.maven.apache.org/maven2/io/jsonwebtoken/jjwt-impl/0.11.5/jjwt-impl-0.11.5.pom (2.3 kB at 77 kB/s)
Downloading from central: https://repo.maven.apache.org/maven2/io/jsonwebtoken/jjwt-jackson/0.11.5/jjwt-jackson-0.11.5.pom
Progress (1): 836 BProgress (1): 2.3 kBProgress (1): 3.3 kB                    Downloaded from central: https://repo.maven.apache.org/maven2/io/jsonwebtoken/jjwt-jackson/0.11.5/jjwt-jackson-0.11.5.pom (3.3 kB at 66 kB/s)
Downloading from central: https://repo.maven.apache.org/maven2/org/postgresql/postgresql/42.6.0/postgresql-42.6.0.pom
Progress (1): 1.3 kBProgress (1): 2.7 kB                    Downloaded from central: https://repo.maven.apache.org/maven2/org/postgresql/postgresql/42.6.0/postgresql-42.6.0.pom (2.7 kB at 74 kB/s)
Downloading from central: https://repo.maven.apache.org/maven2/org/checkerframework/checker-qual/3.31.0/checker-qual-3.31.0.pom
Progress (1): 919 BProgress (1): 2.1 kB                    Downloaded from central: https://repo.maven.apache.org/maven2/org/checkerframework/checker-qual/3.31.0/checker-qual-3.31.0.pom (2.1 kB at 78 kB/s)
Downloading from central: https://repo.maven.apache.org/maven2/org/springframework/security/spring-security-test/6.2.0/spring-security-test-6.2.0.pom
Progress (1): 1.0 kBProgress (1): 2.7 kB                    Downloaded from central: https://repo.maven.apache.org/maven2/org/springframework/security/spring-security-test/6.2.0/spring-security-test-6.2.0.pom (2.7 kB at 99 kB/s)
Downloading from central: https://repo.maven.apache.org/maven2/org/springframework/boot/spring-boot-starter-data-jpa/3.2.0/spring-boot-starter-data-jpa-3.2.0.jar
Progress (1): 4.8 kB                    Downloaded from central: https://repo.maven.apache.org/maven2/org/springframework/boot/spring-boot-starter-data-jpa/3.2.0/spring-boot-starter-data-jpa-3.2.0.jar (4.8 kB at 154 kB/s)
Downloading from central: https://repo.maven.apache.org/maven2/org/springframework/boot/spring-boot-starter-aop/3.2.0/spring-boot-starter-aop-3.2.0.jar
Downloading from central: https://repo.maven.apache.org/maven2/org/aspectj/aspectjweaver/1.9.20.1/aspectjweaver-1.9.20.1.jar
Downloading from central: https://repo.maven.apache.org/maven2/org/springframework/boot/spring-boot-starter-jdbc/3.2.0/spring-boot-starter-jdbc-3.2.0.jar
Downloading from central: https://repo.maven.apache.org/maven2/com/zaxxer/HikariCP/5.0.1/HikariCP-5.0.1.jar
Downloading from central: https://repo.maven.apache.org/maven2/org/springframework/spring-jdbc/6.1.1/spring-jdbc-6.1.1.jar
Progress (1): 0/2.1 MBProgress (1): 0/2.1 MBProgress (1): 0/2.1 MBProgress (1): 0/2.1 MBProgress (1): 0.1/2.1 MBProgress (1): 0.1/2.1 MBProgress (1): 0.1/2.1 MBProgress (1): 0.1/2.1 MBProgress (1): 0.1/2.1 MBProgress (1): 0.1/2.1 MBProgress (1): 0.2/2.1 MBProgress (2): 0.2/2.1 MB | 0.9/4.8 kBProgress (2): 0.2/2.1 MB | 2.3/4.8 kBProgress (2): 0.2/2.1 MB | 3.6/4.8 kBProgress (2): 0.2/2.1 MB | 3.7/4.8 kBProgress (2): 0.2/2.1 MB | 4.8 kB    Progress (2): 0.2/2.1 MB | 4.8 kBProgress (2): 0.2/2.1 MB | 4.8 kBProgress (2): 0.2/2.1 MB | 4.8 kBProgress (2): 0.2/2.1 MB | 4.8 kBProgress (3): 0.2/2.1 MB | 4.8 kB | 0.9/4.8 kBProgress (3): 0.2/2.1 MB | 4.8 kB | 2.3/4.8 kB                                              Downloaded from central: https://repo.maven.apache.org/maven2/org/springframework/boot/spring-boot-starter-jdbc/3.2.0/spring-boot-starter-jdbc-3.2.0.jar (4.8 kB at 41 kB/s)
Downloading from central: https://repo.maven.apache.org/maven2/org/hibernate/orm/hibernate-core/6.3.1.Final/hibernate-core-6.3.1.Final.jar
Progress (2): 0.2/2.1 MB | 3.6/4.8 kBProgress (2): 0.2/2.1 MB | 4.8 kB                                     Downloaded from central: https://repo.maven.apache.org/maven2/org/springframework/boot/spring-boot-starter-aop/3.2.0/spring-boot-starter-aop-3.2.0.jar (4.8 kB at 38 kB/s)
Downloading from central: https://repo.maven.apache.org/maven2/jakarta/persistence/jakarta.persistence-api/3.1.0/jakarta.persistence-api-3.1.0.jar
Progress (1): 0.2/2.1 MBProgress (1): 0.3/2.1 MBProgress (1): 0.3/2.1 MBProgress (1): 0.3/2.1 MBProgress (1): 0.3/2.1 MBProgress (1): 0.3/2.1 MBProgress (1): 0.3/2.1 MBProgress (1): 0.4/2.1 MBProgress (2): 0.4/2.1 MB | 0.9/165 kBProgress (2): 0.4/2.1 MB | 2.3/165 kBProgress (2): 0.4/2.1 MB | 3.7/165 kBProgress (3): 0.4/2.1 MB | 3.7/165 kB | 0/11 MBProgress (3): 0.4/2.1 MB | 3.7/165 kB | 0/11 MBProgress (3): 0.4/2.1 MB | 5.0/165 kB | 0/11 MBProgress (3): 0.4/2.1 MB | 6.4/165 kB | 0/11 MBProgress (3): 0.4/2.1 MB | 7.8/165 kB | 0/11 MBProgress (3): 0.4/2.1 MB | 9.1/165 kB | 0/11 MBProgress (3): 0.4/2.1 MB | 11/165 kB | 0/11 MB Progress (3): 0.4/2.1 MB | 12/165 kB | 0/11 MBProgress (3): 0.4/2.1 MB | 12/165 kB | 0/11 MBProgress (3): 0.4/2.1 MB | 12/165 kB | 0/11 MBProgress (4): 0.4/2.1 MB | 12/165 kB | 0/11 MB | 0.9/162 kBProgress (4): 0.4/2.1 MB | 12/165 kB | 0/11 MB | 2.3/162 kBProgress (4): 0.4/2.1 MB | 12/165 kB | 0/11 MB | 3.6/162 kBProgress (4): 0.4/2.1 MB | 12/165 kB | 0/11 MB | 3.6/162 kBProgress (4): 0.4/2.1 MB | 12/165 kB | 0/11 MB | 3.6/162 kBProgress (4): 0.4/2.1 MB | 12/165 kB | 0/11 MB | 3.6/162 kBProgress (4): 0.4/2.1 MB | 12/165 kB | 0/11 MB | 3.6/162 kBProgress (4): 0.4/2.1 MB | 12/165 kB | 0/11 MB | 3.6/162 kBProgress (4): 0.4/2.1 MB | 12/165 kB | 0/11 MB | 3.6/162 kBProgress (5): 0.4/2.1 MB | 12/165 kB | 0/11 MB | 3.6/162 kB | 0.9/456 kBProgress (5): 0.4/2.1 MB | 12/165 kB | 0/11 MB | 3.6/162 kB | 2.3/456 kBProgress (5): 0.4/2.1 MB | 12/165 kB | 0/11 MB | 3.6/162 kB | 3.7/456 kBProgress (5): 0.4/2.1 MB | 12/165 kB | 0/11 MB | 3.6/162 kB | 5.0/456 kBProgress (5): 0.4/2.1 MB | 12/165 kB | 0/11 MB | 3.6/162 kB | 6.4/456 kBProgress (5): 0.4/2.1 MB | 12/165 kB | 0/11 MB | 3.6/162 kB | 7.8/456 kBProgress (5): 0.4/2.1 MB | 12/165 kB | 0/11 MB | 5.0/162 kB | 7.8/456 kBProgress (5): 0.4/2.1 MB | 12/165 kB | 0/11 MB | 6.4/162 kB | 7.8/456 kBProgress (5): 0.4/2.1 MB | 12/165 kB | 0/11 MB | 7.7/162 kB | 7.8/456 kBProgress (5): 0.4/2.1 MB | 12/165 kB | 0/11 MB | 9.1/162 kB | 7.8/456 kBProgress (5): 0.4/2.1 MB | 12/165 kB | 0/11 MB | 9.1/162 kB | 7.8/456 kBProgress (5): 0.4/2.1 MB | 12/165 kB | 0/11 MB | 9.1/162 kB | 7.8/456 kBProgress (5): 0.4/2.1 MB | 12/165 kB | 0/11 MB | 9.1/162 kB | 7.8/456 kBProgress (5): 0.4/2.1 MB | 13/165 kB | 0/11 MB | 9.1/162 kB | 7.8/456 kBProgress (5): 0.4/2.1 MB | 15/165 kB | 0/11 MB | 9.1/162 kB | 7.8/456 kBProgress (5): 0.4/2.1 MB | 16/165 kB | 0/11 MB | 9.1/162 kB | 7.8/456 kBProgress (5): 0.5/2.1 MB | 16/165 kB | 0/11 MB | 9.1/162 kB | 7.8/456 kBProgress (5): 0.5/2.1 MB | 16/165 kB | 0/11 MB | 10/162 kB | 7.8/456 kB Progress (5): 0.5/2.1 MB | 16/165 kB | 0/11 MB | 10/162 kB | 9.1/456 kBProgress (5): 0.5/2.1 MB | 16/165 kB | 0/11 MB | 10/162 kB | 11/456 kB Progress (5): 0.5/2.1 MB | 16/165 kB | 0/11 MB | 10/162 kB | 12/456 kBProgress (5): 0.5/2.1 MB | 16/165 kB | 0/11 MB | 10/162 kB | 13/456 kBProgress (5): 0.5/2.1 MB | 16/165 kB | 0/11 MB | 10/162 kB | 15/456 kBProgress (5): 0.5/2.1 MB | 16/165 kB | 0/11 MB | 10/162 kB | 15/456 kBProgress (5): 0.5/2.1 MB | 16/165 kB | 0/11 MB | 10/162 kB | 15/456 kBProgress (5): 0.5/2.1 MB | 16/165 kB | 0/11 MB | 10/162 kB | 15/456 kBProgress (5): 0.5/2.1 MB | 16/165 kB | 0/11 MB | 12/162 kB | 15/456 kBProgress (5): 0.5/2.1 MB | 16/165 kB | 0/11 MB | 13/162 kB | 15/456 kBProgress (5): 0.5/2.1 MB | 17/165 kB | 0/11 MB | 13/162 kB | 15/456 kBProgress (5): 0.5/2.1 MB | 17/165 kB | 0/11 MB | 15/162 kB | 15/456 kBProgress (5): 0.5/2.1 MB | 17/165 kB | 0/11 MB | 16/162 kB | 15/456 kBProgress (5): 0.5/2.1 MB | 17/165 kB | 0/11 MB | 16/162 kB | 15/456 kBProgress (5): 0.5/2.1 MB | 17/165 kB | 0/11 MB | 16/162 kB | 15/456 kBProgress (5): 0.5/2.1 MB | 17/165 kB | 0/11 MB | 16/162 kB | 15/456 kBProgress (5): 0.5/2.1 MB | 17/165 kB | 0/11 MB | 16/162 kB | 15/456 kBProgress (5): 0.5/2.1 MB | 17/165 kB | 0/11 MB | 16/162 kB | 15/456 kBProgress (5): 0.5/2.1 MB | 17/165 kB | 0/11 MB | 16/162 kB | 16/456 kBProgress (5): 0.5/2.1 MB | 17/165 kB | 0/11 MB | 16/162 kB | 17/456 kBProgress (5): 0.5/2.1 MB | 17/165 kB | 0/11 MB | 16/162 kB | 19/456 kBProgress (5): 0.5/2.1 MB | 17/165 kB | 0/11 MB | 16/162 kB | 19/456 kBProgress (5): 0.5/2.1 MB | 17/165 kB | 0/11 MB | 17/162 kB | 19/456 kBProgress (5): 0.5/2.1 MB | 17/165 kB | 0/11 MB | 19/162 kB | 19/456 kBProgress (5): 0.5/2.1 MB | 19/165 kB | 0/11 MB | 19/162 kB | 19/456 kBProgress (5): 0.5/2.1 MB | 20/165 kB | 0/11 MB | 19/162 kB | 19/456 kBProgress (5): 0.5/2.1 MB | 20/165 kB | 0/11 MB | 19/162 kB | 20/456 kBProgress (5): 0.5/2.1 MB | 20/165 kB | 0/11 MB | 19/162 kB | 21/456 kBProgress (5): 0.5/2.1 MB | 20/165 kB | 0/11 MB | 19/162 kB | 21/456 kBProgress (5): 0.5/2.1 MB | 20/165 kB | 0/11 MB | 19/162 kB | 21/456 kBProgress (5): 0.5/2.1 MB | 20/165 kB | 0/11 MB | 19/162 kB | 23/456 kBProgress (5): 0.5/2.1 MB | 20/165 kB | 0/11 MB | 19/162 kB | 24/456 kBProgress (5): 0.5/2.1 MB | 21/165 kB | 0/11 MB | 19/162 kB | 24/456 kBProgress (5): 0.5/2.1 MB | 23/165 kB | 0/11 MB | 19/162 kB | 24/456 kBProgress (5): 0.5/2.1 MB | 23/165 kB | 0/11 MB | 20/162 kB | 24/456 kBProgress (5): 0.5/2.1 MB | 23/165 kB | 0/11 MB | 20/162 kB | 24/456 kBProgress (5): 0.5/2.1 MB | 23/165 kB | 0/11 MB | 21/162 kB | 24/456 kBProgress (5): 0.5/2.1 MB | 23/165 kB | 0/11 MB | 21/162 kB | 24/456 kBProgress (5): 0.5/2.1 MB | 23/165 kB | 0/11 MB | 23/162 kB | 24/456 kBProgress (5): 0.5/2.1 MB | 24/165 kB | 0/11 MB | 23/162 kB | 24/456 kBProgress (5): 0.5/2.1 MB | 25/165 kB | 0/11 MB | 23/162 kB | 24/456 kBProgress (5): 0.5/2.1 MB | 25/165 kB | 0/11 MB | 23/162 kB | 25/456 kBProgress (5): 0.5/2.1 MB | 25/165 kB | 0/11 MB | 23/162 kB | 26/456 kBProgress (5): 0.5/2.1 MB | 25/165 kB | 0/11 MB | 23/162 kB | 26/456 kBProgress (5): 0.5/2.1 MB | 25/165 kB | 0/11 MB | 23/162 kB | 26/456 kBProgress (5): 0.5/2.1 MB | 26/165 kB | 0/11 MB | 23/162 kB | 26/456 kBProgress (5): 0.5/2.1 MB | 27/165 kB | 0/11 MB | 23/162 kB | 26/456 kBProgress (5): 0.5/2.1 MB | 29/165 kB | 0/11 MB | 23/162 kB | 26/456 kBProgress (5): 0.5/2.1 MB | 29/165 kB | 0/11 MB | 23/162 kB | 26/456 kBProgress (5): 0.5/2.1 MB | 30/165 kB | 0/11 MB | 23/162 kB | 26/456 kBProgress (5): 0.5/2.1 MB | 31/165 kB | 0/11 MB | 23/162 kB | 26/456 kBProgress (5): 0.5/2.1 MB | 31/165 kB | 0/11 MB | 24/162 kB | 26/456 kBProgress (5): 0.5/2.1 MB | 31/165 kB | 0/11 MB | 26/162 kB | 26/456 kBProgress (5): 0.5/2.1 MB | 31/165 kB | 0/11 MB | 26/162 kB | 26/456 kBProgress (5): 0.5/2.1 MB | 31/165 kB | 0/11 MB | 26/162 kB | 26/456 kBProgress (5): 0.5/2.1 MB | 31/165 kB | 0/11 MB | 26/162 kB | 27/456 kBProgress (5): 0.5/2.1 MB | 31/165 kB | 0/11 MB | 26/162 kB | 29/456 kBProgress (5): 0.6/2.1 MB | 31/165 kB | 0/11 MB | 26/162 kB | 29/456 kBProgress (5): 0.6/2.1 MB | 33/165 kB | 0/11 MB | 26/162 kB | 29/456 kBProgress (5): 0.6/2.1 MB | 34/165 kB | 0/11 MB | 26/162 kB | 29/456 kBProgress (5): 0.6/2.1 MB | 34/165 kB | 0/11 MB | 27/162 kB | 29/456 kBProgress (5): 0.6/2.1 MB | 34/165 kB | 0/11 MB | 28/162 kB | 29/456 kBProgress (5): 0.6/2.1 MB | 34/165 kB | 0/11 MB | 30/162 kB | 29/456 kBProgress (5): 0.6/2.1 MB | 34/165 kB | 0/11 MB | 30/162 kB | 29/456 kBProgress (5): 0.6/2.1 MB | 34/165 kB | 0/11 MB | 30/162 kB | 29/456 kBProgress (5): 0.6/2.1 MB | 36/165 kB | 0/11 MB | 30/162 kB | 29/456 kBProgress (5): 0.6/2.1 MB | 37/165 kB | 0/11 MB | 30/162 kB | 29/456 kBProgress (5): 0.6/2.1 MB | 38/165 kB | 0/11 MB | 30/162 kB | 29/456 kBProgress (5): 0.6/2.1 MB | 38/165 kB | 0/11 MB | 30/162 kB | 30/456 kBProgress (5): 0.6/2.1 MB | 38/165 kB | 0/11 MB | 30/162 kB | 31/456 kBProgress (5): 0.6/2.1 MB | 38/165 kB | 0/11 MB | 30/162 kB | 31/456 kBProgress (5): 0.6/2.1 MB | 38/165 kB | 0/11 MB | 30/162 kB | 31/456 kBProgress (5): 0.6/2.1 MB | 38/165 kB | 0/11 MB | 30/162 kB | 31/456 kBProgress (5): 0.6/2.1 MB | 38/165 kB | 0/11 MB | 30/162 kB | 31/456 kBProgress (5): 0.6/2.1 MB | 38/165 kB | 0/11 MB | 30/162 kB | 31/456 kBProgress (5): 0.6/2.1 MB | 40/165 kB | 0/11 MB | 30/162 kB | 31/456 kBProgress (5): 0.6/2.1 MB | 41/165 kB | 0/11 MB | 30/162 kB | 31/456 kBProgress (5): 0.6/2.1 MB | 42/165 kB | 0/11 MB | 30/162 kB | 31/456 kBProgress (5): 0.6/2.1 MB | 42/165 kB | 0/11 MB | 31/162 kB | 31/456 kBProgress (5): 0.6/2.1 MB | 42/165 kB | 0/11 MB | 32/162 kB | 31/456 kBProgress (5): 0.6/2.1 MB | 42/165 kB | 0/11 MB | 34/162 kB | 31/456 kBProgress (5): 0.6/2.1 MB | 42/165 kB | 0/11 MB | 35/162 kB | 31/456 kBProgress (5): 0.6/2.1 MB | 44/165 kB | 0/11 MB | 35/162 kB | 31/456 kBProgress (5): 0.6/2.1 MB | 45/165 kB | 0/11 MB | 35/162 kB | 31/456 kBProgress (5): 0.6/2.1 MB | 46/165 kB | 0/11 MB | 35/162 kB | 31/456 kBProgress (5): 0.6/2.1 MB | 46/165 kB | 0/11 MB | 35/162 kB | 31/456 kBProgress (5): 0.6/2.1 MB | 46/165 kB | 0/11 MB | 35/162 kB | 31/456 kBProgress (5): 0.6/2.1 MB | 46/165 kB | 0/11 MB | 35/162 kB | 33/456 kBProgress (5): 0.6/2.1 MB | 46/165 kB | 0/11 MB | 35/162 kB | 34/456 kBProgress (5): 0.6/2.1 MB | 46/165 kB | 0/11 MB | 35/162 kB | 34/456 kBProgress (5): 0.7/2.1 MB | 46/165 kB | 0/11 MB | 35/162 kB | 34/456 kBProgress (5): 0.7/2.1 MB | 48/165 kB | 0/11 MB | 35/162 kB | 34/456 kBProgress (5): 0.7/2.1 MB | 49/165 kB | 0/11 MB | 35/162 kB | 34/456 kBProgress (5): 0.7/2.1 MB | 53/165 kB | 0/11 MB | 35/162 kB | 34/456 kBProgress (5): 0.7/2.1 MB | 58/165 kB | 0/11 MB | 35/162 kB | 34/456 kBProgress (5): 0.7/2.1 MB | 58/165 kB | 0/11 MB | 37/162 kB | 34/456 kBProgress (5): 0.7/2.1 MB | 58/165 kB | 0/11 MB | 38/162 kB | 34/456 kBProgress (5): 0.7/2.1 MB | 58/165 kB | 0/11 MB | 38/162 kB | 36/456 kBProgress (5): 0.7/2.1 MB | 58/165 kB | 0/11 MB | 38/162 kB | 37/456 kBProgress (5): 0.7/2.1 MB | 58/165 kB | 0/11 MB | 38/162 kB | 37/456 kBProgress (5): 0.7/2.1 MB | 58/165 kB | 0/11 MB | 38/162 kB | 37/456 kBProgress (5): 0.7/2.1 MB | 58/165 kB | 0/11 MB | 38/162 kB | 38/456 kBProgress (5): 0.7/2.1 MB | 58/165 kB | 0/11 MB | 38/162 kB | 40/456 kBProgress (5): 0.7/2.1 MB | 58/165 kB | 0/11 MB | 38/162 kB | 41/456 kBProgress (5): 0.7/2.1 MB | 58/165 kB | 0/11 MB | 38/162 kB | 41/456 kBProgress (5): 0.7/2.1 MB | 58/165 kB | 0/11 MB | 39/162 kB | 41/456 kBProgress (5): 0.7/2.1 MB | 58/165 kB | 0/11 MB | 41/162 kB | 41/456 kBProgress (5): 0.7/2.1 MB | 62/165 kB | 0/11 MB | 41/162 kB | 41/456 kBProgress (5): 0.7/2.1 MB | 66/165 kB | 0/11 MB | 41/162 kB | 41/456 kBProgress (5): 0.7/2.1 MB | 66/165 kB | 0/11 MB | 42/162 kB | 41/456 kBProgress (5): 0.7/2.1 MB | 66/165 kB | 0/11 MB | 43/162 kB | 41/456 kBProgress (5): 0.7/2.1 MB | 66/165 kB | 0/11 MB | 45/162 kB | 41/456 kBProgress (5): 0.7/2.1 MB | 66/165 kB | 0/11 MB | 45/162 kB | 41/456 kBProgress (5): 0.7/2.1 MB | 66/165 kB | 0/11 MB | 45/162 kB | 42/456 kBProgress (5): 0.7/2.1 MB | 66/165 kB | 0/11 MB | 45/162 kB | 44/456 kBProgress (5): 0.7/2.1 MB | 66/165 kB | 0/11 MB | 45/162 kB | 44/456 kBProgress (5): 0.7/2.1 MB | 66/165 kB | 0/11 MB | 45/162 kB | 44/456 kBProgress (5): 0.7/2.1 MB | 66/165 kB | 0/11 MB | 45/162 kB | 44/456 kBProgress (5): 0.7/2.1 MB | 66/165 kB | 0/11 MB | 45/162 kB | 44/456 kBProgress (5): 0.7/2.1 MB | 66/165 kB | 0/11 MB | 45/162 kB | 44/456 kBProgress (5): 0.7/2.1 MB | 66/165 kB | 0/11 MB | 46/162 kB | 44/456 kBProgress (5): 0.7/2.1 MB | 66/165 kB | 0/11 MB | 48/162 kB | 44/456 kBProgress (5): 0.7/2.1 MB | 66/165 kB | 0/11 MB | 49/162 kB | 44/456 kBProgress (5): 0.7/2.1 MB | 66/165 kB | 0/11 MB | 50/162 kB | 44/456 kBProgress (5): 0.7/2.1 MB | 70/165 kB | 0/11 MB | 50/162 kB | 44/456 kBProgress (5): 0.7/2.1 MB | 75/165 kB | 0/11 MB | 50/162 kB | 44/456 kBProgress (5): 0.7/2.1 MB | 75/165 kB | 0/11 MB | 52/162 kB | 44/456 kBProgress (5): 0.7/2.1 MB | 75/165 kB | 0/11 MB | 53/162 kB | 44/456 kBProgress (5): 0.7/2.1 MB | 75/165 kB | 0/11 MB | 53/162 kB | 44/456 kBProgress (5): 0.7/2.1 MB | 75/165 kB | 0/11 MB | 53/162 kB | 45/456 kBProgress (5): 0.7/2.1 MB | 75/165 kB | 0/11 MB | 53/162 kB | 46/456 kBProgress (5): 0.7/2.1 MB | 75/165 kB | 0/11 MB | 53/162 kB | 48/456 kBProgress (5): 0.7/2.1 MB | 79/165 kB | 0/11 MB | 53/162 kB | 48/456 kBProgress (5): 0.7/2.1 MB | 83/165 kB | 0/11 MB | 53/162 kB | 48/456 kBProgress (5): 0.7/2.1 MB | 83/165 kB | 0/11 MB | 53/162 kB | 48/456 kBProgress (5): 0.7/2.1 MB | 87/165 kB | 0/11 MB | 53/162 kB | 48/456 kBProgress (5): 0.7/2.1 MB | 87/165 kB | 0/11 MB | 53/162 kB | 49/456 kBProgress (5): 0.7/2.1 MB | 87/165 kB | 0/11 MB | 53/162 kB | 51/456 kBProgress (5): 0.7/2.1 MB | 87/165 kB | 0/11 MB | 53/162 kB | 52/456 kBProgress (5): 0.7/2.1 MB | 87/165 kB | 0/11 MB | 53/162 kB | 52/456 kBProgress (5): 0.7/2.1 MB | 87/165 kB | 0/11 MB | 53/162 kB | 52/456 kBProgress (5): 0.7/2.1 MB | 87/165 kB | 0/11 MB | 54/162 kB | 52/456 kBProgress (5): 0.7/2.1 MB | 87/165 kB | 0/11 MB | 54/162 kB | 52/456 kBProgress (5): 0.8/2.1 MB | 87/165 kB | 0/11 MB | 54/162 kB | 52/456 kBProgress (5): 0.8/2.1 MB | 87/165 kB | 0/11 MB | 54/162 kB | 52/456 kBProgress (5): 0.8/2.1 MB | 87/165 kB | 0/11 MB | 54/162 kB | 53/456 kBProgress (5): 0.8/2.1 MB | 87/165 kB | 0/11 MB | 54/162 kB | 55/456 kBProgress (5): 0.8/2.1 MB | 87/165 kB | 0/11 MB | 54/162 kB | 59/456 kBProgress (5): 0.8/2.1 MB | 92/165 kB | 0/11 MB | 54/162 kB | 59/456 kBProgress (5): 0.8/2.1 MB | 96/165 kB | 0/11 MB | 54/162 kB | 59/456 kBProgress (5): 0.8/2.1 MB | 96/165 kB | 0/11 MB | 54/162 kB | 63/456 kBProgress (5): 0.8/2.1 MB | 100/165 kB | 0/11 MB | 54/162 kB | 63/456 kBProgress (5): 0.8/2.1 MB | 104/165 kB | 0/11 MB | 54/162 kB | 63/456 kBProgress (5): 0.8/2.1 MB | 104/165 kB | 0/11 MB | 54/162 kB | 63/456 kBProgress (5): 0.8/2.1 MB | 104/165 kB | 0/11 MB | 54/162 kB | 63/456 kBProgress (5): 0.8/2.1 MB | 104/165 kB | 0/11 MB | 54/162 kB | 63/456 kBProgress (5): 0.8/2.1 MB | 104/165 kB | 0/11 MB | 54/162 kB | 63/456 kBProgress (5): 0.8/2.1 MB | 104/165 kB | 0/11 MB | 54/162 kB | 63/456 kBProgress (5): 0.8/2.1 MB | 104/165 kB | 0/11 MB | 59/162 kB | 63/456 kBProgress (5): 0.8/2.1 MB | 104/165 kB | 0/11 MB | 63/162 kB | 63/456 kBProgress (5): 0.8/2.1 MB | 104/165 kB | 0.1/11 MB | 63/162 kB | 63/456 kBProgress (5): 0.8/2.1 MB | 104/165 kB | 0.1/11 MB | 63/162 kB | 63/456 kBProgress (5): 0.8/2.1 MB | 104/165 kB | 0.1/11 MB | 63/162 kB | 63/456 kBProgress (5): 0.8/2.1 MB | 104/165 kB | 0.1/11 MB | 63/162 kB | 63/456 kBProgress (5): 0.8/2.1 MB | 108/165 kB | 0.1/11 MB | 63/162 kB | 63/456 kBProgress (5): 0.8/2.1 MB | 113/165 kB | 0.1/11 MB | 63/162 kB | 63/456 kBProgress (5): 0.8/2.1 MB | 113/165 kB | 0.1/11 MB | 63/162 kB | 67/456 kBProgress (5): 0.8/2.1 MB | 113/165 kB | 0.1/11 MB | 63/162 kB | 72/456 kBProgress (5): 0.8/2.1 MB | 113/165 kB | 0.1/11 MB | 63/162 kB | 76/456 kBProgress (5): 0.8/2.1 MB | 113/165 kB | 0.1/11 MB | 63/162 kB | 76/456 kBProgress (5): 0.8/2.1 MB | 113/165 kB | 0.1/11 MB | 63/162 kB | 76/456 kBProgress (5): 0.8/2.1 MB | 113/165 kB | 0.1/11 MB | 63/162 kB | 76/456 kBProgress (5): 0.8/2.1 MB | 113/165 kB | 0.1/11 MB | 63/162 kB | 76/456 kBProgress (5): 0.8/2.1 MB | 113/165 kB | 0.1/11 MB | 67/162 kB | 76/456 kBProgress (5): 0.8/2.1 MB | 113/165 kB | 0.1/11 MB | 71/162 kB | 76/456 kBProgress (5): 0.8/2.1 MB | 113/165 kB | 0.1/11 MB | 75/162 kB | 76/456 kBProgress (5): 0.8/2.1 MB | 113/165 kB | 0.1/11 MB | 80/162 kB | 76/456 kBProgress (5): 0.8/2.1 MB | 113/165 kB | 0.1/11 MB | 80/162 kB | 76/456 kBProgress (5): 0.8/2.1 MB | 113/165 kB | 0.1/11 MB | 80/162 kB | 76/456 kBProgress (5): 0.8/2.1 MB | 113/165 kB | 0.1/11 MB | 80/162 kB | 76/456 kBProgress (5): 0.9/2.1 MB | 113/165 kB | 0.1/11 MB | 80/162 kB | 76/456 kBProgress (5): 0.9/2.1 MB | 113/165 kB | 0.1/11 MB | 80/162 kB | 76/456 kBProgress (5): 0.9/2.1 MB | 113/165 kB | 0.1/11 MB | 80/162 kB | 80/456 kBProgress (5): 0.9/2.1 MB | 113/165 kB | 0.1/11 MB | 80/162 kB | 84/456 kBProgress (5): 0.9/2.1 MB | 113/165 kB | 0.1/11 MB | 80/162 kB | 89/456 kBProgress (5): 0.9/2.1 MB | 117/165 kB | 0.1/11 MB | 80/162 kB | 89/456 kBProgress (5): 0.9/2.1 MB | 121/165 kB | 0.1/11 MB | 80/162 kB | 89/456 kBProgress (5): 0.9/2.1 MB | 121/165 kB | 0.1/11 MB | 80/162 kB | 93/456 kBProgress (5): 0.9/2.1 MB | 121/165 kB | 0.1/11 MB | 84/162 kB | 93/456 kBProgress (5): 0.9/2.1 MB | 121/165 kB | 0.1/11 MB | 84/162 kB | 93/456 kBProgress (5): 0.9/2.1 MB | 121/165 kB | 0.1/11 MB | 84/162 kB | 93/456 kBProgress (5): 0.9/2.1 MB | 125/165 kB | 0.1/11 MB | 84/162 kB | 93/456 kBProgress (5): 0.9/2.1 MB | 130/165 kB | 0.1/11 MB | 84/162 kB | 93/456 kBProgress (5): 0.9/2.1 MB | 130/165 kB | 0.1/11 MB | 84/162 kB | 93/456 kBProgress (5): 0.9/2.1 MB | 130/165 kB | 0.1/11 MB | 84/162 kB | 93/456 kBProgress (5): 0.9/2.1 MB | 130/165 kB | 0.1/11 MB | 84/162 kB | 93/456 kBProgress (5): 0.9/2.1 MB | 130/165 kB | 0.1/11 MB | 84/162 kB | 93/456 kBProgress (5): 0.9/2.1 MB | 130/165 kB | 0.1/11 MB | 84/162 kB | 93/456 kBProgress (5): 0.9/2.1 MB | 130/165 kB | 0.1/11 MB | 88/162 kB | 93/456 kBProgress (5): 0.9/2.1 MB | 130/165 kB | 0.1/11 MB | 92/162 kB | 93/456 kBProgress (5): 0.9/2.1 MB | 130/165 kB | 0.1/11 MB | 92/162 kB | 97/456 kBProgress (5): 0.9/2.1 MB | 130/165 kB | 0.1/11 MB | 92/162 kB | 101/456 kBProgress (5): 0.9/2.1 MB | 130/165 kB | 0.1/11 MB | 97/162 kB | 101/456 kBProgress (5): 0.9/2.1 MB | 130/165 kB | 0.1/11 MB | 101/162 kB | 101/456 kBProgress (5): 0.9/2.1 MB | 130/165 kB | 0.1/11 MB | 105/162 kB | 101/456 kBProgress (5): 0.9/2.1 MB | 130/165 kB | 0.1/11 MB | 105/162 kB | 101/456 kBProgress (5): 0.9/2.1 MB | 130/165 kB | 0.1/11 MB | 105/162 kB | 101/456 kBProgress (5): 1.0/2.1 MB | 130/165 kB | 0.1/11 MB | 105/162 kB | 101/456 kBProgress (5): 1.0/2.1 MB | 130/165 kB | 0.1/11 MB | 105/162 kB | 101/456 kBProgress (5): 1.0/2.1 MB | 130/165 kB | 0.1/11 MB | 105/162 kB | 101/456 kBProgress (5): 1.0/2.1 MB | 130/165 kB | 0.1/11 MB | 105/162 kB | 101/456 kBProgress (5): 1.0/2.1 MB | 130/165 kB | 0.1/11 MB | 105/162 kB | 101/456 kBProgress (5): 1.0/2.1 MB | 130/165 kB | 0.1/11 MB | 105/162 kB | 101/456 kBProgress (5): 1.0/2.1 MB | 130/165 kB | 0.1/11 MB | 105/162 kB | 101/456 kBProgress (5): 1.0/2.1 MB | 130/165 kB | 0.1/11 MB | 105/162 kB | 101/456 kBProgress (5): 1.0/2.1 MB | 130/165 kB | 0.1/11 MB | 105/162 kB | 101/456 kBProgress (5): 1.0/2.1 MB | 130/165 kB | 0.1/11 MB | 105/162 kB | 101/456 kBProgress (5): 1.0/2.1 MB | 130/165 kB | 0.1/11 MB | 105/162 kB | 101/456 kBProgress (5): 1.0/2.1 MB | 130/165 kB | 0.1/11 MB | 105/162 kB | 101/456 kBProgress (5): 1.0/2.1 MB | 134/165 kB | 0.1/11 MB | 105/162 kB | 101/456 kBProgress (5): 1.0/2.1 MB | 138/165 kB | 0.1/11 MB | 105/162 kB | 101/456 kBProgress (5): 1.0/2.1 MB | 138/165 kB | 0.2/11 MB | 105/162 kB | 101/456 kBProgress (5): 1.0/2.1 MB | 138/165 kB | 0.2/11 MB | 105/162 kB | 101/456 kBProgress (5): 1.0/2.1 MB | 138/165 kB | 0.2/11 MB | 105/162 kB | 101/456 kBProgress (5): 1.0/2.1 MB | 138/165 kB | 0.2/11 MB | 109/162 kB | 101/456 kBProgress (5): 1.0/2.1 MB | 138/165 kB | 0.2/11 MB | 114/162 kB | 101/456 kBProgress (5): 1.0/2.1 MB | 138/165 kB | 0.2/11 MB | 114/162 kB | 105/456 kBProgress (5): 1.0/2.1 MB | 138/165 kB | 0.2/11 MB | 114/162 kB | 110/456 kBProgress (5): 1.0/2.1 MB | 138/165 kB | 0.2/11 MB | 114/162 kB | 110/456 kBProgress (5): 1.0/2.1 MB | 142/165 kB | 0.2/11 MB | 114/162 kB | 110/456 kBProgress (5): 1.0/2.1 MB | 146/165 kB | 0.2/11 MB | 114/162 kB | 110/456 kBProgress (5): 1.0/2.1 MB | 146/165 kB | 0.2/11 MB | 118/162 kB | 110/456 kBProgress (5): 1.0/2.1 MB | 146/165 kB | 0.2/11 MB | 122/162 kB | 110/456 kBProgress (5): 1.0/2.1 MB | 151/165 kB | 0.2/11 MB | 122/162 kB | 110/456 kBProgress (5): 1.0/2.1 MB | 155/165 kB | 0.2/11 MB | 122/162 kB | 110/456 kBProgress (5): 1.0/2.1 MB | 155/165 kB | 0.2/11 MB | 122/162 kB | 110/456 kBProgress (5): 1.0/2.1 MB | 155/165 kB | 0.2/11 MB | 122/162 kB | 110/456 kBProgress (5): 1.0/2.1 MB | 156/165 kB | 0.2/11 MB | 122/162 kB | 110/456 kBProgress (5): 1.0/2.1 MB | 160/165 kB | 0.2/11 MB | 122/162 kB | 110/456 kBProgress (5): 1.0/2.1 MB | 160/165 kB | 0.2/11 MB | 122/162 kB | 114/456 kBProgress (5): 1.0/2.1 MB | 160/165 kB | 0.2/11 MB | 122/162 kB | 114/456 kBProgress (5): 1.0/2.1 MB | 160/165 kB | 0.2/11 MB | 122/162 kB | 118/456 kBProgress (5): 1.0/2.1 MB | 160/165 kB | 0.2/11 MB | 122/162 kB | 122/456 kBProgress (5): 1.0/2.1 MB | 160/165 kB | 0.2/11 MB | 122/162 kB | 122/456 kBProgress (5): 1.0/2.1 MB | 160/165 kB | 0.2/11 MB | 122/162 kB | 122/456 kBProgress (5): 1.0/2.1 MB | 160/165 kB | 0.2/11 MB | 122/162 kB | 122/456 kBProgress (5): 1.0/2.1 MB | 160/165 kB | 0.2/11 MB | 126/162 kB | 122/456 kBProgress (5): 1.0/2.1 MB | 160/165 kB | 0.2/11 MB | 130/162 kB | 122/456 kBProgress (5): 1.0/2.1 MB | 164/165 kB | 0.2/11 MB | 130/162 kB | 122/456 kBProgress (5): 1.0/2.1 MB | 165 kB | 0.2/11 MB | 130/162 kB | 122/456 kB    Progress (5): 1.0/2.1 MB | 165 kB | 0.2/11 MB | 130/162 kB | 127/456 kBProgress (5): 1.0/2.1 MB | 165 kB | 0.2/11 MB | 130/162 kB | 131/456 kBProgress (5): 1.0/2.1 MB | 165 kB | 0.2/11 MB | 130/162 kB | 135/456 kBProgress (5): 1.0/2.1 MB | 165 kB | 0.2/11 MB | 130/162 kB | 135/456 kBProgress (5): 1.0/2.1 MB | 165 kB | 0.2/11 MB | 130/162 kB | 135/456 kBProgress (5): 1.0/2.1 MB | 165 kB | 0.2/11 MB | 130/162 kB | 139/456 kBProgress (5): 1.0/2.1 MB | 165 kB | 0.2/11 MB | 130/162 kB | 144/456 kBProgress (5): 1.0/2.1 MB | 165 kB | 0.2/11 MB | 130/162 kB | 148/456 kBProgress (5): 1.0/2.1 MB | 165 kB | 0.2/11 MB | 130/162 kB | 152/456 kB                                                                       Downloaded from central: https://repo.maven.apache.org/maven2/jakarta/persistence/jakarta.persistence-api/3.1.0/jakarta.persistence-api-3.1.0.jar (165 kB at 463 kB/s)
Progress (4): 1.0/2.1 MB | 0.2/11 MB | 130/162 kB | 156/456 kBProgress (4): 1.0/2.1 MB | 0.2/11 MB | 135/162 kB | 156/456 kBProgress (4): 1.0/2.1 MB | 0.2/11 MB | 139/162 kB | 156/456 kBProgress (4): 1.0/2.1 MB | 0.2/11 MB | 139/162 kB | 156/456 kBProgress (4): 1.0/2.1 MB | 0.2/11 MB | 139/162 kB | 156/456 kBProgress (4): 1.0/2.1 MB | 0.2/11 MB | 139/162 kB | 160/456 kBProgress (4): 1.0/2.1 MB | 0.2/11 MB | 139/162 kB | 160/456 kB                                                              Downloading from central: https://repo.maven.apache.org/maven2/jakarta/transaction/jakarta.transaction-api/2.0.1/jakarta.transaction-api-2.0.1.jar
Progress (4): 1.0/2.1 MB | 0.2/11 MB | 139/162 kB | 160/456 kBProgress (4): 1.0/2.1 MB | 0.2/11 MB | 139/162 kB | 160/456 kBProgress (4): 1.0/2.1 MB | 0.2/11 MB | 139/162 kB | 160/456 kBProgress (4): 1.0/2.1 MB | 0.2/11 MB | 139/162 kB | 160/456 kBProgress (4): 1.1/2.1 MB | 0.2/11 MB | 139/162 kB | 160/456 kBProgress (4): 1.1/2.1 MB | 0.2/11 MB | 139/162 kB | 160/456 kBProgress (4): 1.1/2.1 MB | 0.2/11 MB | 139/162 kB | 164/456 kBProgress (4): 1.1/2.1 MB | 0.2/11 MB | 139/162 kB | 168/456 kBProgress (4): 1.1/2.1 MB | 0.2/11 MB | 139/162 kB | 168/456 kBProgress (4): 1.1/2.1 MB | 0.2/11 MB | 143/162 kB | 168/456 kBProgress (4): 1.1/2.1 MB | 0.2/11 MB | 147/162 kB | 168/456 kBProgress (4): 1.1/2.1 MB | 0.2/11 MB | 147/162 kB | 168/456 kBProgress (4): 1.1/2.1 MB | 0.2/11 MB | 151/162 kB | 168/456 kBProgress (4): 1.1/2.1 MB | 0.2/11 MB | 155/162 kB | 168/456 kBProgress (4): 1.1/2.1 MB | 0.2/11 MB | 155/162 kB | 173/456 kBProgress (4): 1.1/2.1 MB | 0.2/11 MB | 155/162 kB | 177/456 kBProgress (4): 1.1/2.1 MB | 0.2/11 MB | 155/162 kB | 177/456 kBProgress (4): 1.1/2.1 MB | 0.2/11 MB | 155/162 kB | 177/456 kBProgress (4): 1.1/2.1 MB | 0.2/11 MB | 155/162 kB | 177/456 kBProgress (4): 1.1/2.1 MB | 0.2/11 MB | 160/162 kB | 177/456 kBProgress (4): 1.1/2.1 MB | 0.2/11 MB | 162 kB | 177/456 kB    Progress (4): 1.1/2.1 MB | 0.2/11 MB | 162 kB | 177/456 kBProgress (4): 1.1/2.1 MB | 0.2/11 MB | 162 kB | 177/456 kBProgress (4): 1.1/2.1 MB | 0.2/11 MB | 162 kB | 181/456 kBProgress (4): 1.1/2.1 MB | 0.2/11 MB | 162 kB | 185/456 kBProgress (4): 1.1/2.1 MB | 0.2/11 MB | 162 kB | 185/456 kBProgress (4): 1.1/2.1 MB | 0.3/11 MB | 162 kB | 185/456 kBProgress (4): 1.1/2.1 MB | 0.3/11 MB | 162 kB | 189/456 kBProgress (4): 1.1/2.1 MB | 0.3/11 MB | 162 kB | 194/456 kB                                                          Downloaded from central: https://repo.maven.apache.org/maven2/com/zaxxer/HikariCP/5.0.1/HikariCP-5.0.1.jar (162 kB at 419 kB/s)
Downloading from central: https://repo.maven.apache.org/maven2/org/hibernate/common/hibernate-commons-annotations/6.0.6.Final/hibernate-commons-annotations-6.0.6.Final.jar
Progress (3): 1.2/2.1 MB | 0.3/11 MB | 194/456 kBProgress (3): 1.2/2.1 MB | 0.3/11 MB | 194/456 kBProgress (3): 1.2/2.1 MB | 0.3/11 MB | 194/456 kBProgress (3): 1.2/2.1 MB | 0.3/11 MB | 194/456 kBProgress (3): 1.2/2.1 MB | 0.3/11 MB | 198/456 kBProgress (3): 1.2/2.1 MB | 0.3/11 MB | 202/456 kBProgress (3): 1.2/2.1 MB | 0.3/11 MB | 206/456 kBProgress (3): 1.2/2.1 MB | 0.3/11 MB | 211/456 kBProgress (3): 1.2/2.1 MB | 0.3/11 MB | 215/456 kBProgress (3): 1.2/2.1 MB | 0.3/11 MB | 215/456 kBProgress (3): 1.2/2.1 MB | 0.3/11 MB | 215/456 kBProgress (3): 1.2/2.1 MB | 0.3/11 MB | 215/456 kBProgress (4): 1.2/2.1 MB | 0.3/11 MB | 215/456 kB | 3.8/29 kBProgress (4): 1.2/2.1 MB | 0.3/11 MB | 215/456 kB | 8.0/29 kBProgress (4): 1.2/2.1 MB | 0.3/11 MB | 215/456 kB | 12/29 kB Progress (4): 1.2/2.1 MB | 0.3/11 MB | 215/456 kB | 12/29 kBProgress (4): 1.2/2.1 MB | 0.3/11 MB | 215/456 kB | 12/29 kBProgress (4): 1.2/2.1 MB | 0.3/11 MB | 215/456 kB | 16/29 kBProgress (4): 1.2/2.1 MB | 0.3/11 MB | 215/456 kB | 21/29 kBProgress (4): 1.2/2.1 MB | 0.3/11 MB | 215/456 kB | 21/29 kBProgress (4): 1.2/2.1 MB | 0.3/11 MB | 215/456 kB | 21/29 kBProgress (4): 1.2/2.1 MB | 0.3/11 MB | 219/456 kB | 21/29 kBProgress (4): 1.2/2.1 MB | 0.3/11 MB | 223/456 kB | 21/29 kBProgress (4): 1.2/2.1 MB | 0.4/11 MB | 223/456 kB | 21/29 kBProgress (4): 1.2/2.1 MB | 0.4/11 MB | 223/456 kB | 25/29 kBProgress (4): 1.2/2.1 MB | 0.4/11 MB | 223/456 kB | 29 kB   Progress (4): 1.3/2.1 MB | 0.4/11 MB | 223/456 kB | 29 kBProgress (4): 1.3/2.1 MB | 0.4/11 MB | 240/456 kB | 29 kBProgress (4): 1.3/2.1 MB | 0.4/11 MB | 256/456 kB | 29 kB                                                         Downloaded from central: https://repo.maven.apache.org/maven2/jakarta/transaction/jakarta.transaction-api/2.0.1/jakarta.transaction-api-2.0.1.jar (29 kB at 71 kB/s)
Progress (3): 1.3/2.1 MB | 0.4/11 MB | 256/456 kBProgress (3): 1.3/2.1 MB | 0.4/11 MB | 256/456 kBProgress (3): 1.3/2.1 MB | 0.4/11 MB | 256/456 kB                                                 Downloading from central: https://repo.maven.apache.org/maven2/io/smallrye/jandex/3.1.2/jandex-3.1.2.jar
Progress (3): 1.3/2.1 MB | 0.4/11 MB | 256/456 kBProgress (3): 1.3/2.1 MB | 0.4/11 MB | 256/456 kBProgress (3): 1.3/2.1 MB | 0.4/11 MB | 272/456 kBProgress (3): 1.3/2.1 MB | 0.4/11 MB | 287/456 kBProgress (3): 1.3/2.1 MB | 0.4/11 MB | 287/456 kBProgress (3): 1.3/2.1 MB | 0.4/11 MB | 287/456 kBProgress (3): 1.3/2.1 MB | 0.4/11 MB | 287/456 kBProgress (3): 1.3/2.1 MB | 0.4/11 MB | 287/456 kBProgress (3): 1.3/2.1 MB | 0.4/11 MB | 303/456 kBProgress (3): 1.3/2.1 MB | 0.4/11 MB | 319/456 kBProgress (3): 1.3/2.1 MB | 0.4/11 MB | 319/456 kBProgress (3): 1.4/2.1 MB | 0.4/11 MB | 319/456 kBProgress (3): 1.4/2.1 MB | 0.5/11 MB | 319/456 kBProgress (3): 1.4/2.1 MB | 0.5/11 MB | 319/456 kBProgress (3): 1.4/2.1 MB | 0.5/11 MB | 336/456 kBProgress (3): 1.4/2.1 MB | 0.5/11 MB | 348/456 kBProgress (3): 1.4/2.1 MB | 0.5/11 MB | 352/456 kBProgress (3): 1.4/2.1 MB | 0.5/11 MB | 352/456 kBProgress (3): 1.4/2.1 MB | 0.5/11 MB | 352/456 kBProgress (3): 1.4/2.1 MB | 0.5/11 MB | 352/456 kBProgress (3): 1.4/2.1 MB | 0.5/11 MB | 352/456 kBProgress (3): 1.4/2.1 MB | 0.5/11 MB | 352/456 kBProgress (3): 1.4/2.1 MB | 0.5/11 MB | 369/456 kBProgress (3): 1.4/2.1 MB | 0.5/11 MB | 385/456 kBProgress (3): 1.4/2.1 MB | 0.5/11 MB | 385/456 kBProgress (3): 1.4/2.1 MB | 0.5/11 MB | 385/456 kBProgress (3): 1.4/2.1 MB | 0.5/11 MB | 401/456 kBProgress (3): 1.4/2.1 MB | 0.5/11 MB | 401/456 kBProgress (3): 1.5/2.1 MB | 0.5/11 MB | 401/456 kBProgress (3): 1.5/2.1 MB | 0.5/11 MB | 418/456 kBProgress (3): 1.5/2.1 MB | 0.5/11 MB | 418/456 kBProgress (3): 1.5/2.1 MB | 0.5/11 MB | 418/456 kBProgress (3): 1.5/2.1 MB | 0.6/11 MB | 418/456 kBProgress (3): 1.5/2.1 MB | 0.6/11 MB | 418/456 kBProgress (3): 1.5/2.1 MB | 0.6/11 MB | 418/456 kBProgress (3): 1.5/2.1 MB | 0.6/11 MB | 418/456 kBProgress (3): 1.5/2.1 MB | 0.6/11 MB | 434/456 kBProgress (3): 1.5/2.1 MB | 0.6/11 MB | 451/456 kBProgress (3): 1.5/2.1 MB | 0.6/11 MB | 456 kB    Progress (4): 1.5/2.1 MB | 0.6/11 MB | 456 kB | 3.8/327 kBProgress (4): 1.5/2.1 MB | 0.6/11 MB | 456 kB | 8.0/327 kBProgress (4): 1.5/2.1 MB | 0.6/11 MB | 456 kB | 12/327 kB Progress (4): 1.5/2.1 MB | 0.6/11 MB | 456 kB | 16/327 kBProgress (5): 1.5/2.1 MB | 0.6/11 MB | 456 kB | 16/327 kB | 3.8/68 kBProgress (5): 1.5/2.1 MB | 0.6/11 MB | 456 kB | 16/327 kB | 8.0/68 kBProgress (5): 1.5/2.1 MB | 0.6/11 MB | 456 kB | 16/327 kB | 12/68 kB Progress (5): 1.5/2.1 MB | 0.6/11 MB | 456 kB | 20/327 kB | 12/68 kBProgress (5): 1.5/2.1 MB | 0.6/11 MB | 456 kB | 20/327 kB | 16/68 kBProgress (5): 1.5/2.1 MB | 0.6/11 MB | 456 kB | 20/327 kB | 21/68 kBProgress (5): 1.5/2.1 MB | 0.6/11 MB | 456 kB | 20/327 kB | 25/68 kBProgress (5): 1.5/2.1 MB | 0.6/11 MB | 456 kB | 20/327 kB | 29/68 kBProgress (5): 1.5/2.1 MB | 0.6/11 MB | 456 kB | 20/327 kB | 33/68 kBProgress (5): 1.5/2.1 MB | 0.6/11 MB | 456 kB | 20/327 kB | 37/68 kBProgress (5): 1.5/2.1 MB | 0.6/11 MB | 456 kB | 20/327 kB | 37/68 kBProgress (5): 1.5/2.1 MB | 0.6/11 MB | 456 kB | 20/327 kB | 37/68 kBProgress (5): 1.5/2.1 MB | 0.6/11 MB | 456 kB | 20/327 kB | 37/68 kBProgress (5): 1.5/2.1 MB | 0.6/11 MB | 456 kB | 20/327 kB | 37/68 kBProgress (5): 1.5/2.1 MB | 0.6/11 MB | 456 kB | 20/327 kB | 37/68 kBProgress (5): 1.5/2.1 MB | 0.6/11 MB | 456 kB | 20/327 kB | 37/68 kBProgress (5): 1.5/2.1 MB | 0.6/11 MB | 456 kB | 20/327 kB | 37/68 kBProgress (5): 1.5/2.1 MB | 0.6/11 MB | 456 kB | 20/327 kB | 41/68 kBProgress (5): 1.5/2.1 MB | 0.6/11 MB | 456 kB | 20/327 kB | 46/68 kBProgress (5): 1.5/2.1 MB | 0.6/11 MB | 456 kB | 20/327 kB | 50/68 kBProgress (5): 1.5/2.1 MB | 0.6/11 MB | 456 kB | 20/327 kB | 54/68 kBProgress (5): 1.5/2.1 MB | 0.6/11 MB | 456 kB | 20/327 kB | 58/68 kBProgress (5): 1.5/2.1 MB | 0.6/11 MB | 456 kB | 20/327 kB | 68 kB   Progress (5): 1.5/2.1 MB | 0.6/11 MB | 456 kB | 37/327 kB | 68 kBProgress (5): 1.5/2.1 MB | 0.6/11 MB | 456 kB | 53/327 kB | 68 kBProgress (5): 1.5/2.1 MB | 0.6/11 MB | 456 kB | 69/327 kB | 68 kBProgress (5): 1.5/2.1 MB | 0.6/11 MB | 456 kB | 86/327 kB | 68 kB                                                                 Downloaded from central: https://repo.maven.apache.org/maven2/org/springframework/spring-jdbc/6.1.1/spring-jdbc-6.1.1.jar (456 kB at 959 kB/s)
Downloading from central: https://repo.maven.apache.org/maven2/org/antlr/antlr4-runtime/4.10.1/antlr4-runtime-4.10.1.jar
Downloaded from central: https://repo.maven.apache.org/maven2/org/hibernate/common/hibernate-commons-annotations/6.0.6.Final/hibernate-commons-annotations-6.0.6.Final.jar (68 kB at 142 kB/s)
Downloading from central: https://repo.maven.apache.org/maven2/org/springframework/data/spring-data-jpa/3.2.0/spring-data-jpa-3.2.0.jar
Progress (3): 1.5/2.1 MB | 0.6/11 MB | 102/327 kBProgress (3): 1.5/2.1 MB | 0.6/11 MB | 118/327 kBProgress (3): 1.6/2.1 MB | 0.6/11 MB | 118/327 kBProgress (3): 1.6/2.1 MB | 0.6/11 MB | 118/327 kBProgress (3): 1.6/2.1 MB | 0.7/11 MB | 118/327 kBProgress (3): 1.6/2.1 MB | 0.7/11 MB | 118/327 kBProgress (3): 1.6/2.1 MB | 0.7/11 MB | 135/327 kBProgress (3): 1.6/2.1 MB | 0.7/11 MB | 135/327 kBProgress (3): 1.6/2.1 MB | 0.7/11 MB | 135/327 kBProgress (3): 1.6/2.1 MB | 0.7/11 MB | 135/327 kBProgress (3): 1.6/2.1 MB | 0.7/11 MB | 135/327 kBProgress (3): 1.6/2.1 MB | 0.7/11 MB | 151/327 kBProgress (3): 1.6/2.1 MB | 0.7/11 MB | 168/327 kBProgress (3): 1.6/2.1 MB | 0.7/11 MB | 184/327 kBProgress (3): 1.6/2.1 MB | 0.7/11 MB | 200/327 kBProgress (3): 1.6/2.1 MB | 0.7/11 MB | 212/327 kBProgress (3): 1.6/2.1 MB | 0.7/11 MB | 212/327 kBProgress (3): 1.6/2.1 MB | 0.7/11 MB | 212/327 kBProgress (3): 1.6/2.1 MB | 0.7/11 MB | 212/327 kBProgress (3): 1.6/2.1 MB | 0.7/11 MB | 217/327 kBProgress (3): 1.6/2.1 MB | 0.7/11 MB | 217/327 kBProgress (3): 1.6/2.1 MB | 0.7/11 MB | 233/327 kBProgress (3): 1.6/2.1 MB | 0.7/11 MB | 233/327 kBProgress (3): 1.6/2.1 MB | 0.8/11 MB | 233/327 kBProgress (3): 1.7/2.1 MB | 0.8/11 MB | 233/327 kBProgress (3): 1.7/2.1 MB | 0.8/11 MB | 233/327 kBProgress (3): 1.7/2.1 MB | 0.8/11 MB | 233/327 kBProgress (3): 1.7/2.1 MB | 0.8/11 MB | 237/327 kBProgress (3): 1.7/2.1 MB | 0.8/11 MB | 254/327 kBProgress (3): 1.7/2.1 MB | 0.8/11 MB | 262/327 kBProgress (3): 1.7/2.1 MB | 0.8/11 MB | 266/327 kBProgress (3): 1.7/2.1 MB | 0.8/11 MB | 266/327 kBProgress (3): 1.7/2.1 MB | 0.8/11 MB | 266/327 kBProgress (3): 1.7/2.1 MB | 0.8/11 MB | 278/327 kBProgress (3): 1.7/2.1 MB | 0.8/11 MB | 278/327 kBProgress (3): 1.7/2.1 MB | 0.8/11 MB | 278/327 kBProgress (3): 1.7/2.1 MB | 0.8/11 MB | 278/327 kBProgress (3): 1.7/2.1 MB | 0.8/11 MB | 278/327 kBProgress (3): 1.7/2.1 MB | 0.8/11 MB | 278/327 kBProgress (3): 1.7/2.1 MB | 0.8/11 MB | 278/327 kBProgress (3): 1.8/2.1 MB | 0.8/11 MB | 278/327 kBProgress (3): 1.8/2.1 MB | 0.8/11 MB | 295/327 kBProgress (3): 1.8/2.1 MB | 0.8/11 MB | 295/327 kBProgress (3): 1.8/2.1 MB | 0.8/11 MB | 295/327 kBProgress (3): 1.8/2.1 MB | 0.8/11 MB | 295/327 kBProgress (3): 1.8/2.1 MB | 0.8/11 MB | 295/327 kBProgress (3): 1.8/2.1 MB | 0.8/11 MB | 311/327 kBProgress (3): 1.8/2.1 MB | 0.8/11 MB | 327/327 kBProgress (3): 1.8/2.1 MB | 0.9/11 MB | 327/327 kBProgress (3): 1.8/2.1 MB | 0.9/11 MB | 327 kB                                                 Downloaded from central: https://repo.maven.apache.org/maven2/io/smallrye/jandex/3.1.2/jandex-3.1.2.jar (327 kB at 625 kB/s)
Progress (2): 1.8/2.1 MB | 0.9/11 MBProgress (2): 1.8/2.1 MB | 0.9/11 MBProgress (3): 1.8/2.1 MB | 0.9/11 MB | 7.7/322 kBProgress (3): 1.8/2.1 MB | 0.9/11 MB | 16/322 kB Progress (4): 1.8/2.1 MB | 0.9/11 MB | 16/322 kB | 0/1.4 MBProgress (4): 1.8/2.1 MB | 0.9/11 MB | 16/322 kB | 0/1.4 MBProgress (4): 1.8/2.1 MB | 0.9/11 MB | 16/322 kB | 0/1.4 MBProgress (4): 1.8/2.1 MB | 0.9/11 MB | 16/322 kB | 0/1.4 MBProgress (4): 1.8/2.1 MB | 0.9/11 MB | 16/322 kB | 0/1.4 MBProgress (4): 1.8/2.1 MB | 0.9/11 MB | 25/322 kB | 0/1.4 MBProgress (4): 1.8/2.1 MB | 0.9/11 MB | 25/322 kB | 0/1.4 MBProgress (4): 1.8/2.1 MB | 0.9/11 MB | 25/322 kB | 0/1.4 MB                                                           Downloading from central: https://repo.maven.apache.org/maven2/org/springframework/spring-orm/6.1.1/spring-orm-6.1.1.jar
Progress (4): 1.8/2.1 MB | 0.9/11 MB | 41/322 kB | 0/1.4 MBProgress (4): 1.8/2.1 MB | 0.9/11 MB | 41/322 kB | 0/1.4 MBProgress (4): 1.8/2.1 MB | 0.9/11 MB | 41/322 kB | 0/1.4 MBProgress (4): 1.8/2.1 MB | 0.9/11 MB | 41/322 kB | 0/1.4 MBProgress (4): 1.9/2.1 MB | 0.9/11 MB | 41/322 kB | 0/1.4 MBProgress (4): 1.9/2.1 MB | 0.9/11 MB | 41/322 kB | 0/1.4 MBProgress (4): 1.9/2.1 MB | 0.9/11 MB | 41/322 kB | 0.1/1.4 MBProgress (4): 1.9/2.1 MB | 0.9/11 MB | 41/322 kB | 0.1/1.4 MBProgress (4): 1.9/2.1 MB | 1.0/11 MB | 41/322 kB | 0.1/1.4 MBProgress (4): 1.9/2.1 MB | 1.0/11 MB | 41/322 kB | 0.1/1.4 MBProgress (4): 1.9/2.1 MB | 1.0/11 MB | 41/322 kB | 0.1/1.4 MBProgress (4): 1.9/2.1 MB | 1.0/11 MB | 57/322 kB | 0.1/1.4 MBProgress (4): 1.9/2.1 MB | 1.0/11 MB | 57/322 kB | 0.1/1.4 MBProgress (4): 1.9/2.1 MB | 1.0/11 MB | 57/322 kB | 0.1/1.4 MBProgress (4): 1.9/2.1 MB | 1.0/11 MB | 57/322 kB | 0.1/1.4 MBProgress (4): 1.9/2.1 MB | 1.0/11 MB | 57/322 kB | 0.1/1.4 MBProgress (4): 1.9/2.1 MB | 1.0/11 MB | 57/322 kB | 0.1/1.4 MBProgress (4): 1.9/2.1 MB | 1.0/11 MB | 57/322 kB | 0.1/1.4 MBProgress (4): 1.9/2.1 MB | 1.0/11 MB | 57/322 kB | 0.1/1.4 MBProgress (4): 1.9/2.1 MB | 1.0/11 MB | 74/322 kB | 0.1/1.4 MBProgress (4): 2.0/2.1 MB | 1.0/11 MB | 74/322 kB | 0.1/1.4 MBProgress (4): 2.0/2.1 MB | 1.0/11 MB | 74/322 kB | 0.1/1.4 MBProgress (4): 2.0/2.1 MB | 1.0/11 MB | 74/322 kB | 0.1/1.4 MBProgress (4): 2.0/2.1 MB | 1.0/11 MB | 74/322 kB | 0.1/1.4 MBProgress (4): 2.0/2.1 MB | 1.0/11 MB | 74/322 kB | 0.1/1.4 MBProgress (4): 2.0/2.1 MB | 1.0/11 MB | 74/322 kB | 0.1/1.4 MBProgress (4): 2.0/2.1 MB | 1.0/11 MB | 74/322 kB | 0.1/1.4 MBProgress (4): 2.0/2.1 MB | 1.0/11 MB | 90/322 kB | 0.1/1.4 MBProgress (4): 2.0/2.1 MB | 1.0/11 MB | 106/322 kB | 0.1/1.4 MBProgress (4): 2.0/2.1 MB | 1.1/11 MB | 106/322 kB | 0.1/1.4 MBProgress (4): 2.0/2.1 MB | 1.1/11 MB | 106/322 kB | 0.1/1.4 MBProgress (4): 2.0/2.1 MB | 1.1/11 MB | 106/322 kB | 0.2/1.4 MBProgress (4): 2.0/2.1 MB | 1.1/11 MB | 106/322 kB | 0.2/1.4 MBProgress (4): 2.0/2.1 MB | 1.1/11 MB | 106/322 kB | 0.2/1.4 MBProgress (4): 2.0/2.1 MB | 1.1/11 MB | 106/322 kB | 0.2/1.4 MBProgress (5): 2.0/2.1 MB | 1.1/11 MB | 106/322 kB | 0.2/1.4 MB | 7.7/234 kBProgress (5): 2.0/2.1 MB | 1.1/11 MB | 106/322 kB | 0.2/1.4 MB | 16/234 kB Progress (5): 2.0/2.1 MB | 1.1/11 MB | 106/322 kB | 0.2/1.4 MB | 25/234 kBProgress (5): 2.0/2.1 MB | 1.1/11 MB | 106/322 kB | 0.2/1.4 MB | 25/234 kBProgress (5): 2.0/2.1 MB | 1.1/11 MB | 106/322 kB | 0.2/1.4 MB | 25/234 kBProgress (5): 2.0/2.1 MB | 1.1/11 MB | 106/322 kB | 0.2/1.4 MB | 25/234 kBProgress (5): 2.0/2.1 MB | 1.1/11 MB | 106/322 kB | 0.2/1.4 MB | 25/234 kBProgress (5): 2.0/2.1 MB | 1.1/11 MB | 123/322 kB | 0.2/1.4 MB | 25/234 kBProgress (5): 2.0/2.1 MB | 1.1/11 MB | 123/322 kB | 0.2/1.4 MB | 25/234 kBProgress (5): 2.0/2.1 MB | 1.1/11 MB | 123/322 kB | 0.2/1.4 MB | 25/234 kBProgress (5): 2.0/2.1 MB | 1.1/11 MB | 123/322 kB | 0.2/1.4 MB | 25/234 kBProgress (5): 2.0/2.1 MB | 1.1/11 MB | 123/322 kB | 0.2/1.4 MB | 25/234 kBProgress (5): 2.0/2.1 MB | 1.1/11 MB | 123/322 kB | 0.2/1.4 MB | 41/234 kBProgress (5): 2.0/2.1 MB | 1.1/11 MB | 123/322 kB | 0.2/1.4 MB | 57/234 kBProgress (5): 2.0/2.1 MB | 1.2/11 MB | 123/322 kB | 0.2/1.4 MB | 57/234 kBProgress (5): 2.0/2.1 MB | 1.2/11 MB | 123/322 kB | 0.2/1.4 MB | 57/234 kBProgress (5): 2.1/2.1 MB | 1.2/11 MB | 123/322 kB | 0.2/1.4 MB | 57/234 kBProgress (5): 2.1/2.1 MB | 1.2/11 MB | 123/322 kB | 0.2/1.4 MB | 57/234 kBProgress (5): 2.1/2.1 MB | 1.2/11 MB | 139/322 kB | 0.2/1.4 MB | 57/234 kBProgress (5): 2.1/2.1 MB | 1.2/11 MB | 156/322 kB | 0.2/1.4 MB | 57/234 kBProgress (5): 2.1/2.1 MB | 1.2/11 MB | 156/322 kB | 0.2/1.4 MB | 57/234 kBProgress (5): 2.1/2.1 MB | 1.2/11 MB | 156/322 kB | 0.2/1.4 MB | 57/234 kBProgress (5): 2.1/2.1 MB | 1.2/11 MB | 172/322 kB | 0.2/1.4 MB | 57/234 kBProgress (5): 2.1/2.1 MB | 1.2/11 MB | 172/322 kB | 0.3/1.4 MB | 57/234 kBProgress (5): 2.1/2.1 MB | 1.2/11 MB | 172/322 kB | 0.3/1.4 MB | 57/234 kBProgress (5): 2.1/2.1 MB | 1.2/11 MB | 172/322 kB | 0.3/1.4 MB | 57/234 kBProgress (5): 2.1/2.1 MB | 1.2/11 MB | 172/322 kB | 0.3/1.4 MB | 74/234 kBProgress (5): 2.1/2.1 MB | 1.2/11 MB | 172/322 kB | 0.3/1.4 MB | 90/234 kBProgress (5): 2.1/2.1 MB | 1.2/11 MB | 172/322 kB | 0.3/1.4 MB | 90/234 kBProgress (5): 2.1 MB | 1.2/11 MB | 172/322 kB | 0.3/1.4 MB | 90/234 kB    Progress (5): 2.1 MB | 1.2/11 MB | 172/322 kB | 0.3/1.4 MB | 106/234 kBProgress (5): 2.1 MB | 1.2/11 MB | 188/322 kB | 0.3/1.4 MB | 106/234 kBProgress (5): 2.1 MB | 1.2/11 MB | 188/322 kB | 0.3/1.4 MB | 123/234 kBProgress (5): 2.1 MB | 1.2/11 MB | 188/322 kB | 0.3/1.4 MB | 123/234 kBProgress (5): 2.1 MB | 1.2/11 MB | 205/322 kB | 0.3/1.4 MB | 123/234 kBProgress (5): 2.1 MB | 1.2/11 MB | 205/322 kB | 0.3/1.4 MB | 123/234 kBProgress (5): 2.1 MB | 1.2/11 MB | 205/322 kB | 0.3/1.4 MB | 123/234 kBProgress (5): 2.1 MB | 1.2/11 MB | 205/322 kB | 0.3/1.4 MB | 123/234 kBProgress (5): 2.1 MB | 1.2/11 MB | 205/322 kB | 0.3/1.4 MB | 123/234 kBProgress (5): 2.1 MB | 1.3/11 MB | 205/322 kB | 0.3/1.4 MB | 123/234 kBProgress (5): 2.1 MB | 1.3/11 MB | 205/322 kB | 0.3/1.4 MB | 139/234 kBProgress (5): 2.1 MB | 1.3/11 MB | 205/322 kB | 0.3/1.4 MB | 156/234 kBProgress (5): 2.1 MB | 1.3/11 MB | 205/322 kB | 0.3/1.4 MB | 172/234 kB                                                                       Downloaded from central: https://repo.maven.apache.org/maven2/org/aspectj/aspectjweaver/1.9.20.1/aspectjweaver-1.9.20.1.jar (2.1 MB at 3.5 MB/s)
Downloading from central: https://repo.maven.apache.org/maven2/org/springframework/spring-aspects/6.1.1/spring-aspects-6.1.1.jar
Progress (4): 1.3/11 MB | 205/322 kB | 0.3/1.4 MB | 172/234 kBProgress (4): 1.3/11 MB | 205/322 kB | 0.3/1.4 MB | 172/234 kBProgress (4): 1.3/11 MB | 221/322 kB | 0.3/1.4 MB | 172/234 kBProgress (4): 1.3/11 MB | 221/322 kB | 0.4/1.4 MB | 172/234 kBProgress (4): 1.3/11 MB | 221/322 kB | 0.4/1.4 MB | 188/234 kBProgress (4): 1.3/11 MB | 221/322 kB | 0.4/1.4 MB | 188/234 kBProgress (4): 1.3/11 MB | 221/322 kB | 0.4/1.4 MB | 205/234 kBProgress (4): 1.3/11 MB | 221/322 kB | 0.4/1.4 MB | 205/234 kBProgress (4): 1.3/11 MB | 221/322 kB | 0.4/1.4 MB | 205/234 kBProgress (4): 1.3/11 MB | 221/322 kB | 0.4/1.4 MB | 205/234 kBProgress (4): 1.3/11 MB | 221/322 kB | 0.4/1.4 MB | 221/234 kBProgress (4): 1.3/11 MB | 221/322 kB | 0.4/1.4 MB | 234 kB    Progress (4): 1.3/11 MB | 221/322 kB | 0.4/1.4 MB | 234 kBProgress (4): 1.3/11 MB | 221/322 kB | 0.4/1.4 MB | 234 kBProgress (4): 1.3/11 MB | 221/322 kB | 0.4/1.4 MB | 234 kBProgress (4): 1.4/11 MB | 221/322 kB | 0.4/1.4 MB | 234 kBProgress (4): 1.4/11 MB | 238/322 kB | 0.4/1.4 MB | 234 kBProgress (4): 1.4/11 MB | 254/322 kB | 0.4/1.4 MB | 234 kBProgress (4): 1.4/11 MB | 270/322 kB | 0.4/1.4 MB | 234 kB                                                          Downloaded from central: https://repo.maven.apache.org/maven2/org/springframework/spring-orm/6.1.1/spring-orm-6.1.1.jar (234 kB at 364 kB/s)
Downloading from central: https://repo.maven.apache.org/maven2/com/h2database/h2/2.2.224/h2-2.2.224.jar
Progress (3): 1.4/11 MB | 270/322 kB | 0.4/1.4 MBProgress (3): 1.4/11 MB | 270/322 kB | 0.4/1.4 MBProgress (3): 1.4/11 MB | 270/322 kB | 0.5/1.4 MBProgress (3): 1.4/11 MB | 270/322 kB | 0.5/1.4 MBProgress (3): 1.4/11 MB | 287/322 kB | 0.5/1.4 MBProgress (3): 1.4/11 MB | 303/322 kB | 0.5/1.4 MBProgress (3): 1.4/11 MB | 319/322 kB | 0.5/1.4 MBProgress (3): 1.4/11 MB | 322 kB | 0.5/1.4 MB    Progress (3): 1.4/11 MB | 322 kB | 0.5/1.4 MBProgress (3): 1.4/11 MB | 322 kB | 0.5/1.4 MBProgress (3): 1.4/11 MB | 322 kB | 0.5/1.4 MBProgress (3): 1.4/11 MB | 322 kB | 0.5/1.4 MBProgress (3): 1.4/11 MB | 322 kB | 0.5/1.4 MBProgress (3): 1.5/11 MB | 322 kB | 0.5/1.4 MBProgress (3): 1.5/11 MB | 322 kB | 0.5/1.4 MBProgress (3): 1.5/11 MB | 322 kB | 0.5/1.4 MBProgress (3): 1.5/11 MB | 322 kB | 0.5/1.4 MBProgress (3): 1.5/11 MB | 322 kB | 0.5/1.4 MBProgress (3): 1.5/11 MB | 322 kB | 0.5/1.4 MBProgress (4): 1.5/11 MB | 322 kB | 0.5/1.4 MB | 7.7/50 kBProgress (4): 1.5/11 MB | 322 kB | 0.5/1.4 MB | 16/50 kB Progress (4): 1.5/11 MB | 322 kB | 0.5/1.4 MB | 32/50 kBProgress (4): 1.5/11 MB | 322 kB | 0.5/1.4 MB | 49/50 kBProgress (4): 1.5/11 MB | 322 kB | 0.5/1.4 MB | 50 kB                                                        Downloaded from central: https://repo.maven.apache.org/maven2/org/springframework/spring-aspects/6.1.1/spring-aspects-6.1.1.jar (50 kB at 73 kB/s)
Downloading from central: https://repo.maven.apache.org/maven2/org/springframework/boot/spring-boot-starter-oauth2-resource-server/3.2.0/spring-boot-starter-oauth2-resource-server-3.2.0.jar
Downloaded from central: https://repo.maven.apache.org/maven2/org/antlr/antlr4-runtime/4.10.1/antlr4-runtime-4.10.1.jar (322 kB at 467 kB/s)
Downloading from central: https://repo.maven.apache.org/maven2/org/springframework/security/spring-security-oauth2-resource-server/6.2.0/spring-security-oauth2-resource-server-6.2.0.jar
Progress (2): 1.5/11 MB | 0.6/1.4 MBProgress (2): 1.5/11 MB | 0.6/1.4 MBProgress (2): 1.5/11 MB | 0.6/1.4 MBProgress (2): 1.5/11 MB | 0.6/1.4 MBProgress (2): 1.5/11 MB | 0.6/1.4 MBProgress (2): 1.5/11 MB | 0.6/1.4 MBProgress (3): 1.5/11 MB | 0.6/1.4 MB | 0/2.6 MBProgress (3): 1.5/11 MB | 0.6/1.4 MB | 0/2.6 MBProgress (3): 1.5/11 MB | 0.6/1.4 MB | 0/2.6 MBProgress (3): 1.5/11 MB | 0.6/1.4 MB | 0.1/2.6 MBProgress (3): 1.5/11 MB | 0.6/1.4 MB | 0.1/2.6 MBProgress (3): 1.5/11 MB | 0.6/1.4 MB | 0.1/2.6 MBProgress (3): 1.5/11 MB | 0.6/1.4 MB | 0.1/2.6 MBProgress (3): 1.5/11 MB | 0.6/1.4 MB | 0.1/2.6 MBProgress (3): 1.5/11 MB | 0.6/1.4 MB | 0.1/2.6 MBProgress (3): 1.5/11 MB | 0.7/1.4 MB | 0.1/2.6 MBProgress (3): 1.5/11 MB | 0.7/1.4 MB | 0.1/2.6 MBProgress (3): 1.5/11 MB | 0.7/1.4 MB | 0.1/2.6 MBProgress (3): 1.5/11 MB | 0.7/1.4 MB | 0.2/2.6 MBProgress (3): 1.5/11 MB | 0.7/1.4 MB | 0.2/2.6 MBProgress (3): 1.5/11 MB | 0.7/1.4 MB | 0.2/2.6 MBProgress (3): 1.5/11 MB | 0.7/1.4 MB | 0.2/2.6 MBProgress (3): 1.5/11 MB | 0.7/1.4 MB | 0.2/2.6 MBProgress (3): 1.5/11 MB | 0.7/1.4 MB | 0.2/2.6 MBProgress (3): 1.5/11 MB | 0.7/1.4 MB | 0.2/2.6 MBProgress (3): 1.5/11 MB | 0.7/1.4 MB | 0.2/2.6 MBProgress (3): 1.5/11 MB | 0.7/1.4 MB | 0.2/2.6 MBProgress (3): 1.5/11 MB | 0.7/1.4 MB | 0.2/2.6 MBProgress (3): 1.5/11 MB | 0.7/1.4 MB | 0.2/2.6 MBProgress (3): 1.5/11 MB | 0.7/1.4 MB | 0.2/2.6 MBProgress (4): 1.5/11 MB | 0.7/1.4 MB | 0.2/2.6 MB | 4.8 kB                                                          Downloaded from central: https://repo.maven.apache.org/maven2/org/springframework/boot/spring-boot-starter-oauth2-resource-server/3.2.0/spring-boot-starter-oauth2-resource-server-3.2.0.jar (4.8 kB at 6.6 kB/s)
Downloading from central: https://repo.maven.apache.org/maven2/org/springframework/security/spring-security-oauth2-core/6.2.0/spring-security-oauth2-core-6.2.0.jar
Progress (3): 1.5/11 MB | 0.7/1.4 MB | 0.2/2.6 MBProgress (3): 1.5/11 MB | 0.7/1.4 MB | 0.2/2.6 MBProgress (3): 1.5/11 MB | 0.7/1.4 MB | 0.2/2.6 MBProgress (3): 1.5/11 MB | 0.7/1.4 MB | 0.2/2.6 MBProgress (3): 1.5/11 MB | 0.7/1.4 MB | 0.2/2.6 MBProgress (3): 1.6/11 MB | 0.7/1.4 MB | 0.2/2.6 MBProgress (3): 1.6/11 MB | 0.7/1.4 MB | 0.2/2.6 MBProgress (3): 1.6/11 MB | 0.7/1.4 MB | 0.3/2.6 MBProgress (3): 1.6/11 MB | 0.8/1.4 MB | 0.3/2.6 MBProgress (3): 1.6/11 MB | 0.8/1.4 MB | 0.3/2.6 MBProgress (3): 1.6/11 MB | 0.8/1.4 MB | 0.3/2.6 MBProgress (3): 1.6/11 MB | 0.8/1.4 MB | 0.3/2.6 MBProgress (3): 1.6/11 MB | 0.8/1.4 MB | 0.3/2.6 MBProgress (3): 1.6/11 MB | 0.8/1.4 MB | 0.3/2.6 MBProgress (3): 1.6/11 MB | 0.8/1.4 MB | 0.3/2.6 MBProgress (3): 1.6/11 MB | 0.8/1.4 MB | 0.3/2.6 MBProgress (3): 1.6/11 MB | 0.8/1.4 MB | 0.3/2.6 MBProgress (3): 1.6/11 MB | 0.8/1.4 MB | 0.3/2.6 MBProgress (3): 1.7/11 MB | 0.8/1.4 MB | 0.3/2.6 MBProgress (3): 1.7/11 MB | 0.8/1.4 MB | 0.3/2.6 MBProgress (3): 1.7/11 MB | 0.8/1.4 MB | 0.3/2.6 MBProgress (3): 1.7/11 MB | 0.8/1.4 MB | 0.3/2.6 MBProgress (4): 1.7/11 MB | 0.8/1.4 MB | 0.3/2.6 MB | 3.7/99 kBProgress (4): 1.7/11 MB | 0.9/1.4 MB | 0.3/2.6 MB | 3.7/99 kBProgress (4): 1.7/11 MB | 0.9/1.4 MB | 0.3/2.6 MB | 3.7/99 kBProgress (4): 1.7/11 MB | 0.9/1.4 MB | 0.3/2.6 MB | 3.7/99 kBProgress (4): 1.7/11 MB | 0.9/1.4 MB | 0.3/2.6 MB | 3.7/99 kBProgress (4): 1.7/11 MB | 0.9/1.4 MB | 0.4/2.6 MB | 3.7/99 kBProgress (4): 1.7/11 MB | 0.9/1.4 MB | 0.4/2.6 MB | 3.7/99 kBProgress (4): 1.7/11 MB | 0.9/1.4 MB | 0.4/2.6 MB | 20/99 kB Progress (4): 1.7/11 MB | 0.9/1.4 MB | 0.4/2.6 MB | 20/99 kBProgress (4): 1.7/11 MB | 0.9/1.4 MB | 0.4/2.6 MB | 37/99 kBProgress (4): 1.7/11 MB | 0.9/1.4 MB | 0.4/2.6 MB | 37/99 kBProgress (4): 1.7/11 MB | 0.9/1.4 MB | 0.4/2.6 MB | 37/99 kBProgress (4): 1.7/11 MB | 0.9/1.4 MB | 0.4/2.6 MB | 37/99 kBProgress (4): 1.7/11 MB | 0.9/1.4 MB | 0.4/2.6 MB | 53/99 kBProgress (4): 1.7/11 MB | 0.9/1.4 MB | 0.4/2.6 MB | 53/99 kBProgress (5): 1.7/11 MB | 0.9/1.4 MB | 0.4/2.6 MB | 53/99 kB | 7.7/105 kBProgress (5): 1.7/11 MB | 0.9/1.4 MB | 0.4/2.6 MB | 53/99 kB | 8.2/105 kBProgress (5): 1.7/11 MB | 0.9/1.4 MB | 0.4/2.6 MB | 53/99 kB | 8.2/105 kBProgress (5): 1.7/11 MB | 0.9/1.4 MB | 0.4/2.6 MB | 53/99 kB | 8.2/105 kBProgress (5): 1.7/11 MB | 0.9/1.4 MB | 0.4/2.6 MB | 53/99 kB | 8.2/105 kBProgress (5): 1.7/11 MB | 0.9/1.4 MB | 0.4/2.6 MB | 53/99 kB | 25/105 kB Progress (5): 1.7/11 MB | 0.9/1.4 MB | 0.4/2.6 MB | 53/99 kB | 25/105 kBProgress (5): 1.7/11 MB | 0.9/1.4 MB | 0.4/2.6 MB | 69/99 kB | 25/105 kBProgress (5): 1.8/11 MB | 0.9/1.4 MB | 0.4/2.6 MB | 69/99 kB | 25/105 kBProgress (5): 1.8/11 MB | 0.9/1.4 MB | 0.4/2.6 MB | 69/99 kB | 25/105 kBProgress (5): 1.8/11 MB | 0.9/1.4 MB | 0.4/2.6 MB | 69/99 kB | 41/105 kBProgress (5): 1.8/11 MB | 0.9/1.4 MB | 0.4/2.6 MB | 69/99 kB | 41/105 kBProgress (5): 1.8/11 MB | 0.9/1.4 MB | 0.4/2.6 MB | 69/99 kB | 41/105 kBProgress (5): 1.8/11 MB | 0.9/1.4 MB | 0.4/2.6 MB | 69/99 kB | 41/105 kBProgress (5): 1.8/11 MB | 0.9/1.4 MB | 0.4/2.6 MB | 69/99 kB | 57/105 kBProgress (5): 1.8/11 MB | 0.9/1.4 MB | 0.4/2.6 MB | 69/99 kB | 57/105 kBProgress (5): 1.8/11 MB | 0.9/1.4 MB | 0.4/2.6 MB | 69/99 kB | 74/105 kBProgress (5): 1.8/11 MB | 0.9/1.4 MB | 0.4/2.6 MB | 86/99 kB | 74/105 kBProgress (5): 1.8/11 MB | 0.9/1.4 MB | 0.5/2.6 MB | 86/99 kB | 74/105 kBProgress (5): 1.8/11 MB | 0.9/1.4 MB | 0.5/2.6 MB | 86/99 kB | 74/105 kBProgress (5): 1.8/11 MB | 0.9/1.4 MB | 0.5/2.6 MB | 86/99 kB | 74/105 kBProgress (5): 1.8/11 MB | 0.9/1.4 MB | 0.5/2.6 MB | 86/99 kB | 90/105 kBProgress (5): 1.8/11 MB | 0.9/1.4 MB | 0.5/2.6 MB | 86/99 kB | 90/105 kBProgress (5): 1.8/11 MB | 0.9/1.4 MB | 0.5/2.6 MB | 86/99 kB | 90/105 kBProgress (5): 1.8/11 MB | 1.0/1.4 MB | 0.5/2.6 MB | 86/99 kB | 90/105 kBProgress (5): 1.8/11 MB | 1.0/1.4 MB | 0.5/2.6 MB | 86/99 kB | 90/105 kBProgress (5): 1.8/11 MB | 1.0/1.4 MB | 0.5/2.6 MB | 86/99 kB | 90/105 kBProgress (5): 1.8/11 MB | 1.0/1.4 MB | 0.5/2.6 MB | 86/99 kB | 90/105 kBProgress (5): 1.8/11 MB | 1.0/1.4 MB | 0.5/2.6 MB | 99 kB | 90/105 kB   Progress (5): 1.8/11 MB | 1.0/1.4 MB | 0.5/2.6 MB | 99 kB | 90/105 kBProgress (5): 1.8/11 MB | 1.0/1.4 MB | 0.5/2.6 MB | 99 kB | 90/105 kBProgress (5): 1.9/11 MB | 1.0/1.4 MB | 0.5/2.6 MB | 99 kB | 90/105 kBProgress (5): 1.9/11 MB | 1.0/1.4 MB | 0.5/2.6 MB | 99 kB | 105 kB                                                                     Downloaded from central: https://repo.maven.apache.org/maven2/org/springframework/security/spring-security-oauth2-core/6.2.0/spring-security-oauth2-core-6.2.0.jar (105 kB at 135 kB/s)
Progress (4): 1.9/11 MB | 1.0/1.4 MB | 0.5/2.6 MB | 99 kBProgress (4): 1.9/11 MB | 1.0/1.4 MB | 0.5/2.6 MB | 99 kBProgress (4): 1.9/11 MB | 1.0/1.4 MB | 0.5/2.6 MB | 99 kBProgress (4): 1.9/11 MB | 1.0/1.4 MB | 0.5/2.6 MB | 99 kBProgress (4): 1.9/11 MB | 1.0/1.4 MB | 0.5/2.6 MB | 99 kBProgress (4): 1.9/11 MB | 1.0/1.4 MB | 0.5/2.6 MB | 99 kB                                                         Downloaded from central: https://repo.maven.apache.org/maven2/org/springframework/security/spring-security-oauth2-resource-server/6.2.0/spring-security-oauth2-resource-server-6.2.0.jar (99 kB at 127 kB/s)
Downloading from central: https://repo.maven.apache.org/maven2/com/nimbusds/nimbus-jose-jwt/9.24.4/nimbus-jose-jwt-9.24.4.jar
Downloading from central: https://repo.maven.apache.org/maven2/org/springframework/security/spring-security-oauth2-jose/6.2.0/spring-security-oauth2-jose-6.2.0.jar
Progress (3): 1.9/11 MB | 1.0/1.4 MB | 0.6/2.6 MBProgress (3): 1.9/11 MB | 1.0/1.4 MB | 0.6/2.6 MBProgress (3): 1.9/11 MB | 1.0/1.4 MB | 0.6/2.6 MBProgress (3): 1.9/11 MB | 1.1/1.4 MB | 0.6/2.6 MBProgress (3): 1.9/11 MB | 1.1/1.4 MB | 0.6/2.6 MBProgress (3): 1.9/11 MB | 1.1/1.4 MB | 0.6/2.6 MBProgress (3): 1.9/11 MB | 1.1/1.4 MB | 0.6/2.6 MBProgress (3): 1.9/11 MB | 1.1/1.4 MB | 0.6/2.6 MBProgress (3): 1.9/11 MB | 1.1/1.4 MB | 0.6/2.6 MBProgress (3): 1.9/11 MB | 1.1/1.4 MB | 0.6/2.6 MBProgress (3): 1.9/11 MB | 1.1/1.4 MB | 0.6/2.6 MBProgress (3): 1.9/11 MB | 1.1/1.4 MB | 0.6/2.6 MBProgress (3): 1.9/11 MB | 1.1/1.4 MB | 0.6/2.6 MBProgress (3): 1.9/11 MB | 1.1/1.4 MB | 0.6/2.6 MBProgress (3): 2.0/11 MB | 1.1/1.4 MB | 0.6/2.6 MBProgress (3): 2.0/11 MB | 1.1/1.4 MB | 0.6/2.6 MBProgress (3): 2.0/11 MB | 1.1/1.4 MB | 0.6/2.6 MBProgress (3): 2.0/11 MB | 1.2/1.4 MB | 0.6/2.6 MBProgress (3): 2.0/11 MB | 1.2/1.4 MB | 0.6/2.6 MBProgress (3): 2.0/11 MB | 1.2/1.4 MB | 0.6/2.6 MBProgress (3): 2.0/11 MB | 1.2/1.4 MB | 0.6/2.6 MBProgress (3): 2.0/11 MB | 1.2/1.4 MB | 0.6/2.6 MBProgress (3): 2.0/11 MB | 1.2/1.4 MB | 0.6/2.6 MBProgress (3): 2.0/11 MB | 1.2/1.4 MB | 0.7/2.6 MBProgress (3): 2.0/11 MB | 1.2/1.4 MB | 0.7/2.6 MBProgress (3): 2.0/11 MB | 1.2/1.4 MB | 0.7/2.6 MBProgress (3): 2.0/11 MB | 1.2/1.4 MB | 0.7/2.6 MBProgress (3): 2.0/11 MB | 1.2/1.4 MB | 0.7/2.6 MBProgress (3): 2.0/11 MB | 1.2/1.4 MB | 0.7/2.6 MBProgress (3): 2.0/11 MB | 1.2/1.4 MB | 0.7/2.6 MBProgress (3): 2.0/11 MB | 1.2/1.4 MB | 0.7/2.6 MBProgress (3): 2.0/11 MB | 1.2/1.4 MB | 0.7/2.6 MBProgress (3): 2.0/11 MB | 1.2/1.4 MB | 0.7/2.6 MBProgress (3): 2.0/11 MB | 1.2/1.4 MB | 0.7/2.6 MBProgress (3): 2.1/11 MB | 1.2/1.4 MB | 0.7/2.6 MBProgress (3): 2.1/11 MB | 1.2/1.4 MB | 0.7/2.6 MBProgress (4): 2.1/11 MB | 1.2/1.4 MB | 0.7/2.6 MB | 7.7/681 kBProgress (4): 2.1/11 MB | 1.2/1.4 MB | 0.7/2.6 MB | 7.7/681 kBProgress (4): 2.1/11 MB | 1.2/1.4 MB | 0.7/2.6 MB | 7.7/681 kBProgress (4): 2.1/11 MB | 1.3/1.4 MB | 0.7/2.6 MB | 7.7/681 kBProgress (4): 2.1/11 MB | 1.3/1.4 MB | 0.7/2.6 MB | 7.7/681 kBProgress (4): 2.1/11 MB | 1.3/1.4 MB | 0.8/2.6 MB | 7.7/681 kBProgress (4): 2.1/11 MB | 1.3/1.4 MB | 0.8/2.6 MB | 16/681 kB Progress (4): 2.1/11 MB | 1.3/1.4 MB | 0.8/2.6 MB | 25/681 kBProgress (4): 2.1/11 MB | 1.3/1.4 MB | 0.8/2.6 MB | 25/681 kBProgress (4): 2.1/11 MB | 1.3/1.4 MB | 0.8/2.6 MB | 25/681 kBProgress (4): 2.1/11 MB | 1.3/1.4 MB | 0.8/2.6 MB | 25/681 kBProgress (4): 2.1/11 MB | 1.3/1.4 MB | 0.8/2.6 MB | 25/681 kBProgress (4): 2.1/11 MB | 1.3/1.4 MB | 0.8/2.6 MB | 41/681 kBProgress (4): 2.1/11 MB | 1.3/1.4 MB | 0.8/2.6 MB | 57/681 kBProgress (4): 2.1/11 MB | 1.3/1.4 MB | 0.8/2.6 MB | 57/681 kBProgress (4): 2.1/11 MB | 1.3/1.4 MB | 0.8/2.6 MB | 57/681 kBProgress (4): 2.1/11 MB | 1.3/1.4 MB | 0.8/2.6 MB | 57/681 kBProgress (4): 2.1/11 MB | 1.3/1.4 MB | 0.8/2.6 MB | 57/681 kBProgress (4): 2.1/11 MB | 1.3/1.4 MB | 0.8/2.6 MB | 57/681 kBProgress (4): 2.2/11 MB | 1.3/1.4 MB | 0.8/2.6 MB | 57/681 kBProgress (4): 2.2/11 MB | 1.3/1.4 MB | 0.8/2.6 MB | 57/681 kBProgress (4): 2.2/11 MB | 1.3/1.4 MB | 0.8/2.6 MB | 57/681 kBProgress (4): 2.2/11 MB | 1.3/1.4 MB | 0.8/2.6 MB | 74/681 kBProgress (4): 2.2/11 MB | 1.3/1.4 MB | 0.8/2.6 MB | 90/681 kBProgress (4): 2.2/11 MB | 1.3/1.4 MB | 0.8/2.6 MB | 90/681 kBProgress (4): 2.2/11 MB | 1.3/1.4 MB | 0.8/2.6 MB | 90/681 kBProgress (4): 2.2/11 MB | 1.3/1.4 MB | 0.8/2.6 MB | 90/681 kBProgress (4): 2.2/11 MB | 1.3/1.4 MB | 0.8/2.6 MB | 106/681 kBProgress (4): 2.2/11 MB | 1.3/1.4 MB | 0.8/2.6 MB | 106/681 kBProgress (5): 2.2/11 MB | 1.3/1.4 MB | 0.8/2.6 MB | 106/681 kB | 7.7/97 kBProgress (5): 2.2/11 MB | 1.3/1.4 MB | 0.8/2.6 MB | 106/681 kB | 16/97 kB Progress (5): 2.2/11 MB | 1.3/1.4 MB | 0.8/2.6 MB | 106/681 kB | 25/97 kBProgress (5): 2.2/11 MB | 1.3/1.4 MB | 0.8/2.6 MB | 123/681 kB | 25/97 kBProgress (5): 2.2/11 MB | 1.3/1.4 MB | 0.8/2.6 MB | 139/681 kB | 25/97 kBProgress (5): 2.2/11 MB | 1.3/1.4 MB | 0.9/2.6 MB | 139/681 kB | 25/97 kBProgress (5): 2.2/11 MB | 1.3/1.4 MB | 0.9/2.6 MB | 139/681 kB | 25/97 kBProgress (5): 2.2/11 MB | 1.3/1.4 MB | 0.9/2.6 MB | 139/681 kB | 25/97 kBProgress (5): 2.2/11 MB | 1.3/1.4 MB | 0.9/2.6 MB | 139/681 kB | 25/97 kBProgress (5): 2.2/11 MB | 1.3/1.4 MB | 0.9/2.6 MB | 139/681 kB | 25/97 kBProgress (5): 2.2/11 MB | 1.3/1.4 MB | 0.9/2.6 MB | 156/681 kB | 25/97 kBProgress (5): 2.2/11 MB | 1.3/1.4 MB | 0.9/2.6 MB | 156/681 kB | 25/97 kBProgress (5): 2.2/11 MB | 1.3/1.4 MB | 0.9/2.6 MB | 156/681 kB | 41/97 kBProgress (5): 2.2/11 MB | 1.3/1.4 MB | 0.9/2.6 MB | 156/681 kB | 57/97 kBProgress (5): 2.2/11 MB | 1.4/1.4 MB | 0.9/2.6 MB | 156/681 kB | 57/97 kBProgress (5): 2.2/11 MB | 1.4/1.4 MB | 0.9/2.6 MB | 156/681 kB | 57/97 kBProgress (5): 2.2/11 MB | 1.4/1.4 MB | 0.9/2.6 MB | 172/681 kB | 57/97 kBProgress (5): 2.2/11 MB | 1.4/1.4 MB | 0.9/2.6 MB | 172/681 kB | 57/97 kBProgress (5): 2.2/11 MB | 1.4/1.4 MB | 0.9/2.6 MB | 172/681 kB | 57/97 kBProgress (5): 2.2/11 MB | 1.4/1.4 MB | 0.9/2.6 MB | 172/681 kB | 57/97 kBProgress (5): 2.2/11 MB | 1.4/1.4 MB | 0.9/2.6 MB | 188/681 kB | 57/97 kBProgress (5): 2.2/11 MB | 1.4/1.4 MB | 0.9/2.6 MB | 188/681 kB | 74/97 kBProgress (5): 2.2/11 MB | 1.4/1.4 MB | 0.9/2.6 MB | 188/681 kB | 74/97 kBProgress (5): 2.2/11 MB | 1.4/1.4 MB | 1.0/2.6 MB | 188/681 kB | 74/97 kBProgress (5): 2.2/11 MB | 1.4/1.4 MB | 1.0/2.6 MB | 188/681 kB | 74/97 kBProgress (5): 2.2/11 MB | 1.4/1.4 MB | 1.0/2.6 MB | 188/681 kB | 74/97 kBProgress (5): 2.3/11 MB | 1.4/1.4 MB | 1.0/2.6 MB | 188/681 kB | 74/97 kBProgress (5): 2.3/11 MB | 1.4/1.4 MB | 1.0/2.6 MB | 188/681 kB | 74/97 kBProgress (5): 2.3/11 MB | 1.4/1.4 MB | 1.0/2.6 MB | 205/681 kB | 74/97 kBProgress (5): 2.3/11 MB | 1.4/1.4 MB | 1.0/2.6 MB | 205/681 kB | 74/97 kBProgress (5): 2.3/11 MB | 1.4/1.4 MB | 1.0/2.6 MB | 205/681 kB | 74/97 kBProgress (5): 2.3/11 MB | 1.4/1.4 MB | 1.0/2.6 MB | 221/681 kB | 74/97 kBProgress (5): 2.3/11 MB | 1.4/1.4 MB | 1.0/2.6 MB | 221/681 kB | 74/97 kBProgress (5): 2.3/11 MB | 1.4/1.4 MB | 1.0/2.6 MB | 221/681 kB | 90/97 kBProgress (5): 2.3/11 MB | 1.4/1.4 MB | 1.0/2.6 MB | 221/681 kB | 97 kB   Progress (5): 2.3/11 MB | 1.4/1.4 MB | 1.0/2.6 MB | 221/681 kB | 97 kBProgress (5): 2.3/11 MB | 1.4/1.4 MB | 1.0/2.6 MB | 238/681 kB | 97 kBProgress (5): 2.3/11 MB | 1.4/1.4 MB | 1.0/2.6 MB | 254/681 kB | 97 kBProgress (5): 2.3/11 MB | 1.4/1.4 MB | 1.0/2.6 MB | 270/681 kB | 97 kBProgress (5): 2.3/11 MB | 1.4/1.4 MB | 1.0/2.6 MB | 270/681 kB | 97 kBProgress (5): 2.3/11 MB | 1.4/1.4 MB | 1.0/2.6 MB | 270/681 kB | 97 kB                                                                      Downloaded from central: https://repo.maven.apache.org/maven2/org/springframework/security/spring-security-oauth2-jose/6.2.0/spring-security-oauth2-jose-6.2.0.jar (97 kB at 113 kB/s)
Downloading from central: https://repo.maven.apache.org/maven2/com/github/stephenc/jcip/jcip-annotations/1.0-1/jcip-annotations-1.0-1.jar
Progress (4): 2.3/11 MB | 1.4/1.4 MB | 1.0/2.6 MB | 270/681 kBProgress (4): 2.3/11 MB | 1.4/1.4 MB | 1.0/2.6 MB | 270/681 kBProgress (4): 2.3/11 MB | 1.4/1.4 MB | 1.1/2.6 MB | 270/681 kBProgress (4): 2.3/11 MB | 1.4/1.4 MB | 1.1/2.6 MB | 287/681 kBProgress (4): 2.3/11 MB | 1.4/1.4 MB | 1.1/2.6 MB | 303/681 kBProgress (4): 2.3/11 MB | 1.4/1.4 MB | 1.1/2.6 MB | 303/681 kBProgress (4): 2.3/11 MB | 1.4 MB | 1.1/2.6 MB | 303/681 kB                                                              Downloaded from central: https://repo.maven.apache.org/maven2/org/springframework/data/spring-data-jpa/3.2.0/spring-data-jpa-3.2.0.jar (1.4 MB at 1.7 MB/s)
Progress (3): 2.3/11 MB | 1.1/2.6 MB | 303/681 kB                                                 Downloading from central: https://repo.maven.apache.org/maven2/io/jsonwebtoken/jjwt-api/0.11.5/jjwt-api-0.11.5.jar
Progress (3): 2.3/11 MB | 1.1/2.6 MB | 319/681 kBProgress (3): 2.3/11 MB | 1.1/2.6 MB | 336/681 kBProgress (3): 2.3/11 MB | 1.1/2.6 MB | 336/681 kBProgress (3): 2.3/11 MB | 1.1/2.6 MB | 336/681 kBProgress (3): 2.3/11 MB | 1.1/2.6 MB | 336/681 kBProgress (3): 2.4/11 MB | 1.1/2.6 MB | 336/681 kBProgress (3): 2.4/11 MB | 1.1/2.6 MB | 352/681 kBProgress (3): 2.4/11 MB | 1.1/2.6 MB | 369/681 kBProgress (3): 2.4/11 MB | 1.1/2.6 MB | 385/681 kBProgress (3): 2.4/11 MB | 1.1/2.6 MB | 385/681 kBProgress (3): 2.4/11 MB | 1.1/2.6 MB | 385/681 kBProgress (3): 2.4/11 MB | 1.1/2.6 MB | 385/681 kBProgress (3): 2.4/11 MB | 1.1/2.6 MB | 385/681 kBProgress (3): 2.4/11 MB | 1.1/2.6 MB | 385/681 kBProgress (3): 2.4/11 MB | 1.1/2.6 MB | 385/681 kBProgress (3): 2.4/11 MB | 1.1/2.6 MB | 401/681 kBProgress (3): 2.4/11 MB | 1.1/2.6 MB | 401/681 kBProgress (3): 2.4/11 MB | 1.2/2.6 MB | 401/681 kBProgress (3): 2.4/11 MB | 1.2/2.6 MB | 401/681 kBProgress (3): 2.4/11 MB | 1.2/2.6 MB | 418/681 kBProgress (3): 2.4/11 MB | 1.2/2.6 MB | 434/681 kBProgress (3): 2.4/11 MB | 1.2/2.6 MB | 451/681 kBProgress (3): 2.4/11 MB | 1.2/2.6 MB | 451/681 kBProgress (3): 2.4/11 MB | 1.2/2.6 MB | 467/681 kBProgress (3): 2.4/11 MB | 1.2/2.6 MB | 467/681 kBProgress (3): 2.4/11 MB | 1.2/2.6 MB | 483/681 kBProgress (4): 2.4/11 MB | 1.2/2.6 MB | 483/681 kB | 4.7 kBProgress (4): 2.5/11 MB | 1.2/2.6 MB | 483/681 kB | 4.7 kB                                                          Downloaded from central: https://repo.maven.apache.org/maven2/com/github/stephenc/jcip/jcip-annotations/1.0-1/jcip-annotations-1.0-1.jar (4.7 kB at 5.2 kB/s)
Progress (3): 2.5/11 MB | 1.2/2.6 MB | 500/681 kBProgress (3): 2.5/11 MB | 1.2/2.6 MB | 500/681 kBProgress (3): 2.5/11 MB | 1.2/2.6 MB | 500/681 kB                                                 Downloading from central: https://repo.maven.apache.org/maven2/io/jsonwebtoken/jjwt-impl/0.11.5/jjwt-impl-0.11.5.jar
Progress (3): 2.5/11 MB | 1.2/2.6 MB | 500/681 kBProgress (3): 2.5/11 MB | 1.2/2.6 MB | 500/681 kBProgress (3): 2.5/11 MB | 1.2/2.6 MB | 516/681 kBProgress (3): 2.5/11 MB | 1.2/2.6 MB | 532/681 kBProgress (3): 2.5/11 MB | 1.2/2.6 MB | 549/681 kBProgress (3): 2.5/11 MB | 1.2/2.6 MB | 549/681 kBProgress (3): 2.5/11 MB | 1.2/2.6 MB | 549/681 kBProgress (3): 2.5/11 MB | 1.2/2.6 MB | 549/681 kBProgress (3): 2.5/11 MB | 1.3/2.6 MB | 549/681 kBProgress (3): 2.5/11 MB | 1.3/2.6 MB | 565/681 kBProgress (3): 2.5/11 MB | 1.3/2.6 MB | 582/681 kBProgress (3): 2.5/11 MB | 1.3/2.6 MB | 598/681 kBProgress (3): 2.5/11 MB | 1.3/2.6 MB | 598/681 kBProgress (3): 2.6/11 MB | 1.3/2.6 MB | 598/681 kBProgress (3): 2.6/11 MB | 1.3/2.6 MB | 598/681 kBProgress (3): 2.6/11 MB | 1.3/2.6 MB | 598/681 kBProgress (3): 2.6/11 MB | 1.3/2.6 MB | 598/681 kBProgress (3): 2.6/11 MB | 1.3/2.6 MB | 614/681 kBProgress (3): 2.6/11 MB | 1.3/2.6 MB | 614/681 kBProgress (4): 2.6/11 MB | 1.3/2.6 MB | 614/681 kB | 7.7/77 kBProgress (4): 2.6/11 MB | 1.3/2.6 MB | 614/681 kB | 16/77 kB Progress (4): 2.6/11 MB | 1.3/2.6 MB | 614/681 kB | 32/77 kBProgress (4): 2.6/11 MB | 1.3/2.6 MB | 631/681 kB | 32/77 kBProgress (4): 2.6/11 MB | 1.3/2.6 MB | 647/681 kB | 32/77 kBProgress (4): 2.6/11 MB | 1.3/2.6 MB | 664/681 kB | 32/77 kBProgress (4): 2.6/11 MB | 1.3/2.6 MB | 664/681 kB | 32/77 kBProgress (4): 2.6/11 MB | 1.3/2.6 MB | 664/681 kB | 32/77 kBProgress (4): 2.6/11 MB | 1.3/2.6 MB | 664/681 kB | 32/77 kBProgress (4): 2.6/11 MB | 1.3/2.6 MB | 664/681 kB | 49/77 kBProgress (4): 2.6/11 MB | 1.3/2.6 MB | 664/681 kB | 65/77 kBProgress (4): 2.6/11 MB | 1.3/2.6 MB | 664/681 kB | 77 kB   Progress (4): 2.6/11 MB | 1.3/2.6 MB | 664/681 kB | 77 kBProgress (4): 2.6/11 MB | 1.3/2.6 MB | 664/681 kB | 77 kBProgress (4): 2.6/11 MB | 1.3/2.6 MB | 664/681 kB | 77 kBProgress (4): 2.7/11 MB | 1.3/2.6 MB | 664/681 kB | 77 kBProgress (4): 2.7/11 MB | 1.3/2.6 MB | 680/681 kB | 77 kBProgress (4): 2.7/11 MB | 1.3/2.6 MB | 681 kB | 77 kB    Progress (4): 2.7/11 MB | 1.4/2.6 MB | 681 kB | 77 kBProgress (4): 2.7/11 MB | 1.4/2.6 MB | 681 kB | 77 kB                                                     Downloaded from central: https://repo.maven.apache.org/maven2/io/jsonwebtoken/jjwt-api/0.11.5/jjwt-api-0.11.5.jar (77 kB at 82 kB/s)
Downloaded from central: https://repo.maven.apache.org/maven2/com/nimbusds/nimbus-jose-jwt/9.24.4/nimbus-jose-jwt-9.24.4.jar (681 kB at 725 kB/s)
Downloading from central: https://repo.maven.apache.org/maven2/io/jsonwebtoken/jjwt-jackson/0.11.5/jjwt-jackson-0.11.5.jar
Downloading from central: https://repo.maven.apache.org/maven2/org/postgresql/postgresql/42.6.0/postgresql-42.6.0.jar
Progress (2): 2.7/11 MB | 1.4/2.6 MBProgress (2): 2.7/11 MB | 1.4/2.6 MBProgress (2): 2.7/11 MB | 1.4/2.6 MBProgress (2): 2.7/11 MB | 1.4/2.6 MBProgress (2): 2.7/11 MB | 1.4/2.6 MBProgress (2): 2.7/11 MB | 1.4/2.6 MBProgress (2): 2.7/11 MB | 1.4/2.6 MBProgress (2): 2.7/11 MB | 1.4/2.6 MBProgress (2): 2.7/11 MB | 1.4/2.6 MBProgress (2): 2.7/11 MB | 1.4/2.6 MBProgress (2): 2.7/11 MB | 1.5/2.6 MBProgress (2): 2.7/11 MB | 1.5/2.6 MBProgress (2): 2.7/11 MB | 1.5/2.6 MBProgress (2): 2.8/11 MB | 1.5/2.6 MBProgress (2): 2.8/11 MB | 1.5/2.6 MBProgress (2): 2.8/11 MB | 1.5/2.6 MBProgress (2): 2.8/11 MB | 1.5/2.6 MBProgress (2): 2.8/11 MB | 1.5/2.6 MBProgress (2): 2.8/11 MB | 1.5/2.6 MBProgress (2): 2.8/11 MB | 1.6/2.6 MBProgress (2): 2.8/11 MB | 1.6/2.6 MBProgress (2): 2.8/11 MB | 1.6/2.6 MBProgress (2): 2.8/11 MB | 1.6/2.6 MBProgress (2): 2.8/11 MB | 1.6/2.6 MBProgress (2): 2.8/11 MB | 1.6/2.6 MBProgress (2): 2.9/11 MB | 1.6/2.6 MBProgress (2): 2.9/11 MB | 1.6/2.6 MBProgress (2): 2.9/11 MB | 1.6/2.6 MBProgress (2): 2.9/11 MB | 1.6/2.6 MBProgress (2): 2.9/11 MB | 1.6/2.6 MBProgress (2): 2.9/11 MB | 1.6/2.6 MBProgress (3): 2.9/11 MB | 1.6/2.6 MB | 3.8/81 kBProgress (3): 2.9/11 MB | 1.6/2.6 MB | 3.8/81 kBProgress (3): 2.9/11 MB | 1.7/2.6 MB | 3.8/81 kBProgress (3): 2.9/11 MB | 1.7/2.6 MB | 3.8/81 kBProgress (4): 2.9/11 MB | 1.7/2.6 MB | 3.8/81 kB | 7.7/8.2 kBProgress (4): 2.9/11 MB | 1.7/2.6 MB | 3.8/81 kB | 8.2 kB    Progress (4): 2.9/11 MB | 1.7/2.6 MB | 3.8/81 kB | 8.2 kBProgress (4): 2.9/11 MB | 1.7/2.6 MB | 3.8/81 kB | 8.2 kBProgress (4): 2.9/11 MB | 1.7/2.6 MB | 20/81 kB | 8.2 kB                                                         Downloaded from central: https://repo.maven.apache.org/maven2/io/jsonwebtoken/jjwt-jackson/0.11.5/jjwt-jackson-0.11.5.jar (8.2 kB at 8.5 kB/s)
Downloading from central: https://repo.maven.apache.org/maven2/org/springframework/security/spring-security-test/6.2.0/spring-security-test-6.2.0.jar
Progress (3): 2.9/11 MB | 1.7/2.6 MB | 37/81 kBProgress (3): 2.9/11 MB | 1.7/2.6 MB | 37/81 kBProgress (3): 2.9/11 MB | 1.7/2.6 MB | 37/81 kBProgress (3): 3.0/11 MB | 1.7/2.6 MB | 37/81 kBProgress (3): 3.0/11 MB | 1.7/2.6 MB | 37/81 kBProgress (3): 3.0/11 MB | 1.7/2.6 MB | 37/81 kBProgress (3): 3.0/11 MB | 1.7/2.6 MB | 37/81 kBProgress (3): 3.0/11 MB | 1.7/2.6 MB | 37/81 kBProgress (3): 3.0/11 MB | 1.7/2.6 MB | 53/81 kBProgress (3): 3.0/11 MB | 1.7/2.6 MB | 69/81 kBProgress (3): 3.0/11 MB | 1.7/2.6 MB | 69/81 kBProgress (3): 3.0/11 MB | 1.8/2.6 MB | 69/81 kBProgress (3): 3.0/11 MB | 1.8/2.6 MB | 81 kB   Progress (3): 3.0/11 MB | 1.8/2.6 MB | 81 kBProgress (3): 3.0/11 MB | 1.8/2.6 MB | 81 kBProgress (3): 3.0/11 MB | 1.8/2.6 MB | 81 kBProgress (3): 3.1/11 MB | 1.8/2.6 MB | 81 kB                                            Downloaded from central: https://repo.maven.apache.org/maven2/io/jsonwebtoken/jjwt-impl/0.11.5/jjwt-impl-0.11.5.jar (81 kB at 82 kB/s)
Progress (2): 3.1/11 MB | 1.8/2.6 MBProgress (2): 3.1/11 MB | 1.8/2.6 MBProgress (2): 3.1/11 MB | 1.8/2.6 MBProgress (2): 3.1/11 MB | 1.8/2.6 MBProgress (2): 3.1/11 MB | 1.8/2.6 MBProgress (2): 3.1/11 MB | 1.8/2.6 MBProgress (2): 3.1/11 MB | 1.8/2.6 MBProgress (2): 3.1/11 MB | 1.8/2.6 MBProgress (2): 3.1/11 MB | 1.8/2.6 MBProgress (2): 3.1/11 MB | 1.9/2.6 MBProgress (2): 3.1/11 MB | 1.9/2.6 MBProgress (2): 3.1/11 MB | 1.9/2.6 MBProgress (2): 3.2/11 MB | 1.9/2.6 MBProgress (2): 3.2/11 MB | 1.9/2.6 MBProgress (2): 3.2/11 MB | 1.9/2.6 MBProgress (2): 3.2/11 MB | 1.9/2.6 MBProgress (2): 3.2/11 MB | 1.9/2.6 MBProgress (2): 3.2/11 MB | 1.9/2.6 MBProgress (2): 3.2/11 MB | 1.9/2.6 MBProgress (2): 3.2/11 MB | 1.9/2.6 MBProgress (2): 3.2/11 MB | 1.9/2.6 MBProgress (2): 3.2/11 MB | 1.9/2.6 MBProgress (2): 3.2/11 MB | 1.9/2.6 MBProgress (2): 3.3/11 MB | 1.9/2.6 MBProgress (2): 3.3/11 MB | 1.9/2.6 MBProgress (2): 3.3/11 MB | 1.9/2.6 MBProgress (2): 3.3/11 MB | 2.0/2.6 MBProgress (2): 3.3/11 MB | 2.0/2.6 MBProgress (2): 3.3/11 MB | 2.0/2.6 MBProgress (2): 3.3/11 MB | 2.0/2.6 MBProgress (3): 3.3/11 MB | 2.0/2.6 MB | 0/1.1 MBProgress (3): 3.3/11 MB | 2.0/2.6 MB | 0/1.1 MBProgress (4): 3.3/11 MB | 2.0/2.6 MB | 0/1.1 MB | 7.7/132 kBProgress (4): 3.3/11 MB | 2.0/2.6 MB | 0/1.1 MB | 16/132 kB Progress (4): 3.3/11 MB | 2.0/2.6 MB | 0/1.1 MB | 25/132 kBProgress (4): 3.3/11 MB | 2.0/2.6 MB | 0/1.1 MB | 25/132 kBProgress (4): 3.3/11 MB | 2.0/2.6 MB | 0/1.1 MB | 25/132 kBProgress (4): 3.3/11 MB | 2.0/2.6 MB | 0/1.1 MB | 25/132 kBProgress (4): 3.3/11 MB | 2.0/2.6 MB | 0/1.1 MB | 25/132 kBProgress (4): 3.4/11 MB | 2.0/2.6 MB | 0/1.1 MB | 25/132 kBProgress (4): 3.4/11 MB | 2.0/2.6 MB | 0/1.1 MB | 41/132 kBProgress (4): 3.4/11 MB | 2.0/2.6 MB | 0/1.1 MB | 41/132 kBProgress (4): 3.4/11 MB | 2.0/2.6 MB | 0/1.1 MB | 41/132 kBProgress (4): 3.4/11 MB | 2.0/2.6 MB | 0/1.1 MB | 41/132 kBProgress (4): 3.4/11 MB | 2.0/2.6 MB | 0/1.1 MB | 41/132 kBProgress (4): 3.4/11 MB | 2.0/2.6 MB | 0/1.1 MB | 41/132 kBProgress (4): 3.4/11 MB | 2.0/2.6 MB | 0/1.1 MB | 41/132 kBProgress (4): 3.4/11 MB | 2.0/2.6 MB | 0/1.1 MB | 41/132 kBProgress (4): 3.4/11 MB | 2.0/2.6 MB | 0/1.1 MB | 41/132 kBProgress (4): 3.4/11 MB | 2.0/2.6 MB | 0/1.1 MB | 41/132 kBProgress (4): 3.5/11 MB | 2.0/2.6 MB | 0/1.1 MB | 41/132 kBProgress (4): 3.5/11 MB | 2.1/2.6 MB | 0/1.1 MB | 41/132 kBProgress (4): 3.5/11 MB | 2.1/2.6 MB | 0/1.1 MB | 41/132 kBProgress (4): 3.5/11 MB | 2.1/2.6 MB | 0/1.1 MB | 57/132 kBProgress (4): 3.5/11 MB | 2.1/2.6 MB | 0.1/1.1 MB | 57/132 kBProgress (4): 3.5/11 MB | 2.1/2.6 MB | 0.1/1.1 MB | 74/132 kBProgress (4): 3.5/11 MB | 2.1/2.6 MB | 0.1/1.1 MB | 74/132 kBProgress (4): 3.5/11 MB | 2.1/2.6 MB | 0.1/1.1 MB | 90/132 kBProgress (4): 3.5/11 MB | 2.1/2.6 MB | 0.1/1.1 MB | 90/132 kBProgress (4): 3.5/11 MB | 2.1/2.6 MB | 0.1/1.1 MB | 90/132 kBProgress (4): 3.5/11 MB | 2.1/2.6 MB | 0.1/1.1 MB | 90/132 kBProgress (4): 3.5/11 MB | 2.1/2.6 MB | 0.1/1.1 MB | 90/132 kBProgress (4): 3.5/11 MB | 2.1/2.6 MB | 0.1/1.1 MB | 106/132 kBProgress (4): 3.5/11 MB | 2.1/2.6 MB | 0.1/1.1 MB | 123/132 kBProgress (4): 3.5/11 MB | 2.1/2.6 MB | 0.1/1.1 MB | 132 kB                                                              Downloaded from central: https://repo.maven.apache.org/maven2/org/springframework/security/spring-security-test/6.2.0/spring-security-test-6.2.0.jar (132 kB at 131 kB/s)
Progress (3): 3.5/11 MB | 2.1/2.6 MB | 0.1/1.1 MBProgress (3): 3.5/11 MB | 2.1/2.6 MB | 0.1/1.1 MBProgress (3): 3.5/11 MB | 2.1/2.6 MB | 0.1/1.1 MBProgress (3): 3.5/11 MB | 2.1/2.6 MB | 0.1/1.1 MBProgress (3): 3.5/11 MB | 2.1/2.6 MB | 0.1/1.1 MBProgress (3): 3.5/11 MB | 2.1/2.6 MB | 0.1/1.1 MBProgress (3): 3.6/11 MB | 2.1/2.6 MB | 0.1/1.1 MBProgress (3): 3.6/11 MB | 2.1/2.6 MB | 0.1/1.1 MBProgress (3): 3.6/11 MB | 2.1/2.6 MB | 0.1/1.1 MBProgress (3): 3.6/11 MB | 2.1/2.6 MB | 0.1/1.1 MBProgress (3): 3.6/11 MB | 2.1/2.6 MB | 0.1/1.1 MBProgress (3): 3.6/11 MB | 2.1/2.6 MB | 0.1/1.1 MBProgress (3): 3.6/11 MB | 2.1/2.6 MB | 0.2/1.1 MBProgress (3): 3.6/11 MB | 2.1/2.6 MB | 0.2/1.1 MBProgress (3): 3.6/11 MB | 2.2/2.6 MB | 0.2/1.1 MBProgress (3): 3.6/11 MB | 2.2/2.6 MB | 0.2/1.1 MBProgress (3): 3.6/11 MB | 2.2/2.6 MB | 0.2/1.1 MBProgress (3): 3.6/11 MB | 2.2/2.6 MB | 0.2/1.1 MBProgress (3): 3.6/11 MB | 2.2/2.6 MB | 0.2/1.1 MBProgress (3): 3.6/11 MB | 2.2/2.6 MB | 0.2/1.1 MBProgress (3): 3.6/11 MB | 2.2/2.6 MB | 0.2/1.1 MBProgress (3): 3.6/11 MB | 2.2/2.6 MB | 0.2/1.1 MBProgress (3): 3.6/11 MB | 2.2/2.6 MB | 0.2/1.1 MBProgress (3): 3.7/11 MB | 2.2/2.6 MB | 0.2/1.1 MBProgress (3): 3.7/11 MB | 2.2/2.6 MB | 0.2/1.1 MBProgress (3): 3.7/11 MB | 2.2/2.6 MB | 0.2/1.1 MBProgress (3): 3.7/11 MB | 2.2/2.6 MB | 0.2/1.1 MBProgress (3): 3.7/11 MB | 2.2/2.6 MB | 0.2/1.1 MBProgress (3): 3.7/11 MB | 2.2/2.6 MB | 0.2/1.1 MBProgress (3): 3.7/11 MB | 2.2/2.6 MB | 0.2/1.1 MBProgress (3): 3.7/11 MB | 2.2/2.6 MB | 0.2/1.1 MBProgress (3): 3.7/11 MB | 2.3/2.6 MB | 0.2/1.1 MBProgress (3): 3.7/11 MB | 2.3/2.6 MB | 0.2/1.1 MBProgress (3): 3.7/11 MB | 2.3/2.6 MB | 0.2/1.1 MBProgress (3): 3.7/11 MB | 2.3/2.6 MB | 0.2/1.1 MBProgress (3): 3.7/11 MB | 2.3/2.6 MB | 0.2/1.1 MBProgress (3): 3.7/11 MB | 2.3/2.6 MB | 0.2/1.1 MBProgress (3): 3.7/11 MB | 2.3/2.6 MB | 0.3/1.1 MBProgress (3): 3.7/11 MB | 2.3/2.6 MB | 0.3/1.1 MBProgress (3): 3.7/11 MB | 2.3/2.6 MB | 0.3/1.1 MBProgress (3): 3.7/11 MB | 2.3/2.6 MB | 0.3/1.1 MBProgress (3): 3.7/11 MB | 2.3/2.6 MB | 0.3/1.1 MBProgress (3): 3.8/11 MB | 2.3/2.6 MB | 0.3/1.1 MBProgress (3): 3.8/11 MB | 2.3/2.6 MB | 0.3/1.1 MBProgress (3): 3.8/11 MB | 2.3/2.6 MB | 0.3/1.1 MBProgress (3): 3.8/11 MB | 2.3/2.6 MB | 0.3/1.1 MBProgress (3): 3.8/11 MB | 2.3/2.6 MB | 0.3/1.1 MBProgress (3): 3.8/11 MB | 2.4/2.6 MB | 0.3/1.1 MBProgress (3): 3.8/11 MB | 2.4/2.6 MB | 0.3/1.1 MBProgress (3): 3.8/11 MB | 2.4/2.6 MB | 0.3/1.1 MBProgress (3): 3.8/11 MB | 2.4/2.6 MB | 0.3/1.1 MBProgress (3): 3.9/11 MB | 2.4/2.6 MB | 0.3/1.1 MBProgress (3): 3.9/11 MB | 2.4/2.6 MB | 0.3/1.1 MBProgress (3): 3.9/11 MB | 2.4/2.6 MB | 0.3/1.1 MBProgress (3): 3.9/11 MB | 2.4/2.6 MB | 0.3/1.1 MBProgress (3): 3.9/11 MB | 2.4/2.6 MB | 0.3/1.1 MBProgress (3): 3.9/11 MB | 2.4/2.6 MB | 0.3/1.1 MBProgress (3): 3.9/11 MB | 2.4/2.6 MB | 0.3/1.1 MBProgress (3): 3.9/11 MB | 2.4/2.6 MB | 0.3/1.1 MBProgress (3): 3.9/11 MB | 2.4/2.6 MB | 0.4/1.1 MBProgress (3): 3.9/11 MB | 2.4/2.6 MB | 0.4/1.1 MBProgress (3): 3.9/11 MB | 2.4/2.6 MB | 0.4/1.1 MBProgress (3): 3.9/11 MB | 2.4/2.6 MB | 0.4/1.1 MBProgress (3): 3.9/11 MB | 2.4/2.6 MB | 0.4/1.1 MBProgress (3): 3.9/11 MB | 2.4/2.6 MB | 0.4/1.1 MBProgress (3): 3.9/11 MB | 2.5/2.6 MB | 0.4/1.1 MBProgress (3): 3.9/11 MB | 2.5/2.6 MB | 0.4/1.1 MBProgress (3): 3.9/11 MB | 2.5/2.6 MB | 0.4/1.1 MBProgress (3): 3.9/11 MB | 2.5/2.6 MB | 0.4/1.1 MBProgress (3): 3.9/11 MB | 2.5/2.6 MB | 0.4/1.1 MBProgress (3): 3.9/11 MB | 2.5/2.6 MB | 0.4/1.1 MBProgress (3): 4.0/11 MB | 2.5/2.6 MB | 0.4/1.1 MBProgress (3): 4.0/11 MB | 2.5/2.6 MB | 0.4/1.1 MBProgress (3): 4.0/11 MB | 2.5/2.6 MB | 0.4/1.1 MBProgress (3): 4.0/11 MB | 2.5/2.6 MB | 0.4/1.1 MBProgress (3): 4.0/11 MB | 2.5/2.6 MB | 0.4/1.1 MBProgress (3): 4.0/11 MB | 2.5/2.6 MB | 0.4/1.1 MBProgress (3): 4.0/11 MB | 2.5/2.6 MB | 0.4/1.1 MBProgress (3): 4.0/11 MB | 2.6/2.6 MB | 0.4/1.1 MBProgress (3): 4.0/11 MB | 2.6/2.6 MB | 0.4/1.1 MBProgress (3): 4.0/11 MB | 2.6/2.6 MB | 0.4/1.1 MBProgress (3): 4.0/11 MB | 2.6/2.6 MB | 0.4/1.1 MBProgress (3): 4.0/11 MB | 2.6/2.6 MB | 0.4/1.1 MBProgress (3): 4.0/11 MB | 2.6/2.6 MB | 0.5/1.1 MBProgress (3): 4.0/11 MB | 2.6/2.6 MB | 0.5/1.1 MBProgress (3): 4.0/11 MB | 2.6/2.6 MB | 0.5/1.1 MBProgress (3): 4.0/11 MB | 2.6 MB | 0.5/1.1 MB    Progress (3): 4.0/11 MB | 2.6 MB | 0.5/1.1 MBProgress (3): 4.1/11 MB | 2.6 MB | 0.5/1.1 MBProgress (3): 4.1/11 MB | 2.6 MB | 0.5/1.1 MBProgress (3): 4.1/11 MB | 2.6 MB | 0.5/1.1 MBProgress (3): 4.1/11 MB | 2.6 MB | 0.5/1.1 MBProgress (3): 4.1/11 MB | 2.6 MB | 0.5/1.1 MB                                             Downloaded from central: https://repo.maven.apache.org/maven2/com/h2database/h2/2.2.224/h2-2.2.224.jar (2.6 MB at 2.4 MB/s)
Progress (2): 4.1/11 MB | 0.5/1.1 MBProgress (2): 4.1/11 MB | 0.5/1.1 MBProgress (2): 4.1/11 MB | 0.5/1.1 MBProgress (2): 4.1/11 MB | 0.5/1.1 MBProgress (2): 4.1/11 MB | 0.5/1.1 MBProgress (2): 4.1/11 MB | 0.5/1.1 MBProgress (2): 4.2/11 MB | 0.5/1.1 MBProgress (2): 4.2/11 MB | 0.5/1.1 MBProgress (2): 4.2/11 MB | 0.5/1.1 MBProgress (2): 4.2/11 MB | 0.5/1.1 MBProgress (2): 4.2/11 MB | 0.5/1.1 MBProgress (2): 4.2/11 MB | 0.5/1.1 MBProgress (2): 4.2/11 MB | 0.6/1.1 MBProgress (2): 4.2/11 MB | 0.6/1.1 MBProgress (2): 4.3/11 MB | 0.6/1.1 MBProgress (2): 4.3/11 MB | 0.6/1.1 MBProgress (2): 4.3/11 MB | 0.6/1.1 MBProgress (2): 4.3/11 MB | 0.6/1.1 MBProgress (2): 4.3/11 MB | 0.6/1.1 MBProgress (2): 4.3/11 MB | 0.6/1.1 MBProgress (2): 4.3/11 MB | 0.6/1.1 MBProgress (2): 4.3/11 MB | 0.6/1.1 MBProgress (2): 4.3/11 MB | 0.6/1.1 MBProgress (2): 4.4/11 MB | 0.6/1.1 MBProgress (2): 4.4/11 MB | 0.6/1.1 MBProgress (2): 4.4/11 MB | 0.6/1.1 MBProgress (2): 4.4/11 MB | 0.6/1.1 MBProgress (2): 4.4/11 MB | 0.6/1.1 MBProgress (2): 4.4/11 MB | 0.6/1.1 MBProgress (2): 4.4/11 MB | 0.6/1.1 MBProgress (2): 4.4/11 MB | 0.6/1.1 MBProgress (2): 4.5/11 MB | 0.6/1.1 MBProgress (2): 4.5/11 MB | 0.7/1.1 MBProgress (2): 4.5/11 MB | 0.7/1.1 MBProgress (2): 4.5/11 MB | 0.7/1.1 MBProgress (2): 4.5/11 MB | 0.7/1.1 MBProgress (2): 4.5/11 MB | 0.7/1.1 MBProgress (2): 4.5/11 MB | 0.7/1.1 MBProgress (2): 4.5/11 MB | 0.7/1.1 MBProgress (2): 4.5/11 MB | 0.7/1.1 MBProgress (2): 4.5/11 MB | 0.7/1.1 MBProgress (2): 4.6/11 MB | 0.7/1.1 MBProgress (2): 4.6/11 MB | 0.7/1.1 MBProgress (2): 4.6/11 MB | 0.7/1.1 MBProgress (2): 4.6/11 MB | 0.7/1.1 MBProgress (2): 4.6/11 MB | 0.7/1.1 MBProgress (2): 4.6/11 MB | 0.7/1.1 MBProgress (2): 4.6/11 MB | 0.7/1.1 MBProgress (2): 4.7/11 MB | 0.7/1.1 MBProgress (2): 4.7/11 MB | 0.7/1.1 MBProgress (2): 4.7/11 MB | 0.7/1.1 MBProgress (2): 4.7/11 MB | 0.7/1.1 MBProgress (2): 4.7/11 MB | 0.7/1.1 MBProgress (2): 4.7/11 MB | 0.8/1.1 MBProgress (2): 4.7/11 MB | 0.8/1.1 MBProgress (2): 4.7/11 MB | 0.8/1.1 MBProgress (2): 4.7/11 MB | 0.8/1.1 MBProgress (2): 4.7/11 MB | 0.8/1.1 MBProgress (2): 4.7/11 MB | 0.8/1.1 MBProgress (2): 4.8/11 MB | 0.8/1.1 MBProgress (2): 4.8/11 MB | 0.8/1.1 MBProgress (2): 4.8/11 MB | 0.8/1.1 MBProgress (2): 4.8/11 MB | 0.8/1.1 MBProgress (2): 4.8/11 MB | 0.8/1.1 MBProgress (2): 4.8/11 MB | 0.8/1.1 MBProgress (2): 4.8/11 MB | 0.8/1.1 MBProgress (2): 4.8/11 MB | 0.8/1.1 MBProgress (2): 4.8/11 MB | 0.8/1.1 MBProgress (2): 4.8/11 MB | 0.9/1.1 MBProgress (2): 4.9/11 MB | 0.9/1.1 MBProgress (2): 4.9/11 MB | 0.9/1.1 MBProgress (2): 4.9/11 MB | 0.9/1.1 MBProgress (2): 4.9/11 MB | 0.9/1.1 MBProgress (2): 4.9/11 MB | 0.9/1.1 MBProgress (2): 4.9/11 MB | 0.9/1.1 MBProgress (2): 4.9/11 MB | 0.9/1.1 MBProgress (2): 4.9/11 MB | 0.9/1.1 MBProgress (2): 5.0/11 MB | 0.9/1.1 MBProgress (2): 5.0/11 MB | 0.9/1.1 MBProgress (2): 5.0/11 MB | 0.9/1.1 MBProgress (2): 5.0/11 MB | 0.9/1.1 MBProgress (2): 5.0/11 MB | 0.9/1.1 MBProgress (2): 5.0/11 MB | 0.9/1.1 MBProgress (2): 5.0/11 MB | 0.9/1.1 MBProgress (2): 5.0/11 MB | 1.0/1.1 MBProgress (2): 5.0/11 MB | 1.0/1.1 MBProgress (2): 5.0/11 MB | 1.0/1.1 MBProgress (2): 5.1/11 MB | 1.0/1.1 MBProgress (2): 5.1/11 MB | 1.0/1.1 MBProgress (2): 5.1/11 MB | 1.0/1.1 MBProgress (2): 5.1/11 MB | 1.0/1.1 MBProgress (2): 5.1/11 MB | 1.0/1.1 MBProgress (2): 5.1/11 MB | 1.0/1.1 MBProgress (2): 5.1/11 MB | 1.0/1.1 MBProgress (2): 5.1/11 MB | 1.0/1.1 MBProgress (2): 5.1/11 MB | 1.0/1.1 MBProgress (2): 5.1/11 MB | 1.0/1.1 MBProgress (2): 5.2/11 MB | 1.0/1.1 MBProgress (2): 5.2/11 MB | 1.0/1.1 MBProgress (2): 5.2/11 MB | 1.0/1.1 MBProgress (2): 5.2/11 MB | 1.0/1.1 MBProgress (2): 5.2/11 MB | 1.1/1.1 MBProgress (2): 5.2/11 MB | 1.1/1.1 MBProgress (2): 5.2/11 MB | 1.1/1.1 MBProgress (2): 5.2/11 MB | 1.1/1.1 MBProgress (2): 5.2/11 MB | 1.1/1.1 MBProgress (2): 5.2/11 MB | 1.1/1.1 MBProgress (2): 5.2/11 MB | 1.1 MB                                    Downloaded from central: https://repo.maven.apache.org/maven2/org/postgresql/postgresql/42.6.0/postgresql-42.6.0.jar (1.1 MB at 910 kB/s)
Progress (1): 5.3/11 MBProgress (1): 5.3/11 MBProgress (1): 5.3/11 MBProgress (1): 5.3/11 MBProgress (1): 5.3/11 MBProgress (1): 5.3/11 MBProgress (1): 5.4/11 MBProgress (1): 5.4/11 MBProgress (1): 5.4/11 MBProgress (1): 5.4/11 MBProgress (1): 5.4/11 MBProgress (1): 5.4/11 MBProgress (1): 5.5/11 MBProgress (1): 5.5/11 MBProgress (1): 5.5/11 MBProgress (1): 5.5/11 MBProgress (1): 5.5/11 MBProgress (1): 5.5/11 MBProgress (1): 5.6/11 MBProgress (1): 5.6/11 MBProgress (1): 5.6/11 MBProgress (1): 5.6/11 MBProgress (1): 5.6/11 MBProgress (1): 5.6/11 MBProgress (1): 5.7/11 MBProgress (1): 5.7/11 MBProgress (1): 5.7/11 MBProgress (1): 5.7/11 MBProgress (1): 5.7/11 MBProgress (1): 5.7/11 MBProgress (1): 5.8/11 MBProgress (1): 5.8/11 MBProgress (1): 5.8/11 MBProgress (1): 5.8/11 MBProgress (1): 5.8/11 MBProgress (1): 5.8/11 MBProgress (1): 5.9/11 MBProgress (1): 5.9/11 MBProgress (1): 5.9/11 MBProgress (1): 5.9/11 MBProgress (1): 5.9/11 MBProgress (1): 5.9/11 MBProgress (1): 5.9/11 MBProgress (1): 6.0/11 MBProgress (1): 6.0/11 MBProgress (1): 6.0/11 MBProgress (1): 6.0/11 MBProgress (1): 6.0/11 MBProgress (1): 6.0/11 MBProgress (1): 6.1/11 MBProgress (1): 6.1/11 MBProgress (1): 6.1/11 MBProgress (1): 6.1/11 MBProgress (1): 6.1/11 MBProgress (1): 6.1/11 MBProgress (1): 6.2/11 MBProgress (1): 6.2/11 MBProgress (1): 6.2/11 MBProgress (1): 6.2/11 MBProgress (1): 6.2/11 MBProgress (1): 6.2/11 MBProgress (1): 6.2/11 MBProgress (1): 6.3/11 MBProgress (1): 6.3/11 MBProgress (1): 6.3/11 MBProgress (1): 6.3/11 MBProgress (1): 6.3/11 MBProgress (1): 6.3/11 MBProgress (1): 6.4/11 MBProgress (1): 6.4/11 MBProgress (1): 6.4/11 MBProgress (1): 6.4/11 MBProgress (1): 6.4/11 MBProgress (1): 6.4/11 MBProgress (1): 6.5/11 MBProgress (1): 6.5/11 MBProgress (1): 6.5/11 MBProgress (1): 6.5/11 MBProgress (1): 6.5/11 MBProgress (1): 6.5/11 MBProgress (1): 6.6/11 MBProgress (1): 6.6/11 MBProgress (1): 6.6/11 MBProgress (1): 6.6/11 MBProgress (1): 6.6/11 MBProgress (1): 6.6/11 MBProgress (1): 6.7/11 MBProgress (1): 6.7/11 MBProgress (1): 6.7/11 MBProgress (1): 6.7/11 MBProgress (1): 6.7/11 MBProgress (1): 6.7/11 MBProgress (1): 6.8/11 MBProgress (1): 6.8/11 MBProgress (1): 6.8/11 MBProgress (1): 6.8/11 MBProgress (1): 6.8/11 MBProgress (1): 6.8/11 MBProgress (1): 6.9/11 MBProgress (1): 6.9/11 MBProgress (1): 6.9/11 MBProgress (1): 6.9/11 MBProgress (1): 6.9/11 MBProgress (1): 6.9/11 MBProgress (1): 7.0/11 MBProgress (1): 7.0/11 MBProgress (1): 7.0/11 MBProgress (1): 7.0/11 MBProgress (1): 7.0/11 MBProgress (1): 7.0/11 MBProgress (1): 7.0/11 MBProgress (1): 7.1/11 MBProgress (1): 7.1/11 MBProgress (1): 7.1/11 MBProgress (1): 7.1/11 MBProgress (1): 7.1/11 MBProgress (1): 7.1/11 MBProgress (1): 7.2/11 MBProgress (1): 7.2/11 MBProgress (1): 7.2/11 MBProgress (1): 7.2/11 MBProgress (1): 7.2/11 MBProgress (1): 7.2/11 MBProgress (1): 7.3/11 MBProgress (1): 7.3/11 MBProgress (1): 7.3/11 MBProgress (1): 7.3/11 MBProgress (1): 7.3/11 MBProgress (1): 7.3/11 MBProgress (1): 7.4/11 MBProgress (1): 7.4/11 MBProgress (1): 7.4/11 MBProgress (1): 7.4/11 MBProgress (1): 7.4/11 MBProgress (1): 7.4/11 MBProgress (1): 7.4/11 MBProgress (1): 7.5/11 MBProgress (1): 7.5/11 MBProgress (1): 7.5/11 MBProgress (1): 7.5/11 MBProgress (1): 7.5/11 MBProgress (1): 7.5/11 MBProgress (1): 7.6/11 MBProgress (1): 7.6/11 MBProgress (1): 7.6/11 MBProgress (1): 7.6/11 MBProgress (1): 7.6/11 MBProgress (1): 7.6/11 MBProgress (1): 7.7/11 MBProgress (1): 7.7/11 MBProgress (1): 7.7/11 MBProgress (1): 7.7/11 MBProgress (1): 7.7/11 MBProgress (1): 7.7/11 MBProgress (1): 7.8/11 MBProgress (1): 7.8/11 MBProgress (1): 7.8/11 MBProgress (1): 7.8/11 MBProgress (1): 7.8/11 MBProgress (1): 7.8/11 MBProgress (1): 7.9/11 MBProgress (1): 7.9/11 MBProgress (1): 7.9/11 MBProgress (1): 7.9/11 MBProgress (1): 7.9/11 MBProgress (1): 7.9/11 MBProgress (1): 8.0/11 MBProgress (1): 8.0/11 MBProgress (1): 8.0/11 MBProgress (1): 8.0/11 MBProgress (1): 8.0/11 MBProgress (1): 8.0/11 MBProgress (1): 8.0/11 MBProgress (1): 8.1/11 MBProgress (1): 8.1/11 MBProgress (1): 8.1/11 MBProgress (1): 8.1/11 MBProgress (1): 8.1/11 MBProgress (1): 8.1/11 MBProgress (1): 8.2/11 MBProgress (1): 8.2/11 MBProgress (1): 8.2/11 MBProgress (1): 8.2/11 MBProgress (1): 8.2/11 MBProgress (1): 8.2/11 MBProgress (1): 8.3/11 MBProgress (1): 8.3/11 MBProgress (1): 8.3/11 MBProgress (1): 8.3/11 MBProgress (1): 8.3/11 MBProgress (1): 8.3/11 MBProgress (1): 8.3/11 MBProgress (1): 8.4/11 MBProgress (1): 8.4/11 MBProgress (1): 8.4/11 MBProgress (1): 8.4/11 MBProgress (1): 8.4/11 MBProgress (1): 8.4/11 MBProgress (1): 8.5/11 MBProgress (1): 8.5/11 MBProgress (1): 8.5/11 MBProgress (1): 8.5/11 MBProgress (1): 8.5/11 MBProgress (1): 8.5/11 MBProgress (1): 8.6/11 MBProgress (1): 8.6/11 MBProgress (1): 8.6/11 MBProgress (1): 8.6/11 MBProgress (1): 8.6/11 MBProgress (1): 8.6/11 MBProgress (1): 8.7/11 MBProgress (1): 8.7/11 MBProgress (1): 8.7/11 MBProgress (1): 8.7/11 MBProgress (1): 8.7/11 MBProgress (1): 8.7/11 MBProgress (1): 8.8/11 MBProgress (1): 8.8/11 MBProgress (1): 8.8/11 MBProgress (1): 8.8/11 MBProgress (1): 8.8/11 MBProgress (1): 8.8/11 MBProgress (1): 8.9/11 MBProgress (1): 8.9/11 MBProgress (1): 8.9/11 MBProgress (1): 8.9/11 MBProgress (1): 8.9/11 MBProgress (1): 8.9/11 MBProgress (1): 9.0/11 MBProgress (1): 9.0/11 MBProgress (1): 9.0/11 MBProgress (1): 9.0/11 MBProgress (1): 9.0/11 MBProgress (1): 9.0/11 MBProgress (1): 9.0/11 MBProgress (1): 9.1/11 MBProgress (1): 9.1/11 MBProgress (1): 9.1/11 MBProgress (1): 9.1/11 MBProgress (1): 9.1/11 MBProgress (1): 9.1/11 MBProgress (1): 9.2/11 MBProgress (1): 9.2/11 MBProgress (1): 9.2/11 MBProgress (1): 9.2/11 MBProgress (1): 9.2/11 MBProgress (1): 9.2/11 MBProgress (1): 9.3/11 MBProgress (1): 9.3/11 MBProgress (1): 9.3/11 MBProgress (1): 9.3/11 MBProgress (1): 9.3/11 MBProgress (1): 9.3/11 MBProgress (1): 9.4/11 MBProgress (1): 9.4/11 MBProgress (1): 9.4/11 MBProgress (1): 9.4/11 MBProgress (1): 9.4/11 MBProgress (1): 9.4/11 MBProgress (1): 9.5/11 MBProgress (1): 9.5/11 MBProgress (1): 9.5/11 MBProgress (1): 9.5/11 MBProgress (1): 9.5/11 MBProgress (1): 9.5/11 MBProgress (1): 9.6/11 MBProgress (1): 9.6/11 MBProgress (1): 9.6/11 MBProgress (1): 9.6/11 MBProgress (1): 9.6/11 MBProgress (1): 9.6/11 MBProgress (1): 9.7/11 MBProgress (1): 9.7/11 MBProgress (1): 9.7/11 MBProgress (1): 9.7/11 MBProgress (1): 9.7/11 MBProgress (1): 9.7/11 MBProgress (1): 9.7/11 MBProgress (1): 9.8/11 MBProgress (1): 9.8/11 MBProgress (1): 9.8/11 MBProgress (1): 9.8/11 MBProgress (1): 9.8/11 MBProgress (1): 9.8/11 MBProgress (1): 9.9/11 MBProgress (1): 9.9/11 MBProgress (1): 9.9/11 MBProgress (1): 9.9/11 MBProgress (1): 9.9/11 MBProgress (1): 9.9/11 MBProgress (1): 10.0/11 MBProgress (1): 10.0/11 MBProgress (1): 10.0/11 MBProgress (1): 10/11 MB  Progress (1): 10/11 MBProgress (1): 10/11 MBProgress (1): 10/11 MBProgress (1): 10/11 MBProgress (1): 10/11 MBProgress (1): 10/11 MBProgress (1): 10/11 MBProgress (1): 10/11 MBProgress (1): 10/11 MBProgress (1): 10/11 MBProgress (1): 10/11 MBProgress (1): 10/11 MBProgress (1): 10/11 MBProgress (1): 10/11 MBProgress (1): 10/11 MBProgress (1): 10/11 MBProgress (1): 10/11 MBProgress (1): 10/11 MBProgress (1): 10/11 MBProgress (1): 10/11 MBProgress (1): 10/11 MBProgress (1): 10/11 MBProgress (1): 10/11 MBProgress (1): 10/11 MBProgress (1): 10/11 MBProgress (1): 10/11 MBProgress (1): 10/11 MBProgress (1): 10/11 MBProgress (1): 10/11 MBProgress (1): 10/11 MBProgress (1): 11/11 MBProgress (1): 11/11 MBProgress (1): 11/11 MBProgress (1): 11/11 MBProgress (1): 11/11 MBProgress (1): 11/11 MBProgress (1): 11/11 MBProgress (1): 11/11 MBProgress (1): 11/11 MBProgress (1): 11/11 MBProgress (1): 11/11 MBProgress (1): 11/11 MBProgress (1): 11/11 MBProgress (1): 11/11 MBProgress (1): 11/11 MBProgress (1): 11/11 MBProgress (1): 11/11 MBProgress (1): 11/11 MBProgress (1): 11/11 MBProgress (1): 11/11 MBProgress (1): 11/11 MBProgress (1): 11/11 MBProgress (1): 11/11 MBProgress (1): 11/11 MBProgress (1): 11/11 MBProgress (1): 11/11 MBProgress (1): 11/11 MBProgress (1): 11/11 MBProgress (1): 11/11 MBProgress (1): 11/11 MBProgress (1): 11/11 MBProgress (1): 11/11 MBProgress (1): 11/11 MBProgress (1): 11/11 MBProgress (1): 11/11 MBProgress (1): 11/11 MBProgress (1): 11/11 MBProgress (1): 11/11 MBProgress (1): 11/11 MBProgress (1): 11/11 MBProgress (1): 11/11 MBProgress (1): 11/11 MBProgress (1): 11/11 MBProgress (1): 11/11 MBProgress (1): 11/11 MBProgress (1): 11/11 MBProgress (1): 11/11 MBProgress (1): 11 MB                      Downloaded from central: https://repo.maven.apache.org/maven2/org/hibernate/orm/hibernate-core/6.3.1.Final/hibernate-core-6.3.1.Final.jar (11 MB at 7.8 MB/s)
[INFO] 
[INFO] --- jacoco:0.8.11:prepare-agent (default) @ user-service ---
[INFO] argLine set to -javaagent:/home/vscode/.m2/repository/org/jacoco/org.jacoco.agent/0.8.11/org.jacoco.agent-0.8.11-runtime.jar=destfile=/workspaces/FREELANCER-PROJECT/user-service/target/jacoco.exec
[INFO] 
[INFO] --- resources:3.3.1:resources (default-resources) @ user-service ---
[INFO] Copying 1 resource from src/main/resources to target/classes
[INFO] Copying 1 resource from src/main/resources to target/classes
[INFO] 
[INFO] --- compiler:3.11.0:compile (default-compile) @ user-service ---
[INFO] Changes detected - recompiling the module! :source
[INFO] Compiling 21 source files with javac [debug release 17] to target/classes
[INFO] -------------------------------------------------------------
[ERROR] COMPILATION ERROR : 
[INFO] -------------------------------------------------------------
[ERROR] /workspaces/FREELANCER-PROJECT/user-service/src/main/java/com/freelancenexus/userservice/config/SecurityConfig.java:[28,8] class com.freelancenexus.userservice.config.SecurityConfig is already defined in package com.freelancenexus.userservice.config
[ERROR] /workspaces/FREELANCER-PROJECT/user-service/src/main/java/com/freelancenexus/userservice/config/OpenApiConfig.java:[18,2] cannot find symbol
  symbol: class Operation
[ERROR] /workspaces/FREELANCER-PROJECT/user-service/src/main/java/com/freelancenexus/userservice/security/JwtAuthenticationFilter.java:[80,17] cannot find symbol
  symbol:   variable log
  location: class com.freelancenexus.userservice.security.JwtAuthenticationFilter
[ERROR] /workspaces/FREELANCER-PROJECT/user-service/src/main/java/com/freelancenexus/userservice/security/JwtAuthenticationFilter.java:[83,13] cannot find symbol
  symbol:   variable log
  location: class com.freelancenexus.userservice.security.JwtAuthenticationFilter
[ERROR] /workspaces/FREELANCER-PROJECT/user-service/src/main/java/com/freelancenexus/userservice/security/JwtTokenProvider.java:[130,13] cannot find symbol
  symbol:   variable log
  location: class com.freelancenexus.userservice.security.JwtTokenProvider
[ERROR] /workspaces/FREELANCER-PROJECT/user-service/src/main/java/com/freelancenexus/userservice/service/UserService.java:[65,9] cannot find symbol
  symbol:   variable log
  location: class com.freelancenexus.userservice.service.UserService
[ERROR] /workspaces/FREELANCER-PROJECT/user-service/src/main/java/com/freelancenexus/userservice/service/UserService.java:[65,72] cannot find symbol
  symbol:   method getEmail()
  location: variable registrationDTO of type com.freelancenexus.userservice.dto.UserRegistrationDTO
[ERROR] /workspaces/FREELANCER-PROJECT/user-service/src/main/java/com/freelancenexus/userservice/service/UserService.java:[68,57] cannot find symbol
  symbol:   method getEmail()
  location: variable registrationDTO of type com.freelancenexus.userservice.dto.UserRegistrationDTO
[ERROR] /workspaces/FREELANCER-PROJECT/user-service/src/main/java/com/freelancenexus/userservice/service/UserService.java:[69,86] cannot find symbol
  symbol:   method getEmail()
  location: variable registrationDTO of type com.freelancenexus.userservice.dto.UserRegistrationDTO
[ERROR] /workspaces/FREELANCER-PROJECT/user-service/src/main/java/com/freelancenexus/userservice/service/UserService.java:[74,38] cannot find symbol
  symbol:   method getEmail()
  location: variable registrationDTO of type com.freelancenexus.userservice.dto.UserRegistrationDTO
[ERROR] /workspaces/FREELANCER-PROJECT/user-service/src/main/java/com/freelancenexus/userservice/service/UserService.java:[75,64] cannot find symbol
  symbol:   method getPassword()
  location: variable registrationDTO of type com.freelancenexus.userservice.dto.UserRegistrationDTO
[ERROR] /workspaces/FREELANCER-PROJECT/user-service/src/main/java/com/freelancenexus/userservice/service/UserService.java:[76,41] cannot find symbol
  symbol:   method getFullName()
  location: variable registrationDTO of type com.freelancenexus.userservice.dto.UserRegistrationDTO
[ERROR] /workspaces/FREELANCER-PROJECT/user-service/src/main/java/com/freelancenexus/userservice/service/UserService.java:[77,38] cannot find symbol
  symbol:   method getPhone()
  location: variable registrationDTO of type com.freelancenexus.userservice.dto.UserRegistrationDTO
[ERROR] /workspaces/FREELANCER-PROJECT/user-service/src/main/java/com/freelancenexus/userservice/service/UserService.java:[78,37] cannot find symbol
  symbol:   method getRole()
  location: variable registrationDTO of type com.freelancenexus.userservice.dto.UserRegistrationDTO
[ERROR] /workspaces/FREELANCER-PROJECT/user-service/src/main/java/com/freelancenexus/userservice/service/UserService.java:[79,13] cannot find symbol
  symbol:   method setIsActive(boolean)
  location: variable user of type com.freelancenexus.userservice.model.User
[ERROR] /workspaces/FREELANCER-PROJECT/user-service/src/main/java/com/freelancenexus/userservice/service/UserService.java:[80,48] cannot find symbol
  symbol:   method getProfileImageUrl()
  location: variable registrationDTO of type com.freelancenexus.userservice.dto.UserRegistrationDTO
[ERROR] /workspaces/FREELANCER-PROJECT/user-service/src/main/java/com/freelancenexus/userservice/service/UserService.java:[83,9] cannot find symbol
  symbol:   variable log
  location: class com.freelancenexus.userservice.service.UserService
[ERROR] /workspaces/FREELANCER-PROJECT/user-service/src/main/java/com/freelancenexus/userservice/service/UserService.java:[83,71] cannot find symbol
  symbol:   method getId()
  location: variable savedUser of type com.freelancenexus.userservice.model.User
[ERROR] /workspaces/FREELANCER-PROJECT/user-service/src/main/java/com/freelancenexus/userservice/service/UserService.java:[100,9] cannot find symbol
  symbol:   variable log
  location: class com.freelancenexus.userservice.service.UserService
[ERROR] /workspaces/FREELANCER-PROJECT/user-service/src/main/java/com/freelancenexus/userservice/service/UserService.java:[100,64] cannot find symbol
  symbol:   method getEmail()
  location: variable loginDTO of type com.freelancenexus.userservice.dto.UserLoginDTO
[ERROR] /workspaces/FREELANCER-PROJECT/user-service/src/main/java/com/freelancenexus/userservice/service/UserService.java:[103,56] cannot find symbol
  symbol:   method getEmail()
  location: variable loginDTO of type com.freelancenexus.userservice.dto.UserLoginDTO
[ERROR] /workspaces/FREELANCER-PROJECT/user-service/src/main/java/com/freelancenexus/userservice/service/UserService.java:[107,18] cannot find symbol
  symbol:   method getIsActive()
  location: variable user of type com.freelancenexus.userservice.model.User
[ERROR] /workspaces/FREELANCER-PROJECT/user-service/src/main/java/com/freelancenexus/userservice/service/UserService.java:[112,46] cannot find symbol
  symbol:   method getPassword()
  location: variable loginDTO of type com.freelancenexus.userservice.dto.UserLoginDTO
[ERROR] /workspaces/FREELANCER-PROJECT/user-service/src/main/java/com/freelancenexus/userservice/service/UserService.java:[112,66] cannot find symbol
  symbol:   method getPassword()
  location: variable user of type com.freelancenexus.userservice.model.User
[ERROR] /workspaces/FREELANCER-PROJECT/user-service/src/main/java/com/freelancenexus/userservice/service/UserService.java:[118,17] cannot find symbol
  symbol:   method getEmail()
  location: variable user of type com.freelancenexus.userservice.model.User
[ERROR] /workspaces/FREELANCER-PROJECT/user-service/src/main/java/com/freelancenexus/userservice/service/UserService.java:[119,17] cannot find symbol
  symbol:   method getId()
  location: variable user of type com.freelancenexus.userservice.model.User
[ERROR] /workspaces/FREELANCER-PROJECT/user-service/src/main/java/com/freelancenexus/userservice/service/UserService.java:[120,17] cannot find symbol
  symbol:   method getRole()
  location: variable user of type com.freelancenexus.userservice.model.User
[ERROR] /workspaces/FREELANCER-PROJECT/user-service/src/main/java/com/freelancenexus/userservice/service/UserService.java:[125,22] cannot find symbol
  symbol:   method setAccessToken(java.lang.String)
  location: variable loginResponse of type com.freelancenexus.userservice.dto.LoginResponseDTO
[ERROR] /workspaces/FREELANCER-PROJECT/user-service/src/main/java/com/freelancenexus/userservice/service/UserService.java:[126,22] cannot find symbol
  symbol:   method setTokenType(java.lang.String)
  location: variable loginResponse of type com.freelancenexus.userservice.dto.LoginResponseDTO
[ERROR] /workspaces/FREELANCER-PROJECT/user-service/src/main/java/com/freelancenexus/userservice/service/UserService.java:[127,22] cannot find symbol
  symbol:   method setExpiresIn(long)
  location: variable loginResponse of type com.freelancenexus.userservice.dto.LoginResponseDTO
[ERROR] /workspaces/FREELANCER-PROJECT/user-service/src/main/java/com/freelancenexus/userservice/service/UserService.java:[128,22] cannot find symbol
  symbol:   method setUser(com.freelancenexus.userservice.dto.UserResponseDTO)
  location: variable loginResponse of type com.freelancenexus.userservice.dto.LoginResponseDTO
[ERROR] /workspaces/FREELANCER-PROJECT/user-service/src/main/java/com/freelancenexus/userservice/service/UserService.java:[130,9] cannot find symbol
  symbol:   variable log
  location: class com.freelancenexus.userservice.service.UserService
[ERROR] /workspaces/FREELANCER-PROJECT/user-service/src/main/java/com/freelancenexus/userservice/service/UserService.java:[130,65] cannot find symbol
  symbol:   method getEmail()
  location: variable loginDTO of type com.freelancenexus.userservice.dto.UserLoginDTO
[ERROR] /workspaces/FREELANCER-PROJECT/user-service/src/main/java/com/freelancenexus/userservice/service/UserService.java:[171,22] cannot find symbol
  symbol:   method getFullName()
  location: variable updateDTO of type com.freelancenexus.userservice.dto.UserUpdateDTO
[ERROR] /workspaces/FREELANCER-PROJECT/user-service/src/main/java/com/freelancenexus/userservice/service/UserService.java:[172,39] cannot find symbol
  symbol:   method getFullName()
  location: variable updateDTO of type com.freelancenexus.userservice.dto.UserUpdateDTO
[ERROR] /workspaces/FREELANCER-PROJECT/user-service/src/main/java/com/freelancenexus/userservice/service/UserService.java:[174,22] cannot find symbol
  symbol:   method getPhone()
  location: variable updateDTO of type com.freelancenexus.userservice.dto.UserUpdateDTO
[ERROR] /workspaces/FREELANCER-PROJECT/user-service/src/main/java/com/freelancenexus/userservice/service/UserService.java:[175,36] cannot find symbol
  symbol:   method getPhone()
  location: variable updateDTO of type com.freelancenexus.userservice.dto.UserUpdateDTO
[ERROR] /workspaces/FREELANCER-PROJECT/user-service/src/main/java/com/freelancenexus/userservice/service/UserService.java:[177,22] cannot find symbol
  symbol:   method getProfileImageUrl()
  location: variable updateDTO of type com.freelancenexus.userservice.dto.UserUpdateDTO
[ERROR] /workspaces/FREELANCER-PROJECT/user-service/src/main/java/com/freelancenexus/userservice/service/UserService.java:[178,46] cannot find symbol
  symbol:   method getProfileImageUrl()
  location: variable updateDTO of type com.freelancenexus.userservice.dto.UserUpdateDTO
[ERROR] /workspaces/FREELANCER-PROJECT/user-service/src/main/java/com/freelancenexus/userservice/service/UserService.java:[182,9] cannot find symbol
  symbol:   variable log
  location: class com.freelancenexus.userservice.service.UserService
[ERROR] /workspaces/FREELANCER-PROJECT/user-service/src/main/java/com/freelancenexus/userservice/service/UserService.java:[182,63] cannot find symbol
  symbol:   method getId()
  location: variable user of type com.freelancenexus.userservice.model.User
[ERROR] /workspaces/FREELANCER-PROJECT/user-service/src/main/java/com/freelancenexus/userservice/service/UserService.java:[230,9] cannot find symbol
  symbol:   variable log
  location: class com.freelancenexus.userservice.service.UserService
[ERROR] /workspaces/FREELANCER-PROJECT/user-service/src/main/java/com/freelancenexus/userservice/service/UserService.java:[257,23] cannot find symbol
  symbol:   method getId()
  location: variable user of type com.freelancenexus.userservice.model.User
[ERROR] /workspaces/FREELANCER-PROJECT/user-service/src/main/java/com/freelancenexus/userservice/service/UserService.java:[258,26] cannot find symbol
  symbol:   method getEmail()
  location: variable user of type com.freelancenexus.userservice.model.User
[ERROR] /workspaces/FREELANCER-PROJECT/user-service/src/main/java/com/freelancenexus/userservice/service/UserService.java:[259,29] cannot find symbol
  symbol:   method getFullName()
  location: variable user of type com.freelancenexus.userservice.model.User
[ERROR] /workspaces/FREELANCER-PROJECT/user-service/src/main/java/com/freelancenexus/userservice/service/UserService.java:[260,26] cannot find symbol
  symbol:   method getPhone()
  location: variable user of type com.freelancenexus.userservice.model.User
[ERROR] /workspaces/FREELANCER-PROJECT/user-service/src/main/java/com/freelancenexus/userservice/service/UserService.java:[261,25] cannot find symbol
  symbol:   method getRole()
  location: variable user of type com.freelancenexus.userservice.model.User
[ERROR] /workspaces/FREELANCER-PROJECT/user-service/src/main/java/com/freelancenexus/userservice/service/UserService.java:[262,29] cannot find symbol
  symbol:   method getIsActive()
  location: variable user of type com.freelancenexus.userservice.model.User
[ERROR] /workspaces/FREELANCER-PROJECT/user-service/src/main/java/com/freelancenexus/userservice/service/UserService.java:[263,36] cannot find symbol
  symbol:   method getProfileImageUrl()
  location: variable user of type com.freelancenexus.userservice.model.User
[ERROR] /workspaces/FREELANCER-PROJECT/user-service/src/main/java/com/freelancenexus/userservice/service/UserService.java:[264,30] cannot find symbol
  symbol:   method getCreatedAt()
  location: variable user of type com.freelancenexus.userservice.model.User
[ERROR] /workspaces/FREELANCER-PROJECT/user-service/src/main/java/com/freelancenexus/userservice/service/UserService.java:[265,30] cannot find symbol
  symbol:   method getUpdatedAt()
  location: variable user of type com.freelancenexus.userservice.model.User
[ERROR] /workspaces/FREELANCER-PROJECT/user-service/src/main/java/com/freelancenexus/userservice/controller/UserController.java:[51,9] cannot find symbol
  symbol:   variable log
  location: class com.freelancenexus.userservice.controller.UserController
[ERROR] /workspaces/FREELANCER-PROJECT/user-service/src/main/java/com/freelancenexus/userservice/controller/UserController.java:[51,80] cannot find symbol
  symbol:   method getEmail()
  location: variable registrationDTO of type @jakarta.validation.Valid com.freelancenexus.userservice.dto.UserRegistrationDTO
[ERROR] /workspaces/FREELANCER-PROJECT/user-service/src/main/java/com/freelancenexus/userservice/controller/UserController.java:[73,9] cannot find symbol
  symbol:   variable log
  location: class com.freelancenexus.userservice.controller.UserController
[ERROR] /workspaces/FREELANCER-PROJECT/user-service/src/main/java/com/freelancenexus/userservice/controller/UserController.java:[73,66] cannot find symbol
  symbol:   method getEmail()
  location: variable loginDTO of type @jakarta.validation.Valid com.freelancenexus.userservice.dto.UserLoginDTO
[ERROR] /workspaces/FREELANCER-PROJECT/user-service/src/main/java/com/freelancenexus/userservice/controller/UserController.java:[93,9] cannot find symbol
  symbol:   variable log
  location: class com.freelancenexus.userservice.controller.UserController
[ERROR] /workspaces/FREELANCER-PROJECT/user-service/src/main/java/com/freelancenexus/userservice/controller/UserController.java:[119,9] cannot find symbol
  symbol:   variable log
  location: class com.freelancenexus.userservice.controller.UserController
[ERROR] /workspaces/FREELANCER-PROJECT/user-service/src/main/java/com/freelancenexus/userservice/controller/UserController.java:[141,9] cannot find symbol
  symbol:   variable log
  location: class com.freelancenexus.userservice.controller.UserController
[ERROR] /workspaces/FREELANCER-PROJECT/user-service/src/main/java/com/freelancenexus/userservice/controller/UserController.java:[160,9] cannot find symbol
  symbol:   variable log
  location: class com.freelancenexus.userservice.controller.UserController
[ERROR] /workspaces/FREELANCER-PROJECT/user-service/src/main/java/com/freelancenexus/userservice/controller/UserController.java:[181,9] cannot find symbol
  symbol:   variable log
  location: class com.freelancenexus.userservice.controller.UserController
[ERROR] /workspaces/FREELANCER-PROJECT/user-service/src/main/java/com/freelancenexus/userservice/exception/GlobalExceptionHandler.java:[40,9] cannot find symbol
  symbol:   variable log
  location: class com.freelancenexus.userservice.exception.GlobalExceptionHandler
[ERROR] /workspaces/FREELANCER-PROJECT/user-service/src/main/java/com/freelancenexus/userservice/exception/GlobalExceptionHandler.java:[42,39] constructor ErrorResponse in class com.freelancenexus.userservice.exception.ErrorResponse cannot be applied to given types;
  required: no arguments
  found:    java.time.LocalDateTime,int,java.lang.String,java.lang.String,java.lang.String
  reason: actual and formal argument lists differ in length
[ERROR] /workspaces/FREELANCER-PROJECT/user-service/src/main/java/com/freelancenexus/userservice/exception/GlobalExceptionHandler.java:[63,9] cannot find symbol
  symbol:   variable log
  location: class com.freelancenexus.userservice.exception.GlobalExceptionHandler
[ERROR] /workspaces/FREELANCER-PROJECT/user-service/src/main/java/com/freelancenexus/userservice/exception/GlobalExceptionHandler.java:[65,39] constructor ErrorResponse in class com.freelancenexus.userservice.exception.ErrorResponse cannot be applied to given types;
  required: no arguments
  found:    java.time.LocalDateTime,int,java.lang.String,java.lang.String,java.lang.String
  reason: actual and formal argument lists differ in length
[ERROR] /workspaces/FREELANCER-PROJECT/user-service/src/main/java/com/freelancenexus/userservice/exception/GlobalExceptionHandler.java:[86,9] cannot find symbol
  symbol:   variable log
  location: class com.freelancenexus.userservice.exception.GlobalExceptionHandler
[ERROR] /workspaces/FREELANCER-PROJECT/user-service/src/main/java/com/freelancenexus/userservice/exception/GlobalExceptionHandler.java:[88,39] constructor ErrorResponse in class com.freelancenexus.userservice.exception.ErrorResponse cannot be applied to given types;
  required: no arguments
  found:    java.time.LocalDateTime,int,java.lang.String,java.lang.String,java.lang.String
  reason: actual and formal argument lists differ in length
[ERROR] /workspaces/FREELANCER-PROJECT/user-service/src/main/java/com/freelancenexus/userservice/exception/GlobalExceptionHandler.java:[109,9] cannot find symbol
  symbol:   variable log
  location: class com.freelancenexus.userservice.exception.GlobalExceptionHandler
[ERROR] /workspaces/FREELANCER-PROJECT/user-service/src/main/java/com/freelancenexus/userservice/exception/GlobalExceptionHandler.java:[111,39] constructor ErrorResponse in class com.freelancenexus.userservice.exception.ErrorResponse cannot be applied to given types;
  required: no arguments
  found:    java.time.LocalDateTime,int,java.lang.String,java.lang.String,java.lang.String
  reason: actual and formal argument lists differ in length
[ERROR] /workspaces/FREELANCER-PROJECT/user-service/src/main/java/com/freelancenexus/userservice/exception/GlobalExceptionHandler.java:[132,9] cannot find symbol
  symbol:   variable log
  location: class com.freelancenexus.userservice.exception.GlobalExceptionHandler
[ERROR] /workspaces/FREELANCER-PROJECT/user-service/src/main/java/com/freelancenexus/userservice/exception/GlobalExceptionHandler.java:[138,39] constructor ErrorResponse in class com.freelancenexus.userservice.exception.ErrorResponse cannot be applied to given types;
  required: no arguments
  found:    java.time.LocalDateTime,int,java.lang.String,java.lang.String,java.lang.String
  reason: actual and formal argument lists differ in length
[ERROR] /workspaces/FREELANCER-PROJECT/user-service/src/main/java/com/freelancenexus/userservice/exception/GlobalExceptionHandler.java:[159,9] cannot find symbol
  symbol:   variable log
  location: class com.freelancenexus.userservice.exception.GlobalExceptionHandler
[ERROR] /workspaces/FREELANCER-PROJECT/user-service/src/main/java/com/freelancenexus/userservice/exception/GlobalExceptionHandler.java:[161,39] constructor ErrorResponse in class com.freelancenexus.userservice.exception.ErrorResponse cannot be applied to given types;
  required: no arguments
  found:    java.time.LocalDateTime,int,java.lang.String,java.lang.String,java.lang.String
  reason: actual and formal argument lists differ in length
[INFO] 72 errors 
[INFO] -------------------------------------------------------------
[INFO] ------------------------------------------------------------------------
[INFO] BUILD FAILURE
[INFO] ------------------------------------------------------------------------
[INFO] Total time:  8.509 s
[INFO] Finished at: 2025-11-14T14:32:55Z
[INFO] ------------------------------------------------------------------------
[ERROR] Failed to execute goal org.apache.maven.plugins:maven-compiler-plugin:3.11.0:compile (default-compile) on project user-service: Compilation failure: Compilation failure: 
[ERROR] /workspaces/FREELANCER-PROJECT/user-service/src/main/java/com/freelancenexus/userservice/config/SecurityConfig.java:[28,8] class com.freelancenexus.userservice.config.SecurityConfig is already defined in package com.freelancenexus.userservice.config
[ERROR] /workspaces/FREELANCER-PROJECT/user-service/src/main/java/com/freelancenexus/userservice/config/OpenApiConfig.java:[18,2] cannot find symbol
[ERROR]   symbol: class Operation
[ERROR] /workspaces/FREELANCER-PROJECT/user-service/src/main/java/com/freelancenexus/userservice/security/JwtAuthenticationFilter.java:[80,17] cannot find symbol
[ERROR]   symbol:   variable log
[ERROR]   location: class com.freelancenexus.userservice.security.JwtAuthenticationFilter
[ERROR] /workspaces/FREELANCER-PROJECT/user-service/src/main/java/com/freelancenexus/userservice/security/JwtAuthenticationFilter.java:[83,13] cannot find symbol
[ERROR]   symbol:   variable log
[ERROR]   location: class com.freelancenexus.userservice.security.JwtAuthenticationFilter
[ERROR] /workspaces/FREELANCER-PROJECT/user-service/src/main/java/com/freelancenexus/userservice/security/JwtTokenProvider.java:[130,13] cannot find symbol
[ERROR]   symbol:   variable log
[ERROR]   location: class com.freelancenexus.userservice.security.JwtTokenProvider
[ERROR] /workspaces/FREELANCER-PROJECT/user-service/src/main/java/com/freelancenexus/userservice/service/UserService.java:[65,9] cannot find symbol
[ERROR]   symbol:   variable log
[ERROR]   location: class com.freelancenexus.userservice.service.UserService
[ERROR] /workspaces/FREELANCER-PROJECT/user-service/src/main/java/com/freelancenexus/userservice/service/UserService.java:[65,72] cannot find symbol
[ERROR]   symbol:   method getEmail()
[ERROR]   location: variable registrationDTO of type com.freelancenexus.userservice.dto.UserRegistrationDTO
[ERROR] /workspaces/FREELANCER-PROJECT/user-service/src/main/java/com/freelancenexus/userservice/service/UserService.java:[68,57] cannot find symbol
[ERROR]   symbol:   method getEmail()
[ERROR]   location: variable registrationDTO of type com.freelancenexus.userservice.dto.UserRegistrationDTO
[ERROR] /workspaces/FREELANCER-PROJECT/user-service/src/main/java/com/freelancenexus/userservice/service/UserService.java:[69,86] cannot find symbol
[ERROR]   symbol:   method getEmail()
[ERROR]   location: variable registrationDTO of type com.freelancenexus.userservice.dto.UserRegistrationDTO
[ERROR] /workspaces/FREELANCER-PROJECT/user-service/src/main/java/com/freelancenexus/userservice/service/UserService.java:[74,38] cannot find symbol
[ERROR]   symbol:   method getEmail()
[ERROR]   location: variable registrationDTO of type com.freelancenexus.userservice.dto.UserRegistrationDTO
[ERROR] /workspaces/FREELANCER-PROJECT/user-service/src/main/java/com/freelancenexus/userservice/service/UserService.java:[75,64] cannot find symbol
[ERROR]   symbol:   method getPassword()
[ERROR]   location: variable registrationDTO of type com.freelancenexus.userservice.dto.UserRegistrationDTO
[ERROR] /workspaces/FREELANCER-PROJECT/user-service/src/main/java/com/freelancenexus/userservice/service/UserService.java:[76,41] cannot find symbol
[ERROR]   symbol:   method getFullName()
[ERROR]   location: variable registrationDTO of type com.freelancenexus.userservice.dto.UserRegistrationDTO
[ERROR] /workspaces/FREELANCER-PROJECT/user-service/src/main/java/com/freelancenexus/userservice/service/UserService.java:[77,38] cannot find symbol
[ERROR]   symbol:   method getPhone()
[ERROR]   location: variable registrationDTO of type com.freelancenexus.userservice.dto.UserRegistrationDTO
[ERROR] /workspaces/FREELANCER-PROJECT/user-service/src/main/java/com/freelancenexus/userservice/service/UserService.java:[78,37] cannot find symbol
[ERROR]   symbol:   method getRole()
[ERROR]   location: variable registrationDTO of type com.freelancenexus.userservice.dto.UserRegistrationDTO
[ERROR] /workspaces/FREELANCER-PROJECT/user-service/src/main/java/com/freelancenexus/userservice/service/UserService.java:[79,13] cannot find symbol
[ERROR]   symbol:   method setIsActive(boolean)
[ERROR]   location: variable user of type com.freelancenexus.userservice.model.User
[ERROR] /workspaces/FREELANCER-PROJECT/user-service/src/main/java/com/freelancenexus/userservice/service/UserService.java:[80,48] cannot find symbol
[ERROR]   symbol:   method getProfileImageUrl()
[ERROR]   location: variable registrationDTO of type com.freelancenexus.userservice.dto.UserRegistrationDTO
[ERROR] /workspaces/FREELANCER-PROJECT/user-service/src/main/java/com/freelancenexus/userservice/service/UserService.java:[83,9] cannot find symbol
[ERROR]   symbol:   variable log
[ERROR]   location: class com.freelancenexus.userservice.service.UserService
[ERROR] /workspaces/FREELANCER-PROJECT/user-service/src/main/java/com/freelancenexus/userservice/service/UserService.java:[83,71] cannot find symbol
[ERROR]   symbol:   method getId()
[ERROR]   location: variable savedUser of type com.freelancenexus.userservice.model.User
[ERROR] /workspaces/FREELANCER-PROJECT/user-service/src/main/java/com/freelancenexus/userservice/service/UserService.java:[100,9] cannot find symbol
[ERROR]   symbol:   variable log
[ERROR]   location: class com.freelancenexus.userservice.service.UserService
[ERROR] /workspaces/FREELANCER-PROJECT/user-service/src/main/java/com/freelancenexus/userservice/service/UserService.java:[100,64] cannot find symbol
[ERROR]   symbol:   method getEmail()
[ERROR]   location: variable loginDTO of type com.freelancenexus.userservice.dto.UserLoginDTO
[ERROR] /workspaces/FREELANCER-PROJECT/user-service/src/main/java/com/freelancenexus/userservice/service/UserService.java:[103,56] cannot find symbol
[ERROR]   symbol:   method getEmail()
[ERROR]   location: variable loginDTO of type com.freelancenexus.userservice.dto.UserLoginDTO
[ERROR] /workspaces/FREELANCER-PROJECT/user-service/src/main/java/com/freelancenexus/userservice/service/UserService.java:[107,18] cannot find symbol
[ERROR]   symbol:   method getIsActive()
[ERROR]   location: variable user of type com.freelancenexus.userservice.model.User
[ERROR] /workspaces/FREELANCER-PROJECT/user-service/src/main/java/com/freelancenexus/userservice/service/UserService.java:[112,46] cannot find symbol
[ERROR]   symbol:   method getPassword()
[ERROR]   location: variable loginDTO of type com.freelancenexus.userservice.dto.UserLoginDTO
[ERROR] /workspaces/FREELANCER-PROJECT/user-service/src/main/java/com/freelancenexus/userservice/service/UserService.java:[112,66] cannot find symbol
[ERROR]   symbol:   method getPassword()
[ERROR]   location: variable user of type com.freelancenexus.userservice.model.User
[ERROR] /workspaces/FREELANCER-PROJECT/user-service/src/main/java/com/freelancenexus/userservice/service/UserService.java:[118,17] cannot find symbol
[ERROR]   symbol:   method getEmail()
[ERROR]   location: variable user of type com.freelancenexus.userservice.model.User
[ERROR] /workspaces/FREELANCER-PROJECT/user-service/src/main/java/com/freelancenexus/userservice/service/UserService.java:[119,17] cannot find symbol
[ERROR]   symbol:   method getId()
[ERROR]   location: variable user of type com.freelancenexus.userservice.model.User
[ERROR] /workspaces/FREELANCER-PROJECT/user-service/src/main/java/com/freelancenexus/userservice/service/UserService.java:[120,17] cannot find symbol
[ERROR]   symbol:   method getRole()
[ERROR]   location: variable user of type com.freelancenexus.userservice.model.User
[ERROR] /workspaces/FREELANCER-PROJECT/user-service/src/main/java/com/freelancenexus/userservice/service/UserService.java:[125,22] cannot find symbol
[ERROR]   symbol:   method setAccessToken(java.lang.String)
[ERROR]   location: variable loginResponse of type com.freelancenexus.userservice.dto.LoginResponseDTO
[ERROR] /workspaces/FREELANCER-PROJECT/user-service/src/main/java/com/freelancenexus/userservice/service/UserService.java:[126,22] cannot find symbol
[ERROR]   symbol:   method setTokenType(java.lang.String)
[ERROR]   location: variable loginResponse of type com.freelancenexus.userservice.dto.LoginResponseDTO
[ERROR] /workspaces/FREELANCER-PROJECT/user-service/src/main/java/com/freelancenexus/userservice/service/UserService.java:[127,22] cannot find symbol
[ERROR]   symbol:   method setExpiresIn(long)
[ERROR]   location: variable loginResponse of type com.freelancenexus.userservice.dto.LoginResponseDTO
[ERROR] /workspaces/FREELANCER-PROJECT/user-service/src/main/java/com/freelancenexus/userservice/service/UserService.java:[128,22] cannot find symbol
[ERROR]   symbol:   method setUser(com.freelancenexus.userservice.dto.UserResponseDTO)
[ERROR]   location: variable loginResponse of type com.freelancenexus.userservice.dto.LoginResponseDTO
[ERROR] /workspaces/FREELANCER-PROJECT/user-service/src/main/java/com/freelancenexus/userservice/service/UserService.java:[130,9] cannot find symbol
[ERROR]   symbol:   variable log
[ERROR]   location: class com.freelancenexus.userservice.service.UserService
[ERROR] /workspaces/FREELANCER-PROJECT/user-service/src/main/java/com/freelancenexus/userservice/service/UserService.java:[130,65] cannot find symbol
[ERROR]   symbol:   method getEmail()
[ERROR]   location: variable loginDTO of type com.freelancenexus.userservice.dto.UserLoginDTO
[ERROR] /workspaces/FREELANCER-PROJECT/user-service/src/main/java/com/freelancenexus/userservice/service/UserService.java:[171,22] cannot find symbol
[ERROR]   symbol:   method getFullName()
[ERROR]   location: variable updateDTO of type com.freelancenexus.userservice.dto.UserUpdateDTO
[ERROR] /workspaces/FREELANCER-PROJECT/user-service/src/main/java/com/freelancenexus/userservice/service/UserService.java:[172,39] cannot find symbol
[ERROR]   symbol:   method getFullName()
[ERROR]   location: variable updateDTO of type com.freelancenexus.userservice.dto.UserUpdateDTO
[ERROR] /workspaces/FREELANCER-PROJECT/user-service/src/main/java/com/freelancenexus/userservice/service/UserService.java:[174,22] cannot find symbol
[ERROR]   symbol:   method getPhone()
[ERROR]   location: variable updateDTO of type com.freelancenexus.userservice.dto.UserUpdateDTO
[ERROR] /workspaces/FREELANCER-PROJECT/user-service/src/main/java/com/freelancenexus/userservice/service/UserService.java:[175,36] cannot find symbol
[ERROR]   symbol:   method getPhone()
[ERROR]   location: variable updateDTO of type com.freelancenexus.userservice.dto.UserUpdateDTO
[ERROR] /workspaces/FREELANCER-PROJECT/user-service/src/main/java/com/freelancenexus/userservice/service/UserService.java:[177,22] cannot find symbol
[ERROR]   symbol:   method getProfileImageUrl()
[ERROR]   location: variable updateDTO of type com.freelancenexus.userservice.dto.UserUpdateDTO
[ERROR] /workspaces/FREELANCER-PROJECT/user-service/src/main/java/com/freelancenexus/userservice/service/UserService.java:[178,46] cannot find symbol
[ERROR]   symbol:   method getProfileImageUrl()
[ERROR]   location: variable updateDTO of type com.freelancenexus.userservice.dto.UserUpdateDTO
[ERROR] /workspaces/FREELANCER-PROJECT/user-service/src/main/java/com/freelancenexus/userservice/service/UserService.java:[182,9] cannot find symbol
[ERROR]   symbol:   variable log
[ERROR]   location: class com.freelancenexus.userservice.service.UserService
[ERROR] /workspaces/FREELANCER-PROJECT/user-service/src/main/java/com/freelancenexus/userservice/service/UserService.java:[182,63] cannot find symbol
[ERROR]   symbol:   method getId()
[ERROR]   location: variable user of type com.freelancenexus.userservice.model.User
[ERROR] /workspaces/FREELANCER-PROJECT/user-service/src/main/java/com/freelancenexus/userservice/service/UserService.java:[230,9] cannot find symbol
[ERROR]   symbol:   variable log
[ERROR]   location: class com.freelancenexus.userservice.service.UserService
[ERROR] /workspaces/FREELANCER-PROJECT/user-service/src/main/java/com/freelancenexus/userservice/service/UserService.java:[257,23] cannot find symbol
[ERROR]   symbol:   method getId()
[ERROR]   location: variable user of type com.freelancenexus.userservice.model.User
[ERROR] /workspaces/FREELANCER-PROJECT/user-service/src/main/java/com/freelancenexus/userservice/service/UserService.java:[258,26] cannot find symbol
[ERROR]   symbol:   method getEmail()
[ERROR]   location: variable user of type com.freelancenexus.userservice.model.User
[ERROR] /workspaces/FREELANCER-PROJECT/user-service/src/main/java/com/freelancenexus/userservice/service/UserService.java:[259,29] cannot find symbol
[ERROR]   symbol:   method getFullName()
[ERROR]   location: variable user of type com.freelancenexus.userservice.model.User
[ERROR] /workspaces/FREELANCER-PROJECT/user-service/src/main/java/com/freelancenexus/userservice/service/UserService.java:[260,26] cannot find symbol
[ERROR]   symbol:   method getPhone()
[ERROR]   location: variable user of type com.freelancenexus.userservice.model.User
[ERROR] /workspaces/FREELANCER-PROJECT/user-service/src/main/java/com/freelancenexus/userservice/service/UserService.java:[261,25] cannot find symbol
[ERROR]   symbol:   method getRole()
[ERROR]   location: variable user of type com.freelancenexus.userservice.model.User
[ERROR] /workspaces/FREELANCER-PROJECT/user-service/src/main/java/com/freelancenexus/userservice/service/UserService.java:[262,29] cannot find symbol
[ERROR]   symbol:   method getIsActive()
[ERROR]   location: variable user of type com.freelancenexus.userservice.model.User
[ERROR] /workspaces/FREELANCER-PROJECT/user-service/src/main/java/com/freelancenexus/userservice/service/UserService.java:[263,36] cannot find symbol
[ERROR]   symbol:   method getProfileImageUrl()
[ERROR]   location: variable user of type com.freelancenexus.userservice.model.User
[ERROR] /workspaces/FREELANCER-PROJECT/user-service/src/main/java/com/freelancenexus/userservice/service/UserService.java:[264,30] cannot find symbol
[ERROR]   symbol:   method getCreatedAt()
[ERROR]   location: variable user of type com.freelancenexus.userservice.model.User
[ERROR] /workspaces/FREELANCER-PROJECT/user-service/src/main/java/com/freelancenexus/userservice/service/UserService.java:[265,30] cannot find symbol
[ERROR]   symbol:   method getUpdatedAt()
[ERROR]   location: variable user of type com.freelancenexus.userservice.model.User
[ERROR] /workspaces/FREELANCER-PROJECT/user-service/src/main/java/com/freelancenexus/userservice/controller/UserController.java:[51,9] cannot find symbol
[ERROR]   symbol:   variable log
[ERROR]   location: class com.freelancenexus.userservice.controller.UserController
[ERROR] /workspaces/FREELANCER-PROJECT/user-service/src/main/java/com/freelancenexus/userservice/controller/UserController.java:[51,80] cannot find symbol
[ERROR]   symbol:   method getEmail()
[ERROR]   location: variable registrationDTO of type @jakarta.validation.Valid com.freelancenexus.userservice.dto.UserRegistrationDTO
[ERROR] /workspaces/FREELANCER-PROJECT/user-service/src/main/java/com/freelancenexus/userservice/controller/UserController.java:[73,9] cannot find symbol
[ERROR]   symbol:   variable log
[ERROR]   location: class com.freelancenexus.userservice.controller.UserController
[ERROR] /workspaces/FREELANCER-PROJECT/user-service/src/main/java/com/freelancenexus/userservice/controller/UserController.java:[73,66] cannot find symbol
[ERROR]   symbol:   method getEmail()
[ERROR]   location: variable loginDTO of type @jakarta.validation.Valid com.freelancenexus.userservice.dto.UserLoginDTO
[ERROR] /workspaces/FREELANCER-PROJECT/user-service/src/main/java/com/freelancenexus/userservice/controller/UserController.java:[93,9] cannot find symbol
[ERROR]   symbol:   variable log
[ERROR]   location: class com.freelancenexus.userservice.controller.UserController
[ERROR] /workspaces/FREELANCER-PROJECT/user-service/src/main/java/com/freelancenexus/userservice/controller/UserController.java:[119,9] cannot find symbol
[ERROR]   symbol:   variable log
[ERROR]   location: class com.freelancenexus.userservice.controller.UserController
[ERROR] /workspaces/FREELANCER-PROJECT/user-service/src/main/java/com/freelancenexus/userservice/controller/UserController.java:[141,9] cannot find symbol
[ERROR]   symbol:   variable log
[ERROR]   location: class com.freelancenexus.userservice.controller.UserController
[ERROR] /workspaces/FREELANCER-PROJECT/user-service/src/main/java/com/freelancenexus/userservice/controller/UserController.java:[160,9] cannot find symbol
[ERROR]   symbol:   variable log
[ERROR]   location: class com.freelancenexus.userservice.controller.UserController
[ERROR] /workspaces/FREELANCER-PROJECT/user-service/src/main/java/com/freelancenexus/userservice/controller/UserController.java:[181,9] cannot find symbol
[ERROR]   symbol:   variable log
[ERROR]   location: class com.freelancenexus.userservice.controller.UserController
[ERROR] /workspaces/FREELANCER-PROJECT/user-service/src/main/java/com/freelancenexus/userservice/exception/GlobalExceptionHandler.java:[40,9] cannot find symbol
[ERROR]   symbol:   variable log
[ERROR]   location: class com.freelancenexus.userservice.exception.GlobalExceptionHandler
[ERROR] /workspaces/FREELANCER-PROJECT/user-service/src/main/java/com/freelancenexus/userservice/exception/GlobalExceptionHandler.java:[42,39] constructor ErrorResponse in class com.freelancenexus.userservice.exception.ErrorResponse cannot be applied to given types;
[ERROR]   required: no arguments
[ERROR]   found:    java.time.LocalDateTime,int,java.lang.String,java.lang.String,java.lang.String
[ERROR]   reason: actual and formal argument lists differ in length
[ERROR] /workspaces/FREELANCER-PROJECT/user-service/src/main/java/com/freelancenexus/userservice/exception/GlobalExceptionHandler.java:[63,9] cannot find symbol
[ERROR]   symbol:   variable log
[ERROR]   location: class com.freelancenexus.userservice.exception.GlobalExceptionHandler
[ERROR] /workspaces/FREELANCER-PROJECT/user-service/src/main/java/com/freelancenexus/userservice/exception/GlobalExceptionHandler.java:[65,39] constructor ErrorResponse in class com.freelancenexus.userservice.exception.ErrorResponse cannot be applied to given types;
[ERROR]   required: no arguments
[ERROR]   found:    java.time.LocalDateTime,int,java.lang.String,java.lang.String,java.lang.String
[ERROR]   reason: actual and formal argument lists differ in length
[ERROR] /workspaces/FREELANCER-PROJECT/user-service/src/main/java/com/freelancenexus/userservice/exception/GlobalExceptionHandler.java:[86,9] cannot find symbol
[ERROR]   symbol:   variable log
[ERROR]   location: class com.freelancenexus.userservice.exception.GlobalExceptionHandler
[ERROR] /workspaces/FREELANCER-PROJECT/user-service/src/main/java/com/freelancenexus/userservice/exception/GlobalExceptionHandler.java:[88,39] constructor ErrorResponse in class com.freelancenexus.userservice.exception.ErrorResponse cannot be applied to given types;
[ERROR]   required: no arguments
[ERROR]   found:    java.time.LocalDateTime,int,java.lang.String,java.lang.String,java.lang.String
[ERROR]   reason: actual and formal argument lists differ in length
[ERROR] /workspaces/FREELANCER-PROJECT/user-service/src/main/java/com/freelancenexus/userservice/exception/GlobalExceptionHandler.java:[109,9] cannot find symbol
[ERROR]   symbol:   variable log
[ERROR]   location: class com.freelancenexus.userservice.exception.GlobalExceptionHandler
[ERROR] /workspaces/FREELANCER-PROJECT/user-service/src/main/java/com/freelancenexus/userservice/exception/GlobalExceptionHandler.java:[111,39] constructor ErrorResponse in class com.freelancenexus.userservice.exception.ErrorResponse cannot be applied to given types;
[ERROR]   required: no arguments
[ERROR]   found:    java.time.LocalDateTime,int,java.lang.String,java.lang.String,java.lang.String
[ERROR]   reason: actual and formal argument lists differ in length
[ERROR] /workspaces/FREELANCER-PROJECT/user-service/src/main/java/com/freelancenexus/userservice/exception/GlobalExceptionHandler.java:[132,9] cannot find symbol
[ERROR]   symbol:   variable log
[ERROR]   location: class com.freelancenexus.userservice.exception.GlobalExceptionHandler
[ERROR] /workspaces/FREELANCER-PROJECT/user-service/src/main/java/com/freelancenexus/userservice/exception/GlobalExceptionHandler.java:[138,39] constructor ErrorResponse in class com.freelancenexus.userservice.exception.ErrorResponse cannot be applied to given types;
[ERROR]   required: no arguments
[ERROR]   found:    java.time.LocalDateTime,int,java.lang.String,java.lang.String,java.lang.String
[ERROR]   reason: actual and formal argument lists differ in length
[ERROR] /workspaces/FREELANCER-PROJECT/user-service/src/main/java/com/freelancenexus/userservice/exception/GlobalExceptionHandler.java:[159,9] cannot find symbol
[ERROR]   symbol:   variable log
[ERROR]   location: class com.freelancenexus.userservice.exception.GlobalExceptionHandler
[ERROR] /workspaces/FREELANCER-PROJECT/user-service/src/main/java/com/freelancenexus/userservice/exception/GlobalExceptionHandler.java:[161,39] constructor ErrorResponse in class com.freelancenexus.userservice.exception.ErrorResponse cannot be applied to given types;
[ERROR]   required: no arguments
[ERROR]   found:    java.time.LocalDateTime,int,java.lang.String,java.lang.String,java.lang.String
[ERROR]   reason: actual and formal argument lists differ in length
[ERROR] -> [Help 1]
[ERROR] 
[ERROR] To see the full stack trace of the errors, re-run Maven with the -e switch.
[ERROR] Re-run Maven using the -X switch to enable full debug logging.
[ERROR] 
[ERROR] For more information about the errors and possible solutions, please read the following articles:
[ERROR] [Help 1] http://cwiki.apache.org/confluence/display/MAVEN/MojoFailureException
